ARM GAS  C:\Users\sur\AppData\Local\Temp\ccc2q9YV.s 			page 1


   1              		.syntax unified
   2              		.cpu cortex-m0
   3              		.fpu softvfp
   4              		.eabi_attribute 20, 1
   5              		.eabi_attribute 21, 1
   6              		.eabi_attribute 23, 3
   7              		.eabi_attribute 24, 1
   8              		.eabi_attribute 25, 1
   9              		.eabi_attribute 26, 1
  10              		.eabi_attribute 30, 6
  11              		.eabi_attribute 34, 0
  12              		.eabi_attribute 18, 4
  13              		.thumb
  14              		.syntax unified
  15              		.file	"GLCD_Font.c"
  16              		.text
  17              	.Ltext0:
  18              		.cfi_sections	.debug_frame
  19              		.global	GLCD_FONT8x16
  20              		.section	.rodata
  21              		.align	2
  22              		.type	GLCD_FONT8x16, %object
  23              		.size	GLCD_FONT8x16, 1552
  24              	GLCD_FONT8x16:
  25 0000 08       		.byte	8
  26 0001 10       		.byte	16
  27 0002 10       		.byte	16
  28 0003 00       		.byte	0
  29 0004 00       		.byte	0
  30 0005 00       		.byte	0
  31 0006 00       		.byte	0
  32 0007 00       		.byte	0
  33 0008 00       		.byte	0
  34 0009 00       		.byte	0
  35 000a 00       		.byte	0
  36 000b 00       		.byte	0
  37 000c 00       		.byte	0
  38 000d 00       		.byte	0
  39 000e 00       		.byte	0
  40 000f 00       		.byte	0
  41 0010 08       		.byte	8
  42 0011 10       		.byte	16
  43 0012 10       		.byte	16
  44 0013 00       		.byte	0
  45 0014 00       		.byte	0
  46 0015 00       		.byte	0
  47 0016 00       		.byte	0
  48 0017 00       		.byte	0
  49 0018 00       		.byte	0
  50 0019 00       		.byte	0
  51 001a 00       		.byte	0
  52 001b 00       		.byte	0
  53 001c 00       		.byte	0
  54 001d 00       		.byte	0
  55 001e 00       		.byte	0
  56 001f 00       		.byte	0
  57 0020 00       		.byte	0
ARM GAS  C:\Users\sur\AppData\Local\Temp\ccc2q9YV.s 			page 2


  58 0021 00       		.byte	0
  59 0022 00       		.byte	0
  60 0023 00       		.byte	0
  61 0024 00       		.byte	0
  62 0025 00       		.byte	0
  63 0026 00       		.byte	0
  64 0027 00       		.byte	0
  65 0028 00       		.byte	0
  66 0029 00       		.byte	0
  67 002a 00       		.byte	0
  68 002b 00       		.byte	0
  69 002c 00       		.byte	0
  70 002d 00       		.byte	0
  71 002e 00       		.byte	0
  72 002f 00       		.byte	0
  73 0030 00       		.byte	0
  74 0031 00       		.byte	0
  75 0032 18       		.byte	24
  76 0033 3C       		.byte	60
  77 0034 3C       		.byte	60
  78 0035 3C       		.byte	60
  79 0036 18       		.byte	24
  80 0037 18       		.byte	24
  81 0038 18       		.byte	24
  82 0039 00       		.byte	0
  83 003a 18       		.byte	24
  84 003b 18       		.byte	24
  85 003c 00       		.byte	0
  86 003d 00       		.byte	0
  87 003e 00       		.byte	0
  88 003f 00       		.byte	0
  89 0040 00       		.byte	0
  90 0041 63       		.byte	99
  91 0042 63       		.byte	99
  92 0043 63       		.byte	99
  93 0044 22       		.byte	34
  94 0045 00       		.byte	0
  95 0046 00       		.byte	0
  96 0047 00       		.byte	0
  97 0048 00       		.byte	0
  98 0049 00       		.byte	0
  99 004a 00       		.byte	0
 100 004b 00       		.byte	0
 101 004c 00       		.byte	0
 102 004d 00       		.byte	0
 103 004e 00       		.byte	0
 104 004f 00       		.byte	0
 105 0050 00       		.byte	0
 106 0051 00       		.byte	0
 107 0052 00       		.byte	0
 108 0053 36       		.byte	54
 109 0054 36       		.byte	54
 110 0055 7F       		.byte	127
 111 0056 36       		.byte	54
 112 0057 36       		.byte	54
 113 0058 36       		.byte	54
 114 0059 7F       		.byte	127
ARM GAS  C:\Users\sur\AppData\Local\Temp\ccc2q9YV.s 			page 3


 115 005a 36       		.byte	54
 116 005b 36       		.byte	54
 117 005c 00       		.byte	0
 118 005d 00       		.byte	0
 119 005e 00       		.byte	0
 120 005f 00       		.byte	0
 121 0060 0C       		.byte	12
 122 0061 0C       		.byte	12
 123 0062 3E       		.byte	62
 124 0063 63       		.byte	99
 125 0064 61       		.byte	97
 126 0065 60       		.byte	96
 127 0066 3E       		.byte	62
 128 0067 03       		.byte	3
 129 0068 03       		.byte	3
 130 0069 43       		.byte	67
 131 006a 63       		.byte	99
 132 006b 3E       		.byte	62
 133 006c 0C       		.byte	12
 134 006d 0C       		.byte	12
 135 006e 00       		.byte	0
 136 006f 00       		.byte	0
 137 0070 00       		.byte	0
 138 0071 00       		.byte	0
 139 0072 00       		.byte	0
 140 0073 00       		.byte	0
 141 0074 00       		.byte	0
 142 0075 61       		.byte	97
 143 0076 63       		.byte	99
 144 0077 06       		.byte	6
 145 0078 0C       		.byte	12
 146 0079 18       		.byte	24
 147 007a 33       		.byte	51
 148 007b 63       		.byte	99
 149 007c 00       		.byte	0
 150 007d 00       		.byte	0
 151 007e 00       		.byte	0
 152 007f 00       		.byte	0
 153 0080 00       		.byte	0
 154 0081 00       		.byte	0
 155 0082 00       		.byte	0
 156 0083 1C       		.byte	28
 157 0084 36       		.byte	54
 158 0085 36       		.byte	54
 159 0086 1C       		.byte	28
 160 0087 3B       		.byte	59
 161 0088 6E       		.byte	110
 162 0089 66       		.byte	102
 163 008a 66       		.byte	102
 164 008b 3B       		.byte	59
 165 008c 00       		.byte	0
 166 008d 00       		.byte	0
 167 008e 00       		.byte	0
 168 008f 00       		.byte	0
 169 0090 00       		.byte	0
 170 0091 30       		.byte	48
 171 0092 30       		.byte	48
ARM GAS  C:\Users\sur\AppData\Local\Temp\ccc2q9YV.s 			page 4


 172 0093 30       		.byte	48
 173 0094 60       		.byte	96
 174 0095 00       		.byte	0
 175 0096 00       		.byte	0
 176 0097 00       		.byte	0
 177 0098 00       		.byte	0
 178 0099 00       		.byte	0
 179 009a 00       		.byte	0
 180 009b 00       		.byte	0
 181 009c 00       		.byte	0
 182 009d 00       		.byte	0
 183 009e 00       		.byte	0
 184 009f 00       		.byte	0
 185 00a0 00       		.byte	0
 186 00a1 00       		.byte	0
 187 00a2 0C       		.byte	12
 188 00a3 18       		.byte	24
 189 00a4 18       		.byte	24
 190 00a5 30       		.byte	48
 191 00a6 30       		.byte	48
 192 00a7 30       		.byte	48
 193 00a8 30       		.byte	48
 194 00a9 18       		.byte	24
 195 00aa 18       		.byte	24
 196 00ab 0C       		.byte	12
 197 00ac 00       		.byte	0
 198 00ad 00       		.byte	0
 199 00ae 00       		.byte	0
 200 00af 00       		.byte	0
 201 00b0 00       		.byte	0
 202 00b1 00       		.byte	0
 203 00b2 18       		.byte	24
 204 00b3 0C       		.byte	12
 205 00b4 0C       		.byte	12
 206 00b5 06       		.byte	6
 207 00b6 06       		.byte	6
 208 00b7 06       		.byte	6
 209 00b8 06       		.byte	6
 210 00b9 0C       		.byte	12
 211 00ba 0C       		.byte	12
 212 00bb 18       		.byte	24
 213 00bc 00       		.byte	0
 214 00bd 00       		.byte	0
 215 00be 00       		.byte	0
 216 00bf 00       		.byte	0
 217 00c0 00       		.byte	0
 218 00c1 00       		.byte	0
 219 00c2 00       		.byte	0
 220 00c3 00       		.byte	0
 221 00c4 42       		.byte	66
 222 00c5 66       		.byte	102
 223 00c6 3C       		.byte	60
 224 00c7 FF       		.byte	-1
 225 00c8 3C       		.byte	60
 226 00c9 66       		.byte	102
 227 00ca 42       		.byte	66
 228 00cb 00       		.byte	0
ARM GAS  C:\Users\sur\AppData\Local\Temp\ccc2q9YV.s 			page 5


 229 00cc 00       		.byte	0
 230 00cd 00       		.byte	0
 231 00ce 00       		.byte	0
 232 00cf 00       		.byte	0
 233 00d0 00       		.byte	0
 234 00d1 00       		.byte	0
 235 00d2 00       		.byte	0
 236 00d3 00       		.byte	0
 237 00d4 18       		.byte	24
 238 00d5 18       		.byte	24
 239 00d6 18       		.byte	24
 240 00d7 FF       		.byte	-1
 241 00d8 18       		.byte	24
 242 00d9 18       		.byte	24
 243 00da 18       		.byte	24
 244 00db 00       		.byte	0
 245 00dc 00       		.byte	0
 246 00dd 00       		.byte	0
 247 00de 00       		.byte	0
 248 00df 00       		.byte	0
 249 00e0 00       		.byte	0
 250 00e1 00       		.byte	0
 251 00e2 00       		.byte	0
 252 00e3 00       		.byte	0
 253 00e4 00       		.byte	0
 254 00e5 00       		.byte	0
 255 00e6 00       		.byte	0
 256 00e7 00       		.byte	0
 257 00e8 00       		.byte	0
 258 00e9 00       		.byte	0
 259 00ea 18       		.byte	24
 260 00eb 18       		.byte	24
 261 00ec 18       		.byte	24
 262 00ed 30       		.byte	48
 263 00ee 00       		.byte	0
 264 00ef 00       		.byte	0
 265 00f0 00       		.byte	0
 266 00f1 00       		.byte	0
 267 00f2 00       		.byte	0
 268 00f3 00       		.byte	0
 269 00f4 00       		.byte	0
 270 00f5 00       		.byte	0
 271 00f6 00       		.byte	0
 272 00f7 FF       		.byte	-1
 273 00f8 00       		.byte	0
 274 00f9 00       		.byte	0
 275 00fa 00       		.byte	0
 276 00fb 00       		.byte	0
 277 00fc 00       		.byte	0
 278 00fd 00       		.byte	0
 279 00fe 00       		.byte	0
 280 00ff 00       		.byte	0
 281 0100 00       		.byte	0
 282 0101 00       		.byte	0
 283 0102 00       		.byte	0
 284 0103 00       		.byte	0
 285 0104 00       		.byte	0
ARM GAS  C:\Users\sur\AppData\Local\Temp\ccc2q9YV.s 			page 6


 286 0105 00       		.byte	0
 287 0106 00       		.byte	0
 288 0107 00       		.byte	0
 289 0108 00       		.byte	0
 290 0109 00       		.byte	0
 291 010a 18       		.byte	24
 292 010b 18       		.byte	24
 293 010c 00       		.byte	0
 294 010d 00       		.byte	0
 295 010e 00       		.byte	0
 296 010f 00       		.byte	0
 297 0110 00       		.byte	0
 298 0111 00       		.byte	0
 299 0112 01       		.byte	1
 300 0113 03       		.byte	3
 301 0114 07       		.byte	7
 302 0115 0E       		.byte	14
 303 0116 1C       		.byte	28
 304 0117 38       		.byte	56
 305 0118 70       		.byte	112
 306 0119 E0       		.byte	-32
 307 011a C0       		.byte	-64
 308 011b 80       		.byte	-128
 309 011c 00       		.byte	0
 310 011d 00       		.byte	0
 311 011e 00       		.byte	0
 312 011f 00       		.byte	0
 313 0120 00       		.byte	0
 314 0121 00       		.byte	0
 315 0122 3E       		.byte	62
 316 0123 63       		.byte	99
 317 0124 63       		.byte	99
 318 0125 63       		.byte	99
 319 0126 6B       		.byte	107
 320 0127 6B       		.byte	107
 321 0128 63       		.byte	99
 322 0129 63       		.byte	99
 323 012a 63       		.byte	99
 324 012b 3E       		.byte	62
 325 012c 00       		.byte	0
 326 012d 00       		.byte	0
 327 012e 00       		.byte	0
 328 012f 00       		.byte	0
 329 0130 00       		.byte	0
 330 0131 00       		.byte	0
 331 0132 0C       		.byte	12
 332 0133 1C       		.byte	28
 333 0134 3C       		.byte	60
 334 0135 0C       		.byte	12
 335 0136 0C       		.byte	12
 336 0137 0C       		.byte	12
 337 0138 0C       		.byte	12
 338 0139 0C       		.byte	12
 339 013a 0C       		.byte	12
 340 013b 3F       		.byte	63
 341 013c 00       		.byte	0
 342 013d 00       		.byte	0
ARM GAS  C:\Users\sur\AppData\Local\Temp\ccc2q9YV.s 			page 7


 343 013e 00       		.byte	0
 344 013f 00       		.byte	0
 345 0140 00       		.byte	0
 346 0141 00       		.byte	0
 347 0142 3E       		.byte	62
 348 0143 63       		.byte	99
 349 0144 03       		.byte	3
 350 0145 06       		.byte	6
 351 0146 0C       		.byte	12
 352 0147 18       		.byte	24
 353 0148 30       		.byte	48
 354 0149 61       		.byte	97
 355 014a 63       		.byte	99
 356 014b 7F       		.byte	127
 357 014c 00       		.byte	0
 358 014d 00       		.byte	0
 359 014e 00       		.byte	0
 360 014f 00       		.byte	0
 361 0150 00       		.byte	0
 362 0151 00       		.byte	0
 363 0152 3E       		.byte	62
 364 0153 63       		.byte	99
 365 0154 03       		.byte	3
 366 0155 03       		.byte	3
 367 0156 1E       		.byte	30
 368 0157 03       		.byte	3
 369 0158 03       		.byte	3
 370 0159 03       		.byte	3
 371 015a 63       		.byte	99
 372 015b 3E       		.byte	62
 373 015c 00       		.byte	0
 374 015d 00       		.byte	0
 375 015e 00       		.byte	0
 376 015f 00       		.byte	0
 377 0160 00       		.byte	0
 378 0161 00       		.byte	0
 379 0162 06       		.byte	6
 380 0163 0E       		.byte	14
 381 0164 1E       		.byte	30
 382 0165 36       		.byte	54
 383 0166 66       		.byte	102
 384 0167 66       		.byte	102
 385 0168 7F       		.byte	127
 386 0169 06       		.byte	6
 387 016a 06       		.byte	6
 388 016b 0F       		.byte	15
 389 016c 00       		.byte	0
 390 016d 00       		.byte	0
 391 016e 00       		.byte	0
 392 016f 00       		.byte	0
 393 0170 00       		.byte	0
 394 0171 00       		.byte	0
 395 0172 7F       		.byte	127
 396 0173 60       		.byte	96
 397 0174 60       		.byte	96
 398 0175 60       		.byte	96
 399 0176 7E       		.byte	126
ARM GAS  C:\Users\sur\AppData\Local\Temp\ccc2q9YV.s 			page 8


 400 0177 03       		.byte	3
 401 0178 03       		.byte	3
 402 0179 63       		.byte	99
 403 017a 73       		.byte	115
 404 017b 3E       		.byte	62
 405 017c 00       		.byte	0
 406 017d 00       		.byte	0
 407 017e 00       		.byte	0
 408 017f 00       		.byte	0
 409 0180 00       		.byte	0
 410 0181 00       		.byte	0
 411 0182 1C       		.byte	28
 412 0183 30       		.byte	48
 413 0184 60       		.byte	96
 414 0185 60       		.byte	96
 415 0186 7E       		.byte	126
 416 0187 63       		.byte	99
 417 0188 63       		.byte	99
 418 0189 63       		.byte	99
 419 018a 63       		.byte	99
 420 018b 3E       		.byte	62
 421 018c 00       		.byte	0
 422 018d 00       		.byte	0
 423 018e 00       		.byte	0
 424 018f 00       		.byte	0
 425 0190 00       		.byte	0
 426 0191 00       		.byte	0
 427 0192 7F       		.byte	127
 428 0193 63       		.byte	99
 429 0194 03       		.byte	3
 430 0195 06       		.byte	6
 431 0196 06       		.byte	6
 432 0197 0C       		.byte	12
 433 0198 0C       		.byte	12
 434 0199 18       		.byte	24
 435 019a 18       		.byte	24
 436 019b 18       		.byte	24
 437 019c 00       		.byte	0
 438 019d 00       		.byte	0
 439 019e 00       		.byte	0
 440 019f 00       		.byte	0
 441 01a0 00       		.byte	0
 442 01a1 00       		.byte	0
 443 01a2 3E       		.byte	62
 444 01a3 63       		.byte	99
 445 01a4 63       		.byte	99
 446 01a5 63       		.byte	99
 447 01a6 3E       		.byte	62
 448 01a7 63       		.byte	99
 449 01a8 63       		.byte	99
 450 01a9 63       		.byte	99
 451 01aa 63       		.byte	99
 452 01ab 3E       		.byte	62
 453 01ac 00       		.byte	0
 454 01ad 00       		.byte	0
 455 01ae 00       		.byte	0
 456 01af 00       		.byte	0
ARM GAS  C:\Users\sur\AppData\Local\Temp\ccc2q9YV.s 			page 9


 457 01b0 00       		.byte	0
 458 01b1 00       		.byte	0
 459 01b2 3E       		.byte	62
 460 01b3 63       		.byte	99
 461 01b4 63       		.byte	99
 462 01b5 63       		.byte	99
 463 01b6 63       		.byte	99
 464 01b7 3F       		.byte	63
 465 01b8 03       		.byte	3
 466 01b9 03       		.byte	3
 467 01ba 06       		.byte	6
 468 01bb 3C       		.byte	60
 469 01bc 00       		.byte	0
 470 01bd 00       		.byte	0
 471 01be 00       		.byte	0
 472 01bf 00       		.byte	0
 473 01c0 00       		.byte	0
 474 01c1 00       		.byte	0
 475 01c2 00       		.byte	0
 476 01c3 00       		.byte	0
 477 01c4 00       		.byte	0
 478 01c5 18       		.byte	24
 479 01c6 18       		.byte	24
 480 01c7 00       		.byte	0
 481 01c8 00       		.byte	0
 482 01c9 00       		.byte	0
 483 01ca 18       		.byte	24
 484 01cb 18       		.byte	24
 485 01cc 00       		.byte	0
 486 01cd 00       		.byte	0
 487 01ce 00       		.byte	0
 488 01cf 00       		.byte	0
 489 01d0 00       		.byte	0
 490 01d1 00       		.byte	0
 491 01d2 00       		.byte	0
 492 01d3 00       		.byte	0
 493 01d4 00       		.byte	0
 494 01d5 18       		.byte	24
 495 01d6 18       		.byte	24
 496 01d7 00       		.byte	0
 497 01d8 00       		.byte	0
 498 01d9 00       		.byte	0
 499 01da 18       		.byte	24
 500 01db 18       		.byte	24
 501 01dc 18       		.byte	24
 502 01dd 30       		.byte	48
 503 01de 00       		.byte	0
 504 01df 00       		.byte	0
 505 01e0 00       		.byte	0
 506 01e1 00       		.byte	0
 507 01e2 00       		.byte	0
 508 01e3 06       		.byte	6
 509 01e4 0C       		.byte	12
 510 01e5 18       		.byte	24
 511 01e6 30       		.byte	48
 512 01e7 60       		.byte	96
 513 01e8 30       		.byte	48
ARM GAS  C:\Users\sur\AppData\Local\Temp\ccc2q9YV.s 			page 10


 514 01e9 18       		.byte	24
 515 01ea 0C       		.byte	12
 516 01eb 06       		.byte	6
 517 01ec 00       		.byte	0
 518 01ed 00       		.byte	0
 519 01ee 00       		.byte	0
 520 01ef 00       		.byte	0
 521 01f0 00       		.byte	0
 522 01f1 00       		.byte	0
 523 01f2 00       		.byte	0
 524 01f3 00       		.byte	0
 525 01f4 00       		.byte	0
 526 01f5 00       		.byte	0
 527 01f6 7E       		.byte	126
 528 01f7 00       		.byte	0
 529 01f8 00       		.byte	0
 530 01f9 7E       		.byte	126
 531 01fa 00       		.byte	0
 532 01fb 00       		.byte	0
 533 01fc 00       		.byte	0
 534 01fd 00       		.byte	0
 535 01fe 00       		.byte	0
 536 01ff 00       		.byte	0
 537 0200 00       		.byte	0
 538 0201 00       		.byte	0
 539 0202 00       		.byte	0
 540 0203 60       		.byte	96
 541 0204 30       		.byte	48
 542 0205 18       		.byte	24
 543 0206 0C       		.byte	12
 544 0207 06       		.byte	6
 545 0208 0C       		.byte	12
 546 0209 18       		.byte	24
 547 020a 30       		.byte	48
 548 020b 60       		.byte	96
 549 020c 00       		.byte	0
 550 020d 00       		.byte	0
 551 020e 00       		.byte	0
 552 020f 00       		.byte	0
 553 0210 00       		.byte	0
 554 0211 00       		.byte	0
 555 0212 3E       		.byte	62
 556 0213 63       		.byte	99
 557 0214 63       		.byte	99
 558 0215 06       		.byte	6
 559 0216 0C       		.byte	12
 560 0217 0C       		.byte	12
 561 0218 0C       		.byte	12
 562 0219 00       		.byte	0
 563 021a 0C       		.byte	12
 564 021b 0C       		.byte	12
 565 021c 00       		.byte	0
 566 021d 00       		.byte	0
 567 021e 00       		.byte	0
 568 021f 00       		.byte	0
 569 0220 00       		.byte	0
 570 0221 00       		.byte	0
ARM GAS  C:\Users\sur\AppData\Local\Temp\ccc2q9YV.s 			page 11


 571 0222 3E       		.byte	62
 572 0223 63       		.byte	99
 573 0224 63       		.byte	99
 574 0225 6F       		.byte	111
 575 0226 6B       		.byte	107
 576 0227 6B       		.byte	107
 577 0228 6E       		.byte	110
 578 0229 60       		.byte	96
 579 022a 60       		.byte	96
 580 022b 3E       		.byte	62
 581 022c 00       		.byte	0
 582 022d 00       		.byte	0
 583 022e 00       		.byte	0
 584 022f 00       		.byte	0
 585 0230 00       		.byte	0
 586 0231 00       		.byte	0
 587 0232 08       		.byte	8
 588 0233 1C       		.byte	28
 589 0234 36       		.byte	54
 590 0235 63       		.byte	99
 591 0236 63       		.byte	99
 592 0237 63       		.byte	99
 593 0238 7F       		.byte	127
 594 0239 63       		.byte	99
 595 023a 63       		.byte	99
 596 023b 63       		.byte	99
 597 023c 00       		.byte	0
 598 023d 00       		.byte	0
 599 023e 00       		.byte	0
 600 023f 00       		.byte	0
 601 0240 00       		.byte	0
 602 0241 00       		.byte	0
 603 0242 7E       		.byte	126
 604 0243 33       		.byte	51
 605 0244 33       		.byte	51
 606 0245 33       		.byte	51
 607 0246 3E       		.byte	62
 608 0247 33       		.byte	51
 609 0248 33       		.byte	51
 610 0249 33       		.byte	51
 611 024a 33       		.byte	51
 612 024b 7E       		.byte	126
 613 024c 00       		.byte	0
 614 024d 00       		.byte	0
 615 024e 00       		.byte	0
 616 024f 00       		.byte	0
 617 0250 00       		.byte	0
 618 0251 00       		.byte	0
 619 0252 1E       		.byte	30
 620 0253 33       		.byte	51
 621 0254 61       		.byte	97
 622 0255 60       		.byte	96
 623 0256 60       		.byte	96
 624 0257 60       		.byte	96
 625 0258 60       		.byte	96
 626 0259 61       		.byte	97
 627 025a 33       		.byte	51
ARM GAS  C:\Users\sur\AppData\Local\Temp\ccc2q9YV.s 			page 12


 628 025b 1E       		.byte	30
 629 025c 00       		.byte	0
 630 025d 00       		.byte	0
 631 025e 00       		.byte	0
 632 025f 00       		.byte	0
 633 0260 00       		.byte	0
 634 0261 00       		.byte	0
 635 0262 7C       		.byte	124
 636 0263 36       		.byte	54
 637 0264 33       		.byte	51
 638 0265 33       		.byte	51
 639 0266 33       		.byte	51
 640 0267 33       		.byte	51
 641 0268 33       		.byte	51
 642 0269 33       		.byte	51
 643 026a 36       		.byte	54
 644 026b 7C       		.byte	124
 645 026c 00       		.byte	0
 646 026d 00       		.byte	0
 647 026e 00       		.byte	0
 648 026f 00       		.byte	0
 649 0270 00       		.byte	0
 650 0271 00       		.byte	0
 651 0272 7F       		.byte	127
 652 0273 33       		.byte	51
 653 0274 31       		.byte	49
 654 0275 34       		.byte	52
 655 0276 3C       		.byte	60
 656 0277 34       		.byte	52
 657 0278 30       		.byte	48
 658 0279 31       		.byte	49
 659 027a 33       		.byte	51
 660 027b 7F       		.byte	127
 661 027c 00       		.byte	0
 662 027d 00       		.byte	0
 663 027e 00       		.byte	0
 664 027f 00       		.byte	0
 665 0280 00       		.byte	0
 666 0281 00       		.byte	0
 667 0282 7F       		.byte	127
 668 0283 33       		.byte	51
 669 0284 31       		.byte	49
 670 0285 34       		.byte	52
 671 0286 3C       		.byte	60
 672 0287 34       		.byte	52
 673 0288 30       		.byte	48
 674 0289 30       		.byte	48
 675 028a 30       		.byte	48
 676 028b 78       		.byte	120
 677 028c 00       		.byte	0
 678 028d 00       		.byte	0
 679 028e 00       		.byte	0
 680 028f 00       		.byte	0
 681 0290 00       		.byte	0
 682 0291 00       		.byte	0
 683 0292 1E       		.byte	30
 684 0293 33       		.byte	51
ARM GAS  C:\Users\sur\AppData\Local\Temp\ccc2q9YV.s 			page 13


 685 0294 61       		.byte	97
 686 0295 60       		.byte	96
 687 0296 60       		.byte	96
 688 0297 6F       		.byte	111
 689 0298 63       		.byte	99
 690 0299 63       		.byte	99
 691 029a 37       		.byte	55
 692 029b 1D       		.byte	29
 693 029c 00       		.byte	0
 694 029d 00       		.byte	0
 695 029e 00       		.byte	0
 696 029f 00       		.byte	0
 697 02a0 00       		.byte	0
 698 02a1 00       		.byte	0
 699 02a2 63       		.byte	99
 700 02a3 63       		.byte	99
 701 02a4 63       		.byte	99
 702 02a5 63       		.byte	99
 703 02a6 7F       		.byte	127
 704 02a7 63       		.byte	99
 705 02a8 63       		.byte	99
 706 02a9 63       		.byte	99
 707 02aa 63       		.byte	99
 708 02ab 63       		.byte	99
 709 02ac 00       		.byte	0
 710 02ad 00       		.byte	0
 711 02ae 00       		.byte	0
 712 02af 00       		.byte	0
 713 02b0 00       		.byte	0
 714 02b1 00       		.byte	0
 715 02b2 3C       		.byte	60
 716 02b3 18       		.byte	24
 717 02b4 18       		.byte	24
 718 02b5 18       		.byte	24
 719 02b6 18       		.byte	24
 720 02b7 18       		.byte	24
 721 02b8 18       		.byte	24
 722 02b9 18       		.byte	24
 723 02ba 18       		.byte	24
 724 02bb 3C       		.byte	60
 725 02bc 00       		.byte	0
 726 02bd 00       		.byte	0
 727 02be 00       		.byte	0
 728 02bf 00       		.byte	0
 729 02c0 00       		.byte	0
 730 02c1 00       		.byte	0
 731 02c2 0F       		.byte	15
 732 02c3 06       		.byte	6
 733 02c4 06       		.byte	6
 734 02c5 06       		.byte	6
 735 02c6 06       		.byte	6
 736 02c7 06       		.byte	6
 737 02c8 06       		.byte	6
 738 02c9 66       		.byte	102
 739 02ca 66       		.byte	102
 740 02cb 3C       		.byte	60
 741 02cc 00       		.byte	0
ARM GAS  C:\Users\sur\AppData\Local\Temp\ccc2q9YV.s 			page 14


 742 02cd 00       		.byte	0
 743 02ce 00       		.byte	0
 744 02cf 00       		.byte	0
 745 02d0 00       		.byte	0
 746 02d1 00       		.byte	0
 747 02d2 73       		.byte	115
 748 02d3 33       		.byte	51
 749 02d4 36       		.byte	54
 750 02d5 36       		.byte	54
 751 02d6 3C       		.byte	60
 752 02d7 36       		.byte	54
 753 02d8 36       		.byte	54
 754 02d9 33       		.byte	51
 755 02da 33       		.byte	51
 756 02db 73       		.byte	115
 757 02dc 00       		.byte	0
 758 02dd 00       		.byte	0
 759 02de 00       		.byte	0
 760 02df 00       		.byte	0
 761 02e0 00       		.byte	0
 762 02e1 00       		.byte	0
 763 02e2 78       		.byte	120
 764 02e3 30       		.byte	48
 765 02e4 30       		.byte	48
 766 02e5 30       		.byte	48
 767 02e6 30       		.byte	48
 768 02e7 30       		.byte	48
 769 02e8 30       		.byte	48
 770 02e9 31       		.byte	49
 771 02ea 33       		.byte	51
 772 02eb 7F       		.byte	127
 773 02ec 00       		.byte	0
 774 02ed 00       		.byte	0
 775 02ee 00       		.byte	0
 776 02ef 00       		.byte	0
 777 02f0 00       		.byte	0
 778 02f1 00       		.byte	0
 779 02f2 63       		.byte	99
 780 02f3 77       		.byte	119
 781 02f4 7F       		.byte	127
 782 02f5 6B       		.byte	107
 783 02f6 63       		.byte	99
 784 02f7 63       		.byte	99
 785 02f8 63       		.byte	99
 786 02f9 63       		.byte	99
 787 02fa 63       		.byte	99
 788 02fb 63       		.byte	99
 789 02fc 00       		.byte	0
 790 02fd 00       		.byte	0
 791 02fe 00       		.byte	0
 792 02ff 00       		.byte	0
 793 0300 00       		.byte	0
 794 0301 00       		.byte	0
 795 0302 63       		.byte	99
 796 0303 63       		.byte	99
 797 0304 73       		.byte	115
 798 0305 7B       		.byte	123
ARM GAS  C:\Users\sur\AppData\Local\Temp\ccc2q9YV.s 			page 15


 799 0306 7F       		.byte	127
 800 0307 6F       		.byte	111
 801 0308 67       		.byte	103
 802 0309 63       		.byte	99
 803 030a 63       		.byte	99
 804 030b 63       		.byte	99
 805 030c 00       		.byte	0
 806 030d 00       		.byte	0
 807 030e 00       		.byte	0
 808 030f 00       		.byte	0
 809 0310 00       		.byte	0
 810 0311 00       		.byte	0
 811 0312 1C       		.byte	28
 812 0313 36       		.byte	54
 813 0314 63       		.byte	99
 814 0315 63       		.byte	99
 815 0316 63       		.byte	99
 816 0317 63       		.byte	99
 817 0318 63       		.byte	99
 818 0319 63       		.byte	99
 819 031a 36       		.byte	54
 820 031b 1C       		.byte	28
 821 031c 00       		.byte	0
 822 031d 00       		.byte	0
 823 031e 00       		.byte	0
 824 031f 00       		.byte	0
 825 0320 00       		.byte	0
 826 0321 00       		.byte	0
 827 0322 7E       		.byte	126
 828 0323 33       		.byte	51
 829 0324 33       		.byte	51
 830 0325 33       		.byte	51
 831 0326 3E       		.byte	62
 832 0327 30       		.byte	48
 833 0328 30       		.byte	48
 834 0329 30       		.byte	48
 835 032a 30       		.byte	48
 836 032b 78       		.byte	120
 837 032c 00       		.byte	0
 838 032d 00       		.byte	0
 839 032e 00       		.byte	0
 840 032f 00       		.byte	0
 841 0330 00       		.byte	0
 842 0331 00       		.byte	0
 843 0332 3E       		.byte	62
 844 0333 63       		.byte	99
 845 0334 63       		.byte	99
 846 0335 63       		.byte	99
 847 0336 63       		.byte	99
 848 0337 63       		.byte	99
 849 0338 63       		.byte	99
 850 0339 6B       		.byte	107
 851 033a 6F       		.byte	111
 852 033b 3E       		.byte	62
 853 033c 06       		.byte	6
 854 033d 07       		.byte	7
 855 033e 00       		.byte	0
ARM GAS  C:\Users\sur\AppData\Local\Temp\ccc2q9YV.s 			page 16


 856 033f 00       		.byte	0
 857 0340 00       		.byte	0
 858 0341 00       		.byte	0
 859 0342 7E       		.byte	126
 860 0343 33       		.byte	51
 861 0344 33       		.byte	51
 862 0345 33       		.byte	51
 863 0346 3E       		.byte	62
 864 0347 36       		.byte	54
 865 0348 36       		.byte	54
 866 0349 33       		.byte	51
 867 034a 33       		.byte	51
 868 034b 73       		.byte	115
 869 034c 00       		.byte	0
 870 034d 00       		.byte	0
 871 034e 00       		.byte	0
 872 034f 00       		.byte	0
 873 0350 00       		.byte	0
 874 0351 00       		.byte	0
 875 0352 3E       		.byte	62
 876 0353 63       		.byte	99
 877 0354 63       		.byte	99
 878 0355 30       		.byte	48
 879 0356 1C       		.byte	28
 880 0357 06       		.byte	6
 881 0358 03       		.byte	3
 882 0359 63       		.byte	99
 883 035a 63       		.byte	99
 884 035b 3E       		.byte	62
 885 035c 00       		.byte	0
 886 035d 00       		.byte	0
 887 035e 00       		.byte	0
 888 035f 00       		.byte	0
 889 0360 00       		.byte	0
 890 0361 00       		.byte	0
 891 0362 FF       		.byte	-1
 892 0363 DB       		.byte	-37
 893 0364 99       		.byte	-103
 894 0365 18       		.byte	24
 895 0366 18       		.byte	24
 896 0367 18       		.byte	24
 897 0368 18       		.byte	24
 898 0369 18       		.byte	24
 899 036a 18       		.byte	24
 900 036b 3C       		.byte	60
 901 036c 00       		.byte	0
 902 036d 00       		.byte	0
 903 036e 00       		.byte	0
 904 036f 00       		.byte	0
 905 0370 00       		.byte	0
 906 0371 00       		.byte	0
 907 0372 63       		.byte	99
 908 0373 63       		.byte	99
 909 0374 63       		.byte	99
 910 0375 63       		.byte	99
 911 0376 63       		.byte	99
 912 0377 63       		.byte	99
ARM GAS  C:\Users\sur\AppData\Local\Temp\ccc2q9YV.s 			page 17


 913 0378 63       		.byte	99
 914 0379 63       		.byte	99
 915 037a 63       		.byte	99
 916 037b 3E       		.byte	62
 917 037c 00       		.byte	0
 918 037d 00       		.byte	0
 919 037e 00       		.byte	0
 920 037f 00       		.byte	0
 921 0380 00       		.byte	0
 922 0381 00       		.byte	0
 923 0382 63       		.byte	99
 924 0383 63       		.byte	99
 925 0384 63       		.byte	99
 926 0385 63       		.byte	99
 927 0386 63       		.byte	99
 928 0387 63       		.byte	99
 929 0388 63       		.byte	99
 930 0389 36       		.byte	54
 931 038a 1C       		.byte	28
 932 038b 08       		.byte	8
 933 038c 00       		.byte	0
 934 038d 00       		.byte	0
 935 038e 00       		.byte	0
 936 038f 00       		.byte	0
 937 0390 00       		.byte	0
 938 0391 00       		.byte	0
 939 0392 63       		.byte	99
 940 0393 63       		.byte	99
 941 0394 63       		.byte	99
 942 0395 63       		.byte	99
 943 0396 63       		.byte	99
 944 0397 6B       		.byte	107
 945 0398 6B       		.byte	107
 946 0399 7F       		.byte	127
 947 039a 36       		.byte	54
 948 039b 36       		.byte	54
 949 039c 00       		.byte	0
 950 039d 00       		.byte	0
 951 039e 00       		.byte	0
 952 039f 00       		.byte	0
 953 03a0 00       		.byte	0
 954 03a1 00       		.byte	0
 955 03a2 C3       		.byte	-61
 956 03a3 C3       		.byte	-61
 957 03a4 66       		.byte	102
 958 03a5 3C       		.byte	60
 959 03a6 18       		.byte	24
 960 03a7 18       		.byte	24
 961 03a8 3C       		.byte	60
 962 03a9 66       		.byte	102
 963 03aa C3       		.byte	-61
 964 03ab C3       		.byte	-61
 965 03ac 00       		.byte	0
 966 03ad 00       		.byte	0
 967 03ae 00       		.byte	0
 968 03af 00       		.byte	0
 969 03b0 00       		.byte	0
ARM GAS  C:\Users\sur\AppData\Local\Temp\ccc2q9YV.s 			page 18


 970 03b1 00       		.byte	0
 971 03b2 C3       		.byte	-61
 972 03b3 C3       		.byte	-61
 973 03b4 C3       		.byte	-61
 974 03b5 66       		.byte	102
 975 03b6 3C       		.byte	60
 976 03b7 18       		.byte	24
 977 03b8 18       		.byte	24
 978 03b9 18       		.byte	24
 979 03ba 18       		.byte	24
 980 03bb 3C       		.byte	60
 981 03bc 00       		.byte	0
 982 03bd 00       		.byte	0
 983 03be 00       		.byte	0
 984 03bf 00       		.byte	0
 985 03c0 00       		.byte	0
 986 03c1 00       		.byte	0
 987 03c2 7F       		.byte	127
 988 03c3 63       		.byte	99
 989 03c4 43       		.byte	67
 990 03c5 06       		.byte	6
 991 03c6 0C       		.byte	12
 992 03c7 18       		.byte	24
 993 03c8 30       		.byte	48
 994 03c9 61       		.byte	97
 995 03ca 63       		.byte	99
 996 03cb 7F       		.byte	127
 997 03cc 00       		.byte	0
 998 03cd 00       		.byte	0
 999 03ce 00       		.byte	0
 1000 03cf 00       		.byte	0
 1001 03d0 00       		.byte	0
 1002 03d1 00       		.byte	0
 1003 03d2 3C       		.byte	60
 1004 03d3 30       		.byte	48
 1005 03d4 30       		.byte	48
 1006 03d5 30       		.byte	48
 1007 03d6 30       		.byte	48
 1008 03d7 30       		.byte	48
 1009 03d8 30       		.byte	48
 1010 03d9 30       		.byte	48
 1011 03da 30       		.byte	48
 1012 03db 3C       		.byte	60
 1013 03dc 00       		.byte	0
 1014 03dd 00       		.byte	0
 1015 03de 00       		.byte	0
 1016 03df 00       		.byte	0
 1017 03e0 00       		.byte	0
 1018 03e1 00       		.byte	0
 1019 03e2 80       		.byte	-128
 1020 03e3 C0       		.byte	-64
 1021 03e4 E0       		.byte	-32
 1022 03e5 70       		.byte	112
 1023 03e6 38       		.byte	56
 1024 03e7 1C       		.byte	28
 1025 03e8 0E       		.byte	14
 1026 03e9 07       		.byte	7
ARM GAS  C:\Users\sur\AppData\Local\Temp\ccc2q9YV.s 			page 19


 1027 03ea 03       		.byte	3
 1028 03eb 01       		.byte	1
 1029 03ec 00       		.byte	0
 1030 03ed 00       		.byte	0
 1031 03ee 00       		.byte	0
 1032 03ef 00       		.byte	0
 1033 03f0 00       		.byte	0
 1034 03f1 00       		.byte	0
 1035 03f2 3C       		.byte	60
 1036 03f3 0C       		.byte	12
 1037 03f4 0C       		.byte	12
 1038 03f5 0C       		.byte	12
 1039 03f6 0C       		.byte	12
 1040 03f7 0C       		.byte	12
 1041 03f8 0C       		.byte	12
 1042 03f9 0C       		.byte	12
 1043 03fa 0C       		.byte	12
 1044 03fb 3C       		.byte	60
 1045 03fc 00       		.byte	0
 1046 03fd 00       		.byte	0
 1047 03fe 00       		.byte	0
 1048 03ff 00       		.byte	0
 1049 0400 08       		.byte	8
 1050 0401 1C       		.byte	28
 1051 0402 36       		.byte	54
 1052 0403 63       		.byte	99
 1053 0404 00       		.byte	0
 1054 0405 00       		.byte	0
 1055 0406 00       		.byte	0
 1056 0407 00       		.byte	0
 1057 0408 00       		.byte	0
 1058 0409 00       		.byte	0
 1059 040a 00       		.byte	0
 1060 040b 00       		.byte	0
 1061 040c 00       		.byte	0
 1062 040d 00       		.byte	0
 1063 040e 00       		.byte	0
 1064 040f 00       		.byte	0
 1065 0410 00       		.byte	0
 1066 0411 00       		.byte	0
 1067 0412 00       		.byte	0
 1068 0413 00       		.byte	0
 1069 0414 00       		.byte	0
 1070 0415 00       		.byte	0
 1071 0416 00       		.byte	0
 1072 0417 00       		.byte	0
 1073 0418 00       		.byte	0
 1074 0419 00       		.byte	0
 1075 041a 00       		.byte	0
 1076 041b 00       		.byte	0
 1077 041c FF       		.byte	-1
 1078 041d 00       		.byte	0
 1079 041e 00       		.byte	0
 1080 041f 00       		.byte	0
 1081 0420 18       		.byte	24
 1082 0421 18       		.byte	24
 1083 0422 0C       		.byte	12
ARM GAS  C:\Users\sur\AppData\Local\Temp\ccc2q9YV.s 			page 20


 1084 0423 00       		.byte	0
 1085 0424 00       		.byte	0
 1086 0425 00       		.byte	0
 1087 0426 00       		.byte	0
 1088 0427 00       		.byte	0
 1089 0428 00       		.byte	0
 1090 0429 00       		.byte	0
 1091 042a 00       		.byte	0
 1092 042b 00       		.byte	0
 1093 042c 00       		.byte	0
 1094 042d 00       		.byte	0
 1095 042e 00       		.byte	0
 1096 042f 00       		.byte	0
 1097 0430 00       		.byte	0
 1098 0431 00       		.byte	0
 1099 0432 00       		.byte	0
 1100 0433 00       		.byte	0
 1101 0434 00       		.byte	0
 1102 0435 3C       		.byte	60
 1103 0436 46       		.byte	70
 1104 0437 06       		.byte	6
 1105 0438 3E       		.byte	62
 1106 0439 66       		.byte	102
 1107 043a 66       		.byte	102
 1108 043b 3B       		.byte	59
 1109 043c 00       		.byte	0
 1110 043d 00       		.byte	0
 1111 043e 00       		.byte	0
 1112 043f 00       		.byte	0
 1113 0440 00       		.byte	0
 1114 0441 00       		.byte	0
 1115 0442 70       		.byte	112
 1116 0443 30       		.byte	48
 1117 0444 30       		.byte	48
 1118 0445 3C       		.byte	60
 1119 0446 36       		.byte	54
 1120 0447 33       		.byte	51
 1121 0448 33       		.byte	51
 1122 0449 33       		.byte	51
 1123 044a 33       		.byte	51
 1124 044b 6E       		.byte	110
 1125 044c 00       		.byte	0
 1126 044d 00       		.byte	0
 1127 044e 00       		.byte	0
 1128 044f 00       		.byte	0
 1129 0450 00       		.byte	0
 1130 0451 00       		.byte	0
 1131 0452 00       		.byte	0
 1132 0453 00       		.byte	0
 1133 0454 00       		.byte	0
 1134 0455 3E       		.byte	62
 1135 0456 63       		.byte	99
 1136 0457 60       		.byte	96
 1137 0458 60       		.byte	96
 1138 0459 60       		.byte	96
 1139 045a 63       		.byte	99
 1140 045b 3E       		.byte	62
ARM GAS  C:\Users\sur\AppData\Local\Temp\ccc2q9YV.s 			page 21


 1141 045c 00       		.byte	0
 1142 045d 00       		.byte	0
 1143 045e 00       		.byte	0
 1144 045f 00       		.byte	0
 1145 0460 00       		.byte	0
 1146 0461 00       		.byte	0
 1147 0462 0E       		.byte	14
 1148 0463 06       		.byte	6
 1149 0464 06       		.byte	6
 1150 0465 1E       		.byte	30
 1151 0466 36       		.byte	54
 1152 0467 66       		.byte	102
 1153 0468 66       		.byte	102
 1154 0469 66       		.byte	102
 1155 046a 66       		.byte	102
 1156 046b 3B       		.byte	59
 1157 046c 00       		.byte	0
 1158 046d 00       		.byte	0
 1159 046e 00       		.byte	0
 1160 046f 00       		.byte	0
 1161 0470 00       		.byte	0
 1162 0471 00       		.byte	0
 1163 0472 00       		.byte	0
 1164 0473 00       		.byte	0
 1165 0474 00       		.byte	0
 1166 0475 3E       		.byte	62
 1167 0476 63       		.byte	99
 1168 0477 63       		.byte	99
 1169 0478 7E       		.byte	126
 1170 0479 60       		.byte	96
 1171 047a 63       		.byte	99
 1172 047b 3E       		.byte	62
 1173 047c 00       		.byte	0
 1174 047d 00       		.byte	0
 1175 047e 00       		.byte	0
 1176 047f 00       		.byte	0
 1177 0480 00       		.byte	0
 1178 0481 00       		.byte	0
 1179 0482 1C       		.byte	28
 1180 0483 36       		.byte	54
 1181 0484 32       		.byte	50
 1182 0485 30       		.byte	48
 1183 0486 7C       		.byte	124
 1184 0487 30       		.byte	48
 1185 0488 30       		.byte	48
 1186 0489 30       		.byte	48
 1187 048a 30       		.byte	48
 1188 048b 78       		.byte	120
 1189 048c 00       		.byte	0
 1190 048d 00       		.byte	0
 1191 048e 00       		.byte	0
 1192 048f 00       		.byte	0
 1193 0490 00       		.byte	0
 1194 0491 00       		.byte	0
 1195 0492 00       		.byte	0
 1196 0493 00       		.byte	0
 1197 0494 00       		.byte	0
ARM GAS  C:\Users\sur\AppData\Local\Temp\ccc2q9YV.s 			page 22


 1198 0495 3B       		.byte	59
 1199 0496 66       		.byte	102
 1200 0497 66       		.byte	102
 1201 0498 66       		.byte	102
 1202 0499 66       		.byte	102
 1203 049a 3E       		.byte	62
 1204 049b 06       		.byte	6
 1205 049c 66       		.byte	102
 1206 049d 3C       		.byte	60
 1207 049e 00       		.byte	0
 1208 049f 00       		.byte	0
 1209 04a0 00       		.byte	0
 1210 04a1 00       		.byte	0
 1211 04a2 70       		.byte	112
 1212 04a3 30       		.byte	48
 1213 04a4 30       		.byte	48
 1214 04a5 36       		.byte	54
 1215 04a6 3B       		.byte	59
 1216 04a7 33       		.byte	51
 1217 04a8 33       		.byte	51
 1218 04a9 33       		.byte	51
 1219 04aa 33       		.byte	51
 1220 04ab 73       		.byte	115
 1221 04ac 00       		.byte	0
 1222 04ad 00       		.byte	0
 1223 04ae 00       		.byte	0
 1224 04af 00       		.byte	0
 1225 04b0 00       		.byte	0
 1226 04b1 00       		.byte	0
 1227 04b2 0C       		.byte	12
 1228 04b3 0C       		.byte	12
 1229 04b4 00       		.byte	0
 1230 04b5 1C       		.byte	28
 1231 04b6 0C       		.byte	12
 1232 04b7 0C       		.byte	12
 1233 04b8 0C       		.byte	12
 1234 04b9 0C       		.byte	12
 1235 04ba 0C       		.byte	12
 1236 04bb 1E       		.byte	30
 1237 04bc 00       		.byte	0
 1238 04bd 00       		.byte	0
 1239 04be 00       		.byte	0
 1240 04bf 00       		.byte	0
 1241 04c0 00       		.byte	0
 1242 04c1 00       		.byte	0
 1243 04c2 06       		.byte	6
 1244 04c3 06       		.byte	6
 1245 04c4 00       		.byte	0
 1246 04c5 0E       		.byte	14
 1247 04c6 06       		.byte	6
 1248 04c7 06       		.byte	6
 1249 04c8 06       		.byte	6
 1250 04c9 06       		.byte	6
 1251 04ca 06       		.byte	6
 1252 04cb 66       		.byte	102
 1253 04cc 66       		.byte	102
 1254 04cd 3C       		.byte	60
ARM GAS  C:\Users\sur\AppData\Local\Temp\ccc2q9YV.s 			page 23


 1255 04ce 00       		.byte	0
 1256 04cf 00       		.byte	0
 1257 04d0 00       		.byte	0
 1258 04d1 00       		.byte	0
 1259 04d2 70       		.byte	112
 1260 04d3 30       		.byte	48
 1261 04d4 30       		.byte	48
 1262 04d5 33       		.byte	51
 1263 04d6 33       		.byte	51
 1264 04d7 36       		.byte	54
 1265 04d8 3C       		.byte	60
 1266 04d9 36       		.byte	54
 1267 04da 33       		.byte	51
 1268 04db 73       		.byte	115
 1269 04dc 00       		.byte	0
 1270 04dd 00       		.byte	0
 1271 04de 00       		.byte	0
 1272 04df 00       		.byte	0
 1273 04e0 00       		.byte	0
 1274 04e1 00       		.byte	0
 1275 04e2 1C       		.byte	28
 1276 04e3 0C       		.byte	12
 1277 04e4 0C       		.byte	12
 1278 04e5 0C       		.byte	12
 1279 04e6 0C       		.byte	12
 1280 04e7 0C       		.byte	12
 1281 04e8 0C       		.byte	12
 1282 04e9 0C       		.byte	12
 1283 04ea 0C       		.byte	12
 1284 04eb 1E       		.byte	30
 1285 04ec 00       		.byte	0
 1286 04ed 00       		.byte	0
 1287 04ee 00       		.byte	0
 1288 04ef 00       		.byte	0
 1289 04f0 00       		.byte	0
 1290 04f1 00       		.byte	0
 1291 04f2 00       		.byte	0
 1292 04f3 00       		.byte	0
 1293 04f4 00       		.byte	0
 1294 04f5 6E       		.byte	110
 1295 04f6 7F       		.byte	127
 1296 04f7 6B       		.byte	107
 1297 04f8 6B       		.byte	107
 1298 04f9 6B       		.byte	107
 1299 04fa 6B       		.byte	107
 1300 04fb 6B       		.byte	107
 1301 04fc 00       		.byte	0
 1302 04fd 00       		.byte	0
 1303 04fe 00       		.byte	0
 1304 04ff 00       		.byte	0
 1305 0500 00       		.byte	0
 1306 0501 00       		.byte	0
 1307 0502 00       		.byte	0
 1308 0503 00       		.byte	0
 1309 0504 00       		.byte	0
 1310 0505 6E       		.byte	110
 1311 0506 33       		.byte	51
ARM GAS  C:\Users\sur\AppData\Local\Temp\ccc2q9YV.s 			page 24


 1312 0507 33       		.byte	51
 1313 0508 33       		.byte	51
 1314 0509 33       		.byte	51
 1315 050a 33       		.byte	51
 1316 050b 33       		.byte	51
 1317 050c 00       		.byte	0
 1318 050d 00       		.byte	0
 1319 050e 00       		.byte	0
 1320 050f 00       		.byte	0
 1321 0510 00       		.byte	0
 1322 0511 00       		.byte	0
 1323 0512 00       		.byte	0
 1324 0513 00       		.byte	0
 1325 0514 00       		.byte	0
 1326 0515 3E       		.byte	62
 1327 0516 63       		.byte	99
 1328 0517 63       		.byte	99
 1329 0518 63       		.byte	99
 1330 0519 63       		.byte	99
 1331 051a 63       		.byte	99
 1332 051b 3E       		.byte	62
 1333 051c 00       		.byte	0
 1334 051d 00       		.byte	0
 1335 051e 00       		.byte	0
 1336 051f 00       		.byte	0
 1337 0520 00       		.byte	0
 1338 0521 00       		.byte	0
 1339 0522 00       		.byte	0
 1340 0523 00       		.byte	0
 1341 0524 00       		.byte	0
 1342 0525 6E       		.byte	110
 1343 0526 33       		.byte	51
 1344 0527 33       		.byte	51
 1345 0528 33       		.byte	51
 1346 0529 33       		.byte	51
 1347 052a 3E       		.byte	62
 1348 052b 30       		.byte	48
 1349 052c 30       		.byte	48
 1350 052d 78       		.byte	120
 1351 052e 00       		.byte	0
 1352 052f 00       		.byte	0
 1353 0530 00       		.byte	0
 1354 0531 00       		.byte	0
 1355 0532 00       		.byte	0
 1356 0533 00       		.byte	0
 1357 0534 00       		.byte	0
 1358 0535 3B       		.byte	59
 1359 0536 66       		.byte	102
 1360 0537 66       		.byte	102
 1361 0538 66       		.byte	102
 1362 0539 66       		.byte	102
 1363 053a 3E       		.byte	62
 1364 053b 06       		.byte	6
 1365 053c 06       		.byte	6
 1366 053d 0F       		.byte	15
 1367 053e 00       		.byte	0
 1368 053f 00       		.byte	0
ARM GAS  C:\Users\sur\AppData\Local\Temp\ccc2q9YV.s 			page 25


 1369 0540 00       		.byte	0
 1370 0541 00       		.byte	0
 1371 0542 00       		.byte	0
 1372 0543 00       		.byte	0
 1373 0544 00       		.byte	0
 1374 0545 6E       		.byte	110
 1375 0546 3B       		.byte	59
 1376 0547 33       		.byte	51
 1377 0548 30       		.byte	48
 1378 0549 30       		.byte	48
 1379 054a 30       		.byte	48
 1380 054b 78       		.byte	120
 1381 054c 00       		.byte	0
 1382 054d 00       		.byte	0
 1383 054e 00       		.byte	0
 1384 054f 00       		.byte	0
 1385 0550 00       		.byte	0
 1386 0551 00       		.byte	0
 1387 0552 00       		.byte	0
 1388 0553 00       		.byte	0
 1389 0554 00       		.byte	0
 1390 0555 3E       		.byte	62
 1391 0556 63       		.byte	99
 1392 0557 38       		.byte	56
 1393 0558 0E       		.byte	14
 1394 0559 03       		.byte	3
 1395 055a 63       		.byte	99
 1396 055b 3E       		.byte	62
 1397 055c 00       		.byte	0
 1398 055d 00       		.byte	0
 1399 055e 00       		.byte	0
 1400 055f 00       		.byte	0
 1401 0560 00       		.byte	0
 1402 0561 00       		.byte	0
 1403 0562 08       		.byte	8
 1404 0563 18       		.byte	24
 1405 0564 18       		.byte	24
 1406 0565 7E       		.byte	126
 1407 0566 18       		.byte	24
 1408 0567 18       		.byte	24
 1409 0568 18       		.byte	24
 1410 0569 18       		.byte	24
 1411 056a 1B       		.byte	27
 1412 056b 0E       		.byte	14
 1413 056c 00       		.byte	0
 1414 056d 00       		.byte	0
 1415 056e 00       		.byte	0
 1416 056f 00       		.byte	0
 1417 0570 00       		.byte	0
 1418 0571 00       		.byte	0
 1419 0572 00       		.byte	0
 1420 0573 00       		.byte	0
 1421 0574 00       		.byte	0
 1422 0575 66       		.byte	102
 1423 0576 66       		.byte	102
 1424 0577 66       		.byte	102
 1425 0578 66       		.byte	102
ARM GAS  C:\Users\sur\AppData\Local\Temp\ccc2q9YV.s 			page 26


 1426 0579 66       		.byte	102
 1427 057a 66       		.byte	102
 1428 057b 3B       		.byte	59
 1429 057c 00       		.byte	0
 1430 057d 00       		.byte	0
 1431 057e 00       		.byte	0
 1432 057f 00       		.byte	0
 1433 0580 00       		.byte	0
 1434 0581 00       		.byte	0
 1435 0582 00       		.byte	0
 1436 0583 00       		.byte	0
 1437 0584 00       		.byte	0
 1438 0585 63       		.byte	99
 1439 0586 63       		.byte	99
 1440 0587 36       		.byte	54
 1441 0588 36       		.byte	54
 1442 0589 1C       		.byte	28
 1443 058a 1C       		.byte	28
 1444 058b 08       		.byte	8
 1445 058c 00       		.byte	0
 1446 058d 00       		.byte	0
 1447 058e 00       		.byte	0
 1448 058f 00       		.byte	0
 1449 0590 00       		.byte	0
 1450 0591 00       		.byte	0
 1451 0592 00       		.byte	0
 1452 0593 00       		.byte	0
 1453 0594 00       		.byte	0
 1454 0595 63       		.byte	99
 1455 0596 63       		.byte	99
 1456 0597 63       		.byte	99
 1457 0598 6B       		.byte	107
 1458 0599 6B       		.byte	107
 1459 059a 7F       		.byte	127
 1460 059b 36       		.byte	54
 1461 059c 00       		.byte	0
 1462 059d 00       		.byte	0
 1463 059e 00       		.byte	0
 1464 059f 00       		.byte	0
 1465 05a0 00       		.byte	0
 1466 05a1 00       		.byte	0
 1467 05a2 00       		.byte	0
 1468 05a3 00       		.byte	0
 1469 05a4 00       		.byte	0
 1470 05a5 63       		.byte	99
 1471 05a6 36       		.byte	54
 1472 05a7 1C       		.byte	28
 1473 05a8 1C       		.byte	28
 1474 05a9 1C       		.byte	28
 1475 05aa 36       		.byte	54
 1476 05ab 63       		.byte	99
 1477 05ac 00       		.byte	0
 1478 05ad 00       		.byte	0
 1479 05ae 00       		.byte	0
 1480 05af 00       		.byte	0
 1481 05b0 00       		.byte	0
 1482 05b1 00       		.byte	0
ARM GAS  C:\Users\sur\AppData\Local\Temp\ccc2q9YV.s 			page 27


 1483 05b2 00       		.byte	0
 1484 05b3 00       		.byte	0
 1485 05b4 00       		.byte	0
 1486 05b5 63       		.byte	99
 1487 05b6 63       		.byte	99
 1488 05b7 63       		.byte	99
 1489 05b8 63       		.byte	99
 1490 05b9 63       		.byte	99
 1491 05ba 3F       		.byte	63
 1492 05bb 03       		.byte	3
 1493 05bc 06       		.byte	6
 1494 05bd 3C       		.byte	60
 1495 05be 00       		.byte	0
 1496 05bf 00       		.byte	0
 1497 05c0 00       		.byte	0
 1498 05c1 00       		.byte	0
 1499 05c2 00       		.byte	0
 1500 05c3 00       		.byte	0
 1501 05c4 00       		.byte	0
 1502 05c5 7F       		.byte	127
 1503 05c6 66       		.byte	102
 1504 05c7 0C       		.byte	12
 1505 05c8 18       		.byte	24
 1506 05c9 30       		.byte	48
 1507 05ca 63       		.byte	99
 1508 05cb 7F       		.byte	127
 1509 05cc 00       		.byte	0
 1510 05cd 00       		.byte	0
 1511 05ce 00       		.byte	0
 1512 05cf 00       		.byte	0
 1513 05d0 00       		.byte	0
 1514 05d1 00       		.byte	0
 1515 05d2 0E       		.byte	14
 1516 05d3 18       		.byte	24
 1517 05d4 18       		.byte	24
 1518 05d5 18       		.byte	24
 1519 05d6 70       		.byte	112
 1520 05d7 18       		.byte	24
 1521 05d8 18       		.byte	24
 1522 05d9 18       		.byte	24
 1523 05da 18       		.byte	24
 1524 05db 0E       		.byte	14
 1525 05dc 00       		.byte	0
 1526 05dd 00       		.byte	0
 1527 05de 00       		.byte	0
 1528 05df 00       		.byte	0
 1529 05e0 00       		.byte	0
 1530 05e1 00       		.byte	0
 1531 05e2 18       		.byte	24
 1532 05e3 18       		.byte	24
 1533 05e4 18       		.byte	24
 1534 05e5 18       		.byte	24
 1535 05e6 18       		.byte	24
 1536 05e7 00       		.byte	0
 1537 05e8 18       		.byte	24
 1538 05e9 18       		.byte	24
 1539 05ea 18       		.byte	24
ARM GAS  C:\Users\sur\AppData\Local\Temp\ccc2q9YV.s 			page 28


 1540 05eb 18       		.byte	24
 1541 05ec 18       		.byte	24
 1542 05ed 00       		.byte	0
 1543 05ee 00       		.byte	0
 1544 05ef 00       		.byte	0
 1545 05f0 00       		.byte	0
 1546 05f1 00       		.byte	0
 1547 05f2 70       		.byte	112
 1548 05f3 18       		.byte	24
 1549 05f4 18       		.byte	24
 1550 05f5 18       		.byte	24
 1551 05f6 0E       		.byte	14
 1552 05f7 18       		.byte	24
 1553 05f8 18       		.byte	24
 1554 05f9 18       		.byte	24
 1555 05fa 18       		.byte	24
 1556 05fb 70       		.byte	112
 1557 05fc 00       		.byte	0
 1558 05fd 00       		.byte	0
 1559 05fe 00       		.byte	0
 1560 05ff 00       		.byte	0
 1561 0600 00       		.byte	0
 1562 0601 00       		.byte	0
 1563 0602 3B       		.byte	59
 1564 0603 6E       		.byte	110
 1565 0604 00       		.byte	0
 1566 0605 00       		.byte	0
 1567 0606 00       		.byte	0
 1568 0607 00       		.byte	0
 1569 0608 00       		.byte	0
 1570 0609 00       		.byte	0
 1571 060a 00       		.byte	0
 1572 060b 00       		.byte	0
 1573 060c 00       		.byte	0
 1574 060d 00       		.byte	0
 1575 060e 00       		.byte	0
 1576 060f 00       		.byte	0
 1577              		.text
 1578              	.Letext0:
 1579              		.file 1 "Generated_Source\\PSoC4\\cytypes.h"
 1580              		.file 2 "Generated_Source\\PSoC4\\GLCD_Font.c"
 1581              		.section	.debug_info,"",%progbits
 1582              	.Ldebug_info0:
 1583 0000 B9000000 		.4byte	0xb9
 1584 0004 0400     		.2byte	0x4
 1585 0006 00000000 		.4byte	.Ldebug_abbrev0
 1586 000a 04       		.byte	0x4
 1587 000b 01       		.uleb128 0x1
 1588 000c 68000000 		.4byte	.LASF13
 1589 0010 0C       		.byte	0xc
 1590 0011 F6000000 		.4byte	.LASF14
 1591 0015 00000000 		.4byte	.LASF15
 1592 0019 00000000 		.4byte	.Ldebug_line0
 1593 001d 02       		.uleb128 0x2
 1594 001e 01       		.byte	0x1
 1595 001f 06       		.byte	0x6
 1596 0020 80010000 		.4byte	.LASF0
ARM GAS  C:\Users\sur\AppData\Local\Temp\ccc2q9YV.s 			page 29


 1597 0024 02       		.uleb128 0x2
 1598 0025 01       		.byte	0x1
 1599 0026 08       		.byte	0x8
 1600 0027 35000000 		.4byte	.LASF1
 1601 002b 02       		.uleb128 0x2
 1602 002c 02       		.byte	0x2
 1603 002d 05       		.byte	0x5
 1604 002e 67010000 		.4byte	.LASF2
 1605 0032 02       		.uleb128 0x2
 1606 0033 02       		.byte	0x2
 1607 0034 07       		.byte	0x7
 1608 0035 55000000 		.4byte	.LASF3
 1609 0039 02       		.uleb128 0x2
 1610 003a 04       		.byte	0x4
 1611 003b 05       		.byte	0x5
 1612 003c 77010000 		.4byte	.LASF4
 1613 0040 02       		.uleb128 0x2
 1614 0041 04       		.byte	0x4
 1615 0042 07       		.byte	0x7
 1616 0043 43000000 		.4byte	.LASF5
 1617 0047 02       		.uleb128 0x2
 1618 0048 08       		.byte	0x8
 1619 0049 05       		.byte	0x5
 1620 004a 46010000 		.4byte	.LASF6
 1621 004e 02       		.uleb128 0x2
 1622 004f 08       		.byte	0x8
 1623 0050 07       		.byte	0x7
 1624 0051 26010000 		.4byte	.LASF7
 1625 0055 03       		.uleb128 0x3
 1626 0056 04       		.byte	0x4
 1627 0057 05       		.byte	0x5
 1628 0058 696E7400 		.ascii	"int\000"
 1629 005c 02       		.uleb128 0x2
 1630 005d 04       		.byte	0x4
 1631 005e 07       		.byte	0x7
 1632 005f 19010000 		.4byte	.LASF8
 1633 0063 04       		.uleb128 0x4
 1634 0064 71010000 		.4byte	.LASF16
 1635 0068 01       		.byte	0x1
 1636 0069 B901     		.2byte	0x1b9
 1637 006b 24000000 		.4byte	0x24
 1638 006f 02       		.uleb128 0x2
 1639 0070 04       		.byte	0x4
 1640 0071 04       		.byte	0x4
 1641 0072 2F000000 		.4byte	.LASF9
 1642 0076 02       		.uleb128 0x2
 1643 0077 08       		.byte	0x8
 1644 0078 04       		.byte	0x4
 1645 0079 28000000 		.4byte	.LASF10
 1646 007d 02       		.uleb128 0x2
 1647 007e 01       		.byte	0x1
 1648 007f 08       		.byte	0x8
 1649 0080 62010000 		.4byte	.LASF11
 1650 0084 05       		.uleb128 0x5
 1651 0085 A1000000 		.4byte	0xa1
 1652 0089 9A000000 		.4byte	0x9a
 1653 008d 06       		.uleb128 0x6
ARM GAS  C:\Users\sur\AppData\Local\Temp\ccc2q9YV.s 			page 30


 1654 008e 9A000000 		.4byte	0x9a
 1655 0092 60       		.byte	0x60
 1656 0093 06       		.uleb128 0x6
 1657 0094 9A000000 		.4byte	0x9a
 1658 0098 0F       		.byte	0xf
 1659 0099 00       		.byte	0
 1660 009a 02       		.uleb128 0x2
 1661 009b 04       		.byte	0x4
 1662 009c 07       		.byte	0x7
 1663 009d 3D010000 		.4byte	.LASF12
 1664 00a1 07       		.uleb128 0x7
 1665 00a2 63000000 		.4byte	0x63
 1666 00a6 08       		.uleb128 0x8
 1667 00a7 54010000 		.4byte	.LASF17
 1668 00ab 02       		.byte	0x2
 1669 00ac 1B       		.byte	0x1b
 1670 00ad B7000000 		.4byte	0xb7
 1671 00b1 05       		.uleb128 0x5
 1672 00b2 03       		.byte	0x3
 1673 00b3 00000000 		.4byte	GLCD_FONT8x16
 1674 00b7 07       		.uleb128 0x7
 1675 00b8 84000000 		.4byte	0x84
 1676 00bc 00       		.byte	0
 1677              		.section	.debug_abbrev,"",%progbits
 1678              	.Ldebug_abbrev0:
 1679 0000 01       		.uleb128 0x1
 1680 0001 11       		.uleb128 0x11
 1681 0002 01       		.byte	0x1
 1682 0003 25       		.uleb128 0x25
 1683 0004 0E       		.uleb128 0xe
 1684 0005 13       		.uleb128 0x13
 1685 0006 0B       		.uleb128 0xb
 1686 0007 03       		.uleb128 0x3
 1687 0008 0E       		.uleb128 0xe
 1688 0009 1B       		.uleb128 0x1b
 1689 000a 0E       		.uleb128 0xe
 1690 000b 10       		.uleb128 0x10
 1691 000c 17       		.uleb128 0x17
 1692 000d 00       		.byte	0
 1693 000e 00       		.byte	0
 1694 000f 02       		.uleb128 0x2
 1695 0010 24       		.uleb128 0x24
 1696 0011 00       		.byte	0
 1697 0012 0B       		.uleb128 0xb
 1698 0013 0B       		.uleb128 0xb
 1699 0014 3E       		.uleb128 0x3e
 1700 0015 0B       		.uleb128 0xb
 1701 0016 03       		.uleb128 0x3
 1702 0017 0E       		.uleb128 0xe
 1703 0018 00       		.byte	0
 1704 0019 00       		.byte	0
 1705 001a 03       		.uleb128 0x3
 1706 001b 24       		.uleb128 0x24
 1707 001c 00       		.byte	0
 1708 001d 0B       		.uleb128 0xb
 1709 001e 0B       		.uleb128 0xb
 1710 001f 3E       		.uleb128 0x3e
ARM GAS  C:\Users\sur\AppData\Local\Temp\ccc2q9YV.s 			page 31


 1711 0020 0B       		.uleb128 0xb
 1712 0021 03       		.uleb128 0x3
 1713 0022 08       		.uleb128 0x8
 1714 0023 00       		.byte	0
 1715 0024 00       		.byte	0
 1716 0025 04       		.uleb128 0x4
 1717 0026 16       		.uleb128 0x16
 1718 0027 00       		.byte	0
 1719 0028 03       		.uleb128 0x3
 1720 0029 0E       		.uleb128 0xe
 1721 002a 3A       		.uleb128 0x3a
 1722 002b 0B       		.uleb128 0xb
 1723 002c 3B       		.uleb128 0x3b
 1724 002d 05       		.uleb128 0x5
 1725 002e 49       		.uleb128 0x49
 1726 002f 13       		.uleb128 0x13
 1727 0030 00       		.byte	0
 1728 0031 00       		.byte	0
 1729 0032 05       		.uleb128 0x5
 1730 0033 01       		.uleb128 0x1
 1731 0034 01       		.byte	0x1
 1732 0035 49       		.uleb128 0x49
 1733 0036 13       		.uleb128 0x13
 1734 0037 01       		.uleb128 0x1
 1735 0038 13       		.uleb128 0x13
 1736 0039 00       		.byte	0
 1737 003a 00       		.byte	0
 1738 003b 06       		.uleb128 0x6
 1739 003c 21       		.uleb128 0x21
 1740 003d 00       		.byte	0
 1741 003e 49       		.uleb128 0x49
 1742 003f 13       		.uleb128 0x13
 1743 0040 2F       		.uleb128 0x2f
 1744 0041 0B       		.uleb128 0xb
 1745 0042 00       		.byte	0
 1746 0043 00       		.byte	0
 1747 0044 07       		.uleb128 0x7
 1748 0045 26       		.uleb128 0x26
 1749 0046 00       		.byte	0
 1750 0047 49       		.uleb128 0x49
 1751 0048 13       		.uleb128 0x13
 1752 0049 00       		.byte	0
 1753 004a 00       		.byte	0
 1754 004b 08       		.uleb128 0x8
 1755 004c 34       		.uleb128 0x34
 1756 004d 00       		.byte	0
 1757 004e 03       		.uleb128 0x3
 1758 004f 0E       		.uleb128 0xe
 1759 0050 3A       		.uleb128 0x3a
 1760 0051 0B       		.uleb128 0xb
 1761 0052 3B       		.uleb128 0x3b
 1762 0053 0B       		.uleb128 0xb
 1763 0054 49       		.uleb128 0x49
 1764 0055 13       		.uleb128 0x13
 1765 0056 3F       		.uleb128 0x3f
 1766 0057 19       		.uleb128 0x19
 1767 0058 02       		.uleb128 0x2
ARM GAS  C:\Users\sur\AppData\Local\Temp\ccc2q9YV.s 			page 32


 1768 0059 18       		.uleb128 0x18
 1769 005a 00       		.byte	0
 1770 005b 00       		.byte	0
 1771 005c 00       		.byte	0
 1772              		.section	.debug_aranges,"",%progbits
 1773 0000 14000000 		.4byte	0x14
 1774 0004 0200     		.2byte	0x2
 1775 0006 00000000 		.4byte	.Ldebug_info0
 1776 000a 04       		.byte	0x4
 1777 000b 00       		.byte	0
 1778 000c 0000     		.2byte	0
 1779 000e 0000     		.2byte	0
 1780 0010 00000000 		.4byte	0
 1781 0014 00000000 		.4byte	0
 1782              		.section	.debug_line,"",%progbits
 1783              	.Ldebug_line0:
 1784 0000 4C000000 		.section	.debug_str,"MS",%progbits,1
 1784      02004600 
 1784      00000201 
 1784      FB0E0D00 
 1784      01010101 
 1785              	.LASF15:
 1786 0000 433A5C55 		.ascii	"C:\\Users\\sur\\Documents\\GLCD_Test1.cydsn\000"
 1786      73657273 
 1786      5C737572 
 1786      5C446F63 
 1786      756D656E 
 1787              	.LASF10:
 1788 0028 646F7562 		.ascii	"double\000"
 1788      6C6500
 1789              	.LASF9:
 1790 002f 666C6F61 		.ascii	"float\000"
 1790      7400
 1791              	.LASF1:
 1792 0035 756E7369 		.ascii	"unsigned char\000"
 1792      676E6564 
 1792      20636861 
 1792      7200
 1793              	.LASF5:
 1794 0043 6C6F6E67 		.ascii	"long unsigned int\000"
 1794      20756E73 
 1794      69676E65 
 1794      6420696E 
 1794      7400
 1795              	.LASF3:
 1796 0055 73686F72 		.ascii	"short unsigned int\000"
 1796      7420756E 
 1796      7369676E 
 1796      65642069 
 1796      6E7400
 1797              	.LASF13:
 1798 0068 474E5520 		.ascii	"GNU C11 5.4.1 20160609 (release) [ARM/embedded-5-br"
 1798      43313120 
 1798      352E342E 
 1798      31203230 
 1798      31363036 
 1799 009b 616E6368 		.ascii	"anch revision 237715] -mcpu=cortex-m0 -mthumb -g -O"
ARM GAS  C:\Users\sur\AppData\Local\Temp\ccc2q9YV.s 			page 33


 1799      20726576 
 1799      6973696F 
 1799      6E203233 
 1799      37373135 
 1800 00ce 30202D66 		.ascii	"0 -ffunction-sections -ffat-lto-objects\000"
 1800      66756E63 
 1800      74696F6E 
 1800      2D736563 
 1800      74696F6E 
 1801              	.LASF14:
 1802 00f6 47656E65 		.ascii	"Generated_Source\\PSoC4\\GLCD_Font.c\000"
 1802      72617465 
 1802      645F536F 
 1802      75726365 
 1802      5C50536F 
 1803              	.LASF8:
 1804 0119 756E7369 		.ascii	"unsigned int\000"
 1804      676E6564 
 1804      20696E74 
 1804      00
 1805              	.LASF7:
 1806 0126 6C6F6E67 		.ascii	"long long unsigned int\000"
 1806      206C6F6E 
 1806      6720756E 
 1806      7369676E 
 1806      65642069 
 1807              	.LASF12:
 1808 013d 73697A65 		.ascii	"sizetype\000"
 1808      74797065 
 1808      00
 1809              	.LASF6:
 1810 0146 6C6F6E67 		.ascii	"long long int\000"
 1810      206C6F6E 
 1810      6720696E 
 1810      7400
 1811              	.LASF17:
 1812 0154 474C4344 		.ascii	"GLCD_FONT8x16\000"
 1812      5F464F4E 
 1812      54387831 
 1812      3600
 1813              	.LASF11:
 1814 0162 63686172 		.ascii	"char\000"
 1814      00
 1815              	.LASF2:
 1816 0167 73686F72 		.ascii	"short int\000"
 1816      7420696E 
 1816      7400
 1817              	.LASF16:
 1818 0171 75696E74 		.ascii	"uint8\000"
 1818      3800
 1819              	.LASF4:
 1820 0177 6C6F6E67 		.ascii	"long int\000"
 1820      20696E74 
 1820      00
 1821              	.LASF0:
 1822 0180 7369676E 		.ascii	"signed char\000"
 1822      65642063 
ARM GAS  C:\Users\sur\AppData\Local\Temp\ccc2q9YV.s 			page 34


 1822      68617200 
 1823              		.ident	"GCC: (GNU Tools for ARM Embedded Processors) 5.4.1 20160609 (release) [ARM/embedded-5-bran
