--------------- Build Started: 04/03/2018 11:24:51 Project: GLCD_Test1, Configuration: ARM GCC 4.9-2015-q1-update Debug ---------------
cydsfit.exe -.appdatapath "C:\Users\bolding\AppData\Local\Cypress Semiconductor\PSoC Creator\4.0" -.fdsnotice -.fdswarpdepfile=warp_dependencies.txt -.fdselabdepfile=elab_dependencies.txt -.fdsbldfile=generated_files.txt -.fdsreffile=referenced_files.txt -p "C:\Users\bolding\OneDrive - Seattle Pacific University\EE 3280\Labs\Assignment 0 - GLCD Test\GLCD_Test1.cydsn\GLCD_Test1.cyprj" -d CY8C4245AXI-483 -s "C:\Users\bolding\OneDrive - Seattle Pacific University\EE 3280\Labs\Assignment 0 - GLCD Test\GLCD_Test1.cydsn\Generated_Source\PSoC4" -- -yv2 -q10 -ygs -o2 -v3 -.fftcfgtype=LE
Elaborating Design...
HDL Generation...
Synthesis...
Tech Mapping...
Analog Placement...
Analog Routing...
Analog Code Generation...
Digital Placement...
Digital Routing...
Bitstream Generation...
Bitstream Verification...
Static timing analysis...
API Generation...
Dependency Generation...
Cleanup...
arm-none-eabi-gcc.exe -mcpu=cortex-m0 -mthumb -I. -IGenerated_Source\PSoC4 -Wa,-alh=.\ARM_GCC_493\Debug/main.lst -g -D DEBUG -Wall -ffunction-sections -O0 -ffat-lto-objects -c main.c -o .\ARM_GCC_493\Debug\main.o
arm-none-eabi-gcc.exe -mcpu=cortex-m0 -mthumb -I. -IGenerated_Source\PSoC4 -Wa,-alh=.\ARM_GCC_493\Debug/cyfitter_cfg.lst -g -D DEBUG -Wall -ffunction-sections -O0 -ffat-lto-objects -c Generated_Source\PSoC4\cyfitter_cfg.c -o .\ARM_GCC_493\Debug\cyfitter_cfg.o
arm-none-eabi-gcc.exe -mcpu=cortex-m0 -mthumb -I. -IGenerated_Source\PSoC4 -Wa,-alh=.\ARM_GCC_493\Debug/cymetadata.lst -g -D DEBUG -Wall -ffunction-sections -O0 -ffat-lto-objects -c Generated_Source\PSoC4\cymetadata.c -o .\ARM_GCC_493\Debug\cymetadata.o
arm-none-eabi-gcc.exe -mcpu=cortex-m0 -mthumb -I. -IGenerated_Source\PSoC4 -Wa,-alh=.\ARM_GCC_493\Debug/GLCD.lst -g -D DEBUG -Wall -ffunction-sections -O0 -ffat-lto-objects -c Generated_Source\PSoC4\GLCD.c -o .\ARM_GCC_493\Debug\GLCD.o
arm-none-eabi-gcc.exe -mcpu=cortex-m0 -mthumb -I. -IGenerated_Source\PSoC4 -Wa,-alh=.\ARM_GCC_493\Debug/GLCD_Font.lst -g -D DEBUG -Wall -ffunction-sections -O0 -ffat-lto-objects -c Generated_Source\PSoC4\GLCD_Font.c -o .\ARM_GCC_493\Debug\GLCD_Font.o
arm-none-eabi-gcc.exe -mcpu=cortex-m0 -mthumb -I. -IGenerated_Source\PSoC4 -Wa,-alh=.\ARM_GCC_493\Debug/Backlight.lst -g -D DEBUG -Wall -ffunction-sections -O0 -ffat-lto-objects -c Generated_Source\PSoC4\Backlight.c -o .\ARM_GCC_493\Debug\Backlight.o
arm-none-eabi-gcc.exe -mcpu=cortex-m0 -mthumb -I. -IGenerated_Source\PSoC4 -Wa,-alh=.\ARM_GCC_493\Debug/Backlight_PM.lst -g -D DEBUG -Wall -ffunction-sections -O0 -ffat-lto-objects -c Generated_Source\PSoC4\Backlight_PM.c -o .\ARM_GCC_493\Debug\Backlight_PM.o
arm-none-eabi-gcc.exe -mcpu=cortex-m0 -mthumb -I. -IGenerated_Source\PSoC4 -Wa,-alh=.\ARM_GCC_493\Debug/GLCD_Reset.lst -g -D DEBUG -Wall -ffunction-sections -O0 -ffat-lto-objects -c Generated_Source\PSoC4\GLCD_Reset.c -o .\ARM_GCC_493\Debug\GLCD_Reset.o
arm-none-eabi-gcc.exe -mcpu=cortex-m0 -mthumb -I. -IGenerated_Source\PSoC4 -Wa,-alh=.\ARM_GCC_493\Debug/GLCD_SPIM_UDB.lst -g -D DEBUG -Wall -ffunction-sections -O0 -ffat-lto-objects -c Generated_Source\PSoC4\GLCD_SPIM_UDB.c -o .\ARM_GCC_493\Debug\GLCD_SPIM_UDB.o
arm-none-eabi-gcc.exe -mcpu=cortex-m0 -mthumb -I. -IGenerated_Source\PSoC4 -Wa,-alh=.\ARM_GCC_493\Debug/GLCD_SPIM_UDB_PM.lst -g -D DEBUG -Wall -ffunction-sections -O0 -ffat-lto-objects -c Generated_Source\PSoC4\GLCD_SPIM_UDB_PM.c -o .\ARM_GCC_493\Debug\GLCD_SPIM_UDB_PM.o
arm-none-eabi-gcc.exe -mcpu=cortex-m0 -mthumb -I. -IGenerated_Source\PSoC4 -Wa,-alh=.\ARM_GCC_493\Debug/GLCD_SPIM_UDB_INT.lst -g -D DEBUG -Wall -ffunction-sections -O0 -ffat-lto-objects -c Generated_Source\PSoC4\GLCD_SPIM_UDB_INT.c -o .\ARM_GCC_493\Debug\GLCD_SPIM_UDB_INT.o
arm-none-eabi-gcc.exe -mcpu=cortex-m0 -mthumb -I. -IGenerated_Source\PSoC4 -Wa,-alh=.\ARM_GCC_493\Debug/GLCD_SCLK.lst -g -D DEBUG -Wall -ffunction-sections -O0 -ffat-lto-objects -c Generated_Source\PSoC4\GLCD_SCLK.c -o .\ARM_GCC_493\Debug\GLCD_SCLK.o
arm-none-eabi-gcc.exe -mcpu=cortex-m0 -mthumb -I. -IGenerated_Source\PSoC4 -Wa,-alh=.\ARM_GCC_493\Debug/GLCD_MOSI.lst -g -D DEBUG -Wall -ffunction-sections -O0 -ffat-lto-objects -c Generated_Source\PSoC4\GLCD_MOSI.c -o .\ARM_GCC_493\Debug\GLCD_MOSI.o
arm-none-eabi-gcc.exe -mcpu=cortex-m0 -mthumb -I. -IGenerated_Source\PSoC4 -Wa,-alh=.\ARM_GCC_493\Debug/GLCD_SS.lst -g -D DEBUG -Wall -ffunction-sections -O0 -ffat-lto-objects -c Generated_Source\PSoC4\GLCD_SS.c -o .\ARM_GCC_493\Debug\GLCD_SS.o
arm-none-eabi-gcc.exe -mcpu=cortex-m0 -mthumb -I. -IGenerated_Source\PSoC4 -Wa,-alh=.\ARM_GCC_493\Debug/GLCD_SPIM_UDB_IntClock.lst -g -D DEBUG -Wall -ffunction-sections -O0 -ffat-lto-objects -c Generated_Source\PSoC4\GLCD_SPIM_UDB_IntClock.c -o .\ARM_GCC_493\Debug\GLCD_SPIM_UDB_IntClock.o
arm-none-eabi-gcc.exe -mcpu=cortex-m0 -mthumb -I. -IGenerated_Source\PSoC4 -Wa,-alh=.\ARM_GCC_493\Debug/Cm0Start.lst -g -D DEBUG -Wall -ffunction-sections -O0 -ffat-lto-objects -c Generated_Source\PSoC4\Cm0Start.c -o .\ARM_GCC_493\Debug\Cm0Start.o
arm-none-eabi-gcc.exe -mcpu=cortex-m0 -mthumb -I. -IGenerated_Source\PSoC4 -Wa,-alh=.\ARM_GCC_493\Debug/CyFlash.lst -g -D DEBUG -Wall -ffunction-sections -O0 -ffat-lto-objects -c Generated_Source\PSoC4\CyFlash.c -o .\ARM_GCC_493\Debug\CyFlash.o
arm-none-eabi-gcc.exe -mcpu=cortex-m0 -mthumb -I. -IGenerated_Source\PSoC4 -Wa,-alh=.\ARM_GCC_493\Debug/CyLib.lst -g -D DEBUG -Wall -ffunction-sections -O0 -ffat-lto-objects -c Generated_Source\PSoC4\CyLib.c -o .\ARM_GCC_493\Debug\CyLib.o
arm-none-eabi-gcc.exe -mcpu=cortex-m0 -mthumb -I. -IGenerated_Source\PSoC4 -Wa,-alh=.\ARM_GCC_493\Debug/cyPm.lst -g -D DEBUG -Wall -ffunction-sections -O0 -ffat-lto-objects -c Generated_Source\PSoC4\cyPm.c -o .\ARM_GCC_493\Debug\cyPm.o
arm-none-eabi-gcc.exe -mcpu=cortex-m0 -mthumb -I. -IGenerated_Source\PSoC4 -Wa,-alh=.\ARM_GCC_493\Debug/cyutils.lst -g -D DEBUG -Wall -ffunction-sections -O0 -ffat-lto-objects -c Generated_Source\PSoC4\cyutils.c -o .\ARM_GCC_493\Debug\cyutils.o
arm-none-eabi-gcc.exe -mcpu=cortex-m0 -mthumb -I. -IGenerated_Source\PSoC4 -Wa,-alh=.\ARM_GCC_493\Debug/LED_Red.lst -g -D DEBUG -Wall -ffunction-sections -O0 -ffat-lto-objects -c Generated_Source\PSoC4\LED_Red.c -o .\ARM_GCC_493\Debug\LED_Red.o
arm-none-eabi-gcc.exe -mcpu=cortex-m0 -mthumb -I. -IGenerated_Source\PSoC4 -Wa,-alh=.\ARM_GCC_493\Debug/LED_Red_PM.lst -g -D DEBUG -Wall -ffunction-sections -O0 -ffat-lto-objects -c Generated_Source\PSoC4\LED_Red_PM.c -o .\ARM_GCC_493\Debug\LED_Red_PM.o
arm-none-eabi-gcc.exe -mcpu=cortex-m0 -mthumb -I. -IGenerated_Source\PSoC4 -Wa,-alh=.\ARM_GCC_493\Debug/LED_Blue.lst -g -D DEBUG -Wall -ffunction-sections -O0 -ffat-lto-objects -c Generated_Source\PSoC4\LED_Blue.c -o .\ARM_GCC_493\Debug\LED_Blue.o
arm-none-eabi-gcc.exe -mcpu=cortex-m0 -mthumb -I. -IGenerated_Source\PSoC4 -Wa,-alh=.\ARM_GCC_493\Debug/LED_Blue_PM.lst -g -D DEBUG -Wall -ffunction-sections -O0 -ffat-lto-objects -c Generated_Source\PSoC4\LED_Blue_PM.c -o .\ARM_GCC_493\Debug\LED_Blue_PM.o
arm-none-eabi-gcc.exe -mcpu=cortex-m0 -mthumb -I. -IGenerated_Source\PSoC4 -Wa,-alh=.\ARM_GCC_493\Debug/LED_Green.lst -g -D DEBUG -Wall -ffunction-sections -O0 -ffat-lto-objects -c Generated_Source\PSoC4\LED_Green.c -o .\ARM_GCC_493\Debug\LED_Green.o
arm-none-eabi-gcc.exe -mcpu=cortex-m0 -mthumb -I. -IGenerated_Source\PSoC4 -Wa,-alh=.\ARM_GCC_493\Debug/LED_Green_PM.lst -g -D DEBUG -Wall -ffunction-sections -O0 -ffat-lto-objects -c Generated_Source\PSoC4\LED_Green_PM.c -o .\ARM_GCC_493\Debug\LED_Green_PM.o
arm-none-eabi-gcc.exe -mcpu=cortex-m0 -mthumb -I. -IGenerated_Source\PSoC4 -Wa,-alh=.\ARM_GCC_493\Debug/Joy_Center.lst -g -D DEBUG -Wall -ffunction-sections -O0 -ffat-lto-objects -c Generated_Source\PSoC4\Joy_Center.c -o .\ARM_GCC_493\Debug\Joy_Center.o
arm-none-eabi-gcc.exe -mcpu=cortex-m0 -mthumb -I. -IGenerated_Source\PSoC4 -Wa,-alh=.\ARM_GCC_493\Debug/Joy_Center_PM.lst -g -D DEBUG -Wall -ffunction-sections -O0 -ffat-lto-objects -c Generated_Source\PSoC4\Joy_Center_PM.c -o .\ARM_GCC_493\Debug\Joy_Center_PM.o
arm-none-eabi-gcc.exe -mcpu=cortex-m0 -mthumb -I. -IGenerated_Source\PSoC4 -Wa,-alh=.\ARM_GCC_493\Debug/Button.lst -g -D DEBUG -Wall -ffunction-sections -O0 -ffat-lto-objects -c Generated_Source\PSoC4\Button.c -o .\ARM_GCC_493\Debug\Button.o
arm-none-eabi-gcc.exe -mcpu=cortex-m0 -mthumb -I. -IGenerated_Source\PSoC4 -Wa,-alh=.\ARM_GCC_493\Debug/Button_PM.lst -g -D DEBUG -Wall -ffunction-sections -O0 -ffat-lto-objects -c Generated_Source\PSoC4\Button_PM.c -o .\ARM_GCC_493\Debug\Button_PM.o
arm-none-eabi-gcc.exe -mcpu=cortex-m0 -mthumb -I. -IGenerated_Source\PSoC4 -Wa,-alh=.\ARM_GCC_493\Debug/A.lst -g -D DEBUG -Wall -ffunction-sections -O0 -ffat-lto-objects -c Generated_Source\PSoC4\A.c -o .\ARM_GCC_493\Debug\A.o
arm-none-eabi-gcc.exe -mcpu=cortex-m0 -mthumb -I. -IGenerated_Source\PSoC4 -Wa,-alh=.\ARM_GCC_493\Debug/A_PM.lst -g -D DEBUG -Wall -ffunction-sections -O0 -ffat-lto-objects -c Generated_Source\PSoC4\A_PM.c -o .\ARM_GCC_493\Debug\A_PM.o
arm-none-eabi-gcc.exe -mcpu=cortex-m0 -mthumb -I. -IGenerated_Source\PSoC4 -Wa,-alh=.\ARM_GCC_493\Debug/C.lst -g -D DEBUG -Wall -ffunction-sections -O0 -ffat-lto-objects -c Generated_Source\PSoC4\C.c -o .\ARM_GCC_493\Debug\C.o
arm-none-eabi-gcc.exe -mcpu=cortex-m0 -mthumb -I. -IGenerated_Source\PSoC4 -Wa,-alh=.\ARM_GCC_493\Debug/C_PM.lst -g -D DEBUG -Wall -ffunction-sections -O0 -ffat-lto-objects -c Generated_Source\PSoC4\C_PM.c -o .\ARM_GCC_493\Debug\C_PM.o
arm-none-eabi-gcc.exe -mcpu=cortex-m0 -mthumb -I. -IGenerated_Source\PSoC4 -Wa,-alh=.\ARM_GCC_493\Debug/D.lst -g -D DEBUG -Wall -ffunction-sections -O0 -ffat-lto-objects -c Generated_Source\PSoC4\D.c -o .\ARM_GCC_493\Debug\D.o
arm-none-eabi-gcc.exe -mcpu=cortex-m0 -mthumb -I. -IGenerated_Source\PSoC4 -Wa,-alh=.\ARM_GCC_493\Debug/D_PM.lst -g -D DEBUG -Wall -ffunction-sections -O0 -ffat-lto-objects -c Generated_Source\PSoC4\D_PM.c -o .\ARM_GCC_493\Debug\D_PM.o
arm-none-eabi-gcc.exe -mcpu=cortex-m0 -mthumb -I. -IGenerated_Source\PSoC4 -Wa,-alh=.\ARM_GCC_493\Debug/B.lst -g -D DEBUG -Wall -ffunction-sections -O0 -ffat-lto-objects -c Generated_Source\PSoC4\B.c -o .\ARM_GCC_493\Debug\B.o
arm-none-eabi-gcc.exe -mcpu=cortex-m0 -mthumb -I. -IGenerated_Source\PSoC4 -Wa,-alh=.\ARM_GCC_493\Debug/B_PM.lst -g -D DEBUG -Wall -ffunction-sections -O0 -ffat-lto-objects -c Generated_Source\PSoC4\B_PM.c -o .\ARM_GCC_493\Debug\B_PM.o
arm-none-eabi-gcc.exe -mcpu=cortex-m0 -mthumb -I. -IGenerated_Source\PSoC4 -Wa,-alh=.\ARM_GCC_493\Debug/CyLFClk.lst -g -D DEBUG -Wall -ffunction-sections -O0 -ffat-lto-objects -c Generated_Source\PSoC4\CyLFClk.c -o .\ARM_GCC_493\Debug\CyLFClk.o
arm-none-eabi-as.exe -mcpu=cortex-m0 -mthumb -I. -IGenerated_Source\PSoC4 -alh=.\ARM_GCC_493\Debug/CyBootAsmGnu.lst -g -o .\ARM_GCC_493\Debug\CyBootAsmGnu.o Generated_Source\PSoC4\CyBootAsmGnu.s
arm-none-eabi-ar.exe -rs .\ARM_GCC_493\Debug\GLCD_Test1.a .\ARM_GCC_493\Debug\cyfitter_cfg.o .\ARM_GCC_493\Debug\GLCD.o .\ARM_GCC_493\Debug\GLCD_Font.o .\ARM_GCC_493\Debug\Backlight.o .\ARM_GCC_493\Debug\Backlight_PM.o .\ARM_GCC_493\Debug\GLCD_Reset.o .\ARM_GCC_493\Debug\GLCD_SPIM_UDB.o .\ARM_GCC_493\Debug\GLCD_SPIM_UDB_PM.o .\ARM_GCC_493\Debug\GLCD_SPIM_UDB_INT.o .\ARM_GCC_493\Debug\GLCD_SCLK.o .\ARM_GCC_493\Debug\GLCD_MOSI.o .\ARM_GCC_493\Debug\GLCD_SS.o .\ARM_GCC_493\Debug\GLCD_SPIM_UDB_IntClock.o .\ARM_GCC_493\Debug\CyFlash.o .\ARM_GCC_493\Debug\CyLib.o .\ARM_GCC_493\Debug\cyPm.o .\ARM_GCC_493\Debug\cyutils.o .\ARM_GCC_493\Debug\LED_Red.o .\ARM_GCC_493\Debug\LED_Red_PM.o .\ARM_GCC_493\Debug\LED_Blue.o .\ARM_GCC_493\Debug\LED_Blue_PM.o .\ARM_GCC_493\Debug\LED_Green.o .\ARM_GCC_493\Debug\LED_Green_PM.o .\ARM_GCC_493\Debug\Joy_Center.o .\ARM_GCC_493\Debug\Joy_Center_PM.o .\ARM_GCC_493\Debug\Button.o .\ARM_GCC_493\Debug\Button_PM.o .\ARM_GCC_493\Debug\A.o .\ARM_GCC_493\Debug\A_PM.o .\ARM_GCC_493\Debug\C.o .\ARM_GCC_493\Debug\C_PM.o .\ARM_GCC_493\Debug\D.o .\ARM_GCC_493\Debug\D_PM.o .\ARM_GCC_493\Debug\B.o .\ARM_GCC_493\Debug\B_PM.o .\ARM_GCC_493\Debug\CyLFClk.o .\ARM_GCC_493\Debug\CyBootAsmGnu.o
arm-none-eabi-ar.exe: creating .\ARM_GCC_493\Debug\GLCD_Test1.a
arm-none-eabi-gcc.exe -Wl,--start-group -o .\ARM_GCC_493\Debug\GLCD_Test1.elf .\ARM_GCC_493\Debug\main.o .\ARM_GCC_493\Debug\cymetadata.o .\ARM_GCC_493\Debug\Cm0Start.o .\ARM_GCC_493\Debug\GLCD_Test1.a "C:\Program Files (x86)\Cypress\PSoC Creator\4.0\PSoC Creator\psoc\content\cycomponentlibrary\CyComponentLibrary.cylib\CortexM0\ARM_GCC_493\Debug\CyComponentLibrary.a" -mcpu=cortex-m0 -mthumb -g -ffunction-sections -O0 -ffat-lto-objects -L Generated_Source\PSoC4 -Wl,-Map,.\ARM_GCC_493\Debug/GLCD_Test1.map -T "C:\Users\bolding\OneDrive - Seattle Pacific University\EE 3280\Labs\Assignment 0 - GLCD Test\GLCD_Test1.cydsn\Generated_Source\PSoC4\cm0gcc.ld" -specs=nano.specs -Wl,--gc-sections -Wl,--end-group
cyelftool.exe -C "C:\Users\bolding\OneDrive - Seattle Pacific University\EE 3280\Labs\Assignment 0 - GLCD Test\GLCD_Test1.cydsn\ARM_GCC_493\Debug\GLCD_Test1.elf" --flash_row_size 128 --flash_size 32768
cyelftool.exe -S "C:\Users\bolding\OneDrive - Seattle Pacific University\EE 3280\Labs\Assignment 0 - GLCD Test\GLCD_Test1.cydsn\ARM_GCC_493\Debug\GLCD_Test1.elf"
Flash used: 7574 of 32768 bytes (23.1 %).
SRAM used: 1644 of 4096 bytes (40.1 %). Stack: 1024 bytes. Heap: 256 bytes.
--------------- Build Succeeded: 04/03/2018 11:25:03 ---------------
