ARM GAS  C:\Users\bolding\AppData\Local\Temp\ccXrbKvd.s 			page 1


   1              		.cpu cortex-m0
   2              		.fpu softvfp
   3              		.eabi_attribute 20, 1
   4              		.eabi_attribute 21, 1
   5              		.eabi_attribute 23, 3
   6              		.eabi_attribute 24, 1
   7              		.eabi_attribute 25, 1
   8              		.eabi_attribute 26, 1
   9              		.eabi_attribute 30, 6
  10              		.eabi_attribute 34, 0
  11              		.eabi_attribute 18, 4
  12              		.code	16
  13              		.file	"GLCD_Font.c"
  14              		.text
  15              	.Ltext0:
  16              		.cfi_sections	.debug_frame
  17              		.global	GLCD_FONT8x16
  18              		.section	.rodata
  19              		.align	2
  20              		.type	GLCD_FONT8x16, %object
  21              		.size	GLCD_FONT8x16, 1552
  22              	GLCD_FONT8x16:
  23 0000 08       		.byte	8
  24 0001 10       		.byte	16
  25 0002 10       		.byte	16
  26 0003 00       		.byte	0
  27 0004 00       		.byte	0
  28 0005 00       		.byte	0
  29 0006 00       		.byte	0
  30 0007 00       		.byte	0
  31 0008 00       		.byte	0
  32 0009 00       		.byte	0
  33 000a 00       		.byte	0
  34 000b 00       		.byte	0
  35 000c 00       		.byte	0
  36 000d 00       		.byte	0
  37 000e 00       		.byte	0
  38 000f 00       		.byte	0
  39 0010 08       		.byte	8
  40 0011 10       		.byte	16
  41 0012 10       		.byte	16
  42 0013 00       		.byte	0
  43 0014 00       		.byte	0
  44 0015 00       		.byte	0
  45 0016 00       		.byte	0
  46 0017 00       		.byte	0
  47 0018 00       		.byte	0
  48 0019 00       		.byte	0
  49 001a 00       		.byte	0
  50 001b 00       		.byte	0
  51 001c 00       		.byte	0
  52 001d 00       		.byte	0
  53 001e 00       		.byte	0
  54 001f 00       		.byte	0
  55 0020 00       		.byte	0
  56 0021 00       		.byte	0
  57 0022 00       		.byte	0
ARM GAS  C:\Users\bolding\AppData\Local\Temp\ccXrbKvd.s 			page 2


  58 0023 00       		.byte	0
  59 0024 00       		.byte	0
  60 0025 00       		.byte	0
  61 0026 00       		.byte	0
  62 0027 00       		.byte	0
  63 0028 00       		.byte	0
  64 0029 00       		.byte	0
  65 002a 00       		.byte	0
  66 002b 00       		.byte	0
  67 002c 00       		.byte	0
  68 002d 00       		.byte	0
  69 002e 00       		.byte	0
  70 002f 00       		.byte	0
  71 0030 00       		.byte	0
  72 0031 00       		.byte	0
  73 0032 18       		.byte	24
  74 0033 3C       		.byte	60
  75 0034 3C       		.byte	60
  76 0035 3C       		.byte	60
  77 0036 18       		.byte	24
  78 0037 18       		.byte	24
  79 0038 18       		.byte	24
  80 0039 00       		.byte	0
  81 003a 18       		.byte	24
  82 003b 18       		.byte	24
  83 003c 00       		.byte	0
  84 003d 00       		.byte	0
  85 003e 00       		.byte	0
  86 003f 00       		.byte	0
  87 0040 00       		.byte	0
  88 0041 63       		.byte	99
  89 0042 63       		.byte	99
  90 0043 63       		.byte	99
  91 0044 22       		.byte	34
  92 0045 00       		.byte	0
  93 0046 00       		.byte	0
  94 0047 00       		.byte	0
  95 0048 00       		.byte	0
  96 0049 00       		.byte	0
  97 004a 00       		.byte	0
  98 004b 00       		.byte	0
  99 004c 00       		.byte	0
 100 004d 00       		.byte	0
 101 004e 00       		.byte	0
 102 004f 00       		.byte	0
 103 0050 00       		.byte	0
 104 0051 00       		.byte	0
 105 0052 00       		.byte	0
 106 0053 36       		.byte	54
 107 0054 36       		.byte	54
 108 0055 7F       		.byte	127
 109 0056 36       		.byte	54
 110 0057 36       		.byte	54
 111 0058 36       		.byte	54
 112 0059 7F       		.byte	127
 113 005a 36       		.byte	54
 114 005b 36       		.byte	54
ARM GAS  C:\Users\bolding\AppData\Local\Temp\ccXrbKvd.s 			page 3


 115 005c 00       		.byte	0
 116 005d 00       		.byte	0
 117 005e 00       		.byte	0
 118 005f 00       		.byte	0
 119 0060 0C       		.byte	12
 120 0061 0C       		.byte	12
 121 0062 3E       		.byte	62
 122 0063 63       		.byte	99
 123 0064 61       		.byte	97
 124 0065 60       		.byte	96
 125 0066 3E       		.byte	62
 126 0067 03       		.byte	3
 127 0068 03       		.byte	3
 128 0069 43       		.byte	67
 129 006a 63       		.byte	99
 130 006b 3E       		.byte	62
 131 006c 0C       		.byte	12
 132 006d 0C       		.byte	12
 133 006e 00       		.byte	0
 134 006f 00       		.byte	0
 135 0070 00       		.byte	0
 136 0071 00       		.byte	0
 137 0072 00       		.byte	0
 138 0073 00       		.byte	0
 139 0074 00       		.byte	0
 140 0075 61       		.byte	97
 141 0076 63       		.byte	99
 142 0077 06       		.byte	6
 143 0078 0C       		.byte	12
 144 0079 18       		.byte	24
 145 007a 33       		.byte	51
 146 007b 63       		.byte	99
 147 007c 00       		.byte	0
 148 007d 00       		.byte	0
 149 007e 00       		.byte	0
 150 007f 00       		.byte	0
 151 0080 00       		.byte	0
 152 0081 00       		.byte	0
 153 0082 00       		.byte	0
 154 0083 1C       		.byte	28
 155 0084 36       		.byte	54
 156 0085 36       		.byte	54
 157 0086 1C       		.byte	28
 158 0087 3B       		.byte	59
 159 0088 6E       		.byte	110
 160 0089 66       		.byte	102
 161 008a 66       		.byte	102
 162 008b 3B       		.byte	59
 163 008c 00       		.byte	0
 164 008d 00       		.byte	0
 165 008e 00       		.byte	0
 166 008f 00       		.byte	0
 167 0090 00       		.byte	0
 168 0091 30       		.byte	48
 169 0092 30       		.byte	48
 170 0093 30       		.byte	48
 171 0094 60       		.byte	96
ARM GAS  C:\Users\bolding\AppData\Local\Temp\ccXrbKvd.s 			page 4


 172 0095 00       		.byte	0
 173 0096 00       		.byte	0
 174 0097 00       		.byte	0
 175 0098 00       		.byte	0
 176 0099 00       		.byte	0
 177 009a 00       		.byte	0
 178 009b 00       		.byte	0
 179 009c 00       		.byte	0
 180 009d 00       		.byte	0
 181 009e 00       		.byte	0
 182 009f 00       		.byte	0
 183 00a0 00       		.byte	0
 184 00a1 00       		.byte	0
 185 00a2 0C       		.byte	12
 186 00a3 18       		.byte	24
 187 00a4 18       		.byte	24
 188 00a5 30       		.byte	48
 189 00a6 30       		.byte	48
 190 00a7 30       		.byte	48
 191 00a8 30       		.byte	48
 192 00a9 18       		.byte	24
 193 00aa 18       		.byte	24
 194 00ab 0C       		.byte	12
 195 00ac 00       		.byte	0
 196 00ad 00       		.byte	0
 197 00ae 00       		.byte	0
 198 00af 00       		.byte	0
 199 00b0 00       		.byte	0
 200 00b1 00       		.byte	0
 201 00b2 18       		.byte	24
 202 00b3 0C       		.byte	12
 203 00b4 0C       		.byte	12
 204 00b5 06       		.byte	6
 205 00b6 06       		.byte	6
 206 00b7 06       		.byte	6
 207 00b8 06       		.byte	6
 208 00b9 0C       		.byte	12
 209 00ba 0C       		.byte	12
 210 00bb 18       		.byte	24
 211 00bc 00       		.byte	0
 212 00bd 00       		.byte	0
 213 00be 00       		.byte	0
 214 00bf 00       		.byte	0
 215 00c0 00       		.byte	0
 216 00c1 00       		.byte	0
 217 00c2 00       		.byte	0
 218 00c3 00       		.byte	0
 219 00c4 42       		.byte	66
 220 00c5 66       		.byte	102
 221 00c6 3C       		.byte	60
 222 00c7 FF       		.byte	-1
 223 00c8 3C       		.byte	60
 224 00c9 66       		.byte	102
 225 00ca 42       		.byte	66
 226 00cb 00       		.byte	0
 227 00cc 00       		.byte	0
 228 00cd 00       		.byte	0
ARM GAS  C:\Users\bolding\AppData\Local\Temp\ccXrbKvd.s 			page 5


 229 00ce 00       		.byte	0
 230 00cf 00       		.byte	0
 231 00d0 00       		.byte	0
 232 00d1 00       		.byte	0
 233 00d2 00       		.byte	0
 234 00d3 00       		.byte	0
 235 00d4 18       		.byte	24
 236 00d5 18       		.byte	24
 237 00d6 18       		.byte	24
 238 00d7 FF       		.byte	-1
 239 00d8 18       		.byte	24
 240 00d9 18       		.byte	24
 241 00da 18       		.byte	24
 242 00db 00       		.byte	0
 243 00dc 00       		.byte	0
 244 00dd 00       		.byte	0
 245 00de 00       		.byte	0
 246 00df 00       		.byte	0
 247 00e0 00       		.byte	0
 248 00e1 00       		.byte	0
 249 00e2 00       		.byte	0
 250 00e3 00       		.byte	0
 251 00e4 00       		.byte	0
 252 00e5 00       		.byte	0
 253 00e6 00       		.byte	0
 254 00e7 00       		.byte	0
 255 00e8 00       		.byte	0
 256 00e9 00       		.byte	0
 257 00ea 18       		.byte	24
 258 00eb 18       		.byte	24
 259 00ec 18       		.byte	24
 260 00ed 30       		.byte	48
 261 00ee 00       		.byte	0
 262 00ef 00       		.byte	0
 263 00f0 00       		.byte	0
 264 00f1 00       		.byte	0
 265 00f2 00       		.byte	0
 266 00f3 00       		.byte	0
 267 00f4 00       		.byte	0
 268 00f5 00       		.byte	0
 269 00f6 00       		.byte	0
 270 00f7 FF       		.byte	-1
 271 00f8 00       		.byte	0
 272 00f9 00       		.byte	0
 273 00fa 00       		.byte	0
 274 00fb 00       		.byte	0
 275 00fc 00       		.byte	0
 276 00fd 00       		.byte	0
 277 00fe 00       		.byte	0
 278 00ff 00       		.byte	0
 279 0100 00       		.byte	0
 280 0101 00       		.byte	0
 281 0102 00       		.byte	0
 282 0103 00       		.byte	0
 283 0104 00       		.byte	0
 284 0105 00       		.byte	0
 285 0106 00       		.byte	0
ARM GAS  C:\Users\bolding\AppData\Local\Temp\ccXrbKvd.s 			page 6


 286 0107 00       		.byte	0
 287 0108 00       		.byte	0
 288 0109 00       		.byte	0
 289 010a 18       		.byte	24
 290 010b 18       		.byte	24
 291 010c 00       		.byte	0
 292 010d 00       		.byte	0
 293 010e 00       		.byte	0
 294 010f 00       		.byte	0
 295 0110 00       		.byte	0
 296 0111 00       		.byte	0
 297 0112 01       		.byte	1
 298 0113 03       		.byte	3
 299 0114 07       		.byte	7
 300 0115 0E       		.byte	14
 301 0116 1C       		.byte	28
 302 0117 38       		.byte	56
 303 0118 70       		.byte	112
 304 0119 E0       		.byte	-32
 305 011a C0       		.byte	-64
 306 011b 80       		.byte	-128
 307 011c 00       		.byte	0
 308 011d 00       		.byte	0
 309 011e 00       		.byte	0
 310 011f 00       		.byte	0
 311 0120 00       		.byte	0
 312 0121 00       		.byte	0
 313 0122 3E       		.byte	62
 314 0123 63       		.byte	99
 315 0124 63       		.byte	99
 316 0125 63       		.byte	99
 317 0126 6B       		.byte	107
 318 0127 6B       		.byte	107
 319 0128 63       		.byte	99
 320 0129 63       		.byte	99
 321 012a 63       		.byte	99
 322 012b 3E       		.byte	62
 323 012c 00       		.byte	0
 324 012d 00       		.byte	0
 325 012e 00       		.byte	0
 326 012f 00       		.byte	0
 327 0130 00       		.byte	0
 328 0131 00       		.byte	0
 329 0132 0C       		.byte	12
 330 0133 1C       		.byte	28
 331 0134 3C       		.byte	60
 332 0135 0C       		.byte	12
 333 0136 0C       		.byte	12
 334 0137 0C       		.byte	12
 335 0138 0C       		.byte	12
 336 0139 0C       		.byte	12
 337 013a 0C       		.byte	12
 338 013b 3F       		.byte	63
 339 013c 00       		.byte	0
 340 013d 00       		.byte	0
 341 013e 00       		.byte	0
 342 013f 00       		.byte	0
ARM GAS  C:\Users\bolding\AppData\Local\Temp\ccXrbKvd.s 			page 7


 343 0140 00       		.byte	0
 344 0141 00       		.byte	0
 345 0142 3E       		.byte	62
 346 0143 63       		.byte	99
 347 0144 03       		.byte	3
 348 0145 06       		.byte	6
 349 0146 0C       		.byte	12
 350 0147 18       		.byte	24
 351 0148 30       		.byte	48
 352 0149 61       		.byte	97
 353 014a 63       		.byte	99
 354 014b 7F       		.byte	127
 355 014c 00       		.byte	0
 356 014d 00       		.byte	0
 357 014e 00       		.byte	0
 358 014f 00       		.byte	0
 359 0150 00       		.byte	0
 360 0151 00       		.byte	0
 361 0152 3E       		.byte	62
 362 0153 63       		.byte	99
 363 0154 03       		.byte	3
 364 0155 03       		.byte	3
 365 0156 1E       		.byte	30
 366 0157 03       		.byte	3
 367 0158 03       		.byte	3
 368 0159 03       		.byte	3
 369 015a 63       		.byte	99
 370 015b 3E       		.byte	62
 371 015c 00       		.byte	0
 372 015d 00       		.byte	0
 373 015e 00       		.byte	0
 374 015f 00       		.byte	0
 375 0160 00       		.byte	0
 376 0161 00       		.byte	0
 377 0162 06       		.byte	6
 378 0163 0E       		.byte	14
 379 0164 1E       		.byte	30
 380 0165 36       		.byte	54
 381 0166 66       		.byte	102
 382 0167 66       		.byte	102
 383 0168 7F       		.byte	127
 384 0169 06       		.byte	6
 385 016a 06       		.byte	6
 386 016b 0F       		.byte	15
 387 016c 00       		.byte	0
 388 016d 00       		.byte	0
 389 016e 00       		.byte	0
 390 016f 00       		.byte	0
 391 0170 00       		.byte	0
 392 0171 00       		.byte	0
 393 0172 7F       		.byte	127
 394 0173 60       		.byte	96
 395 0174 60       		.byte	96
 396 0175 60       		.byte	96
 397 0176 7E       		.byte	126
 398 0177 03       		.byte	3
 399 0178 03       		.byte	3
ARM GAS  C:\Users\bolding\AppData\Local\Temp\ccXrbKvd.s 			page 8


 400 0179 63       		.byte	99
 401 017a 73       		.byte	115
 402 017b 3E       		.byte	62
 403 017c 00       		.byte	0
 404 017d 00       		.byte	0
 405 017e 00       		.byte	0
 406 017f 00       		.byte	0
 407 0180 00       		.byte	0
 408 0181 00       		.byte	0
 409 0182 1C       		.byte	28
 410 0183 30       		.byte	48
 411 0184 60       		.byte	96
 412 0185 60       		.byte	96
 413 0186 7E       		.byte	126
 414 0187 63       		.byte	99
 415 0188 63       		.byte	99
 416 0189 63       		.byte	99
 417 018a 63       		.byte	99
 418 018b 3E       		.byte	62
 419 018c 00       		.byte	0
 420 018d 00       		.byte	0
 421 018e 00       		.byte	0
 422 018f 00       		.byte	0
 423 0190 00       		.byte	0
 424 0191 00       		.byte	0
 425 0192 7F       		.byte	127
 426 0193 63       		.byte	99
 427 0194 03       		.byte	3
 428 0195 06       		.byte	6
 429 0196 06       		.byte	6
 430 0197 0C       		.byte	12
 431 0198 0C       		.byte	12
 432 0199 18       		.byte	24
 433 019a 18       		.byte	24
 434 019b 18       		.byte	24
 435 019c 00       		.byte	0
 436 019d 00       		.byte	0
 437 019e 00       		.byte	0
 438 019f 00       		.byte	0
 439 01a0 00       		.byte	0
 440 01a1 00       		.byte	0
 441 01a2 3E       		.byte	62
 442 01a3 63       		.byte	99
 443 01a4 63       		.byte	99
 444 01a5 63       		.byte	99
 445 01a6 3E       		.byte	62
 446 01a7 63       		.byte	99
 447 01a8 63       		.byte	99
 448 01a9 63       		.byte	99
 449 01aa 63       		.byte	99
 450 01ab 3E       		.byte	62
 451 01ac 00       		.byte	0
 452 01ad 00       		.byte	0
 453 01ae 00       		.byte	0
 454 01af 00       		.byte	0
 455 01b0 00       		.byte	0
 456 01b1 00       		.byte	0
ARM GAS  C:\Users\bolding\AppData\Local\Temp\ccXrbKvd.s 			page 9


 457 01b2 3E       		.byte	62
 458 01b3 63       		.byte	99
 459 01b4 63       		.byte	99
 460 01b5 63       		.byte	99
 461 01b6 63       		.byte	99
 462 01b7 3F       		.byte	63
 463 01b8 03       		.byte	3
 464 01b9 03       		.byte	3
 465 01ba 06       		.byte	6
 466 01bb 3C       		.byte	60
 467 01bc 00       		.byte	0
 468 01bd 00       		.byte	0
 469 01be 00       		.byte	0
 470 01bf 00       		.byte	0
 471 01c0 00       		.byte	0
 472 01c1 00       		.byte	0
 473 01c2 00       		.byte	0
 474 01c3 00       		.byte	0
 475 01c4 00       		.byte	0
 476 01c5 18       		.byte	24
 477 01c6 18       		.byte	24
 478 01c7 00       		.byte	0
 479 01c8 00       		.byte	0
 480 01c9 00       		.byte	0
 481 01ca 18       		.byte	24
 482 01cb 18       		.byte	24
 483 01cc 00       		.byte	0
 484 01cd 00       		.byte	0
 485 01ce 00       		.byte	0
 486 01cf 00       		.byte	0
 487 01d0 00       		.byte	0
 488 01d1 00       		.byte	0
 489 01d2 00       		.byte	0
 490 01d3 00       		.byte	0
 491 01d4 00       		.byte	0
 492 01d5 18       		.byte	24
 493 01d6 18       		.byte	24
 494 01d7 00       		.byte	0
 495 01d8 00       		.byte	0
 496 01d9 00       		.byte	0
 497 01da 18       		.byte	24
 498 01db 18       		.byte	24
 499 01dc 18       		.byte	24
 500 01dd 30       		.byte	48
 501 01de 00       		.byte	0
 502 01df 00       		.byte	0
 503 01e0 00       		.byte	0
 504 01e1 00       		.byte	0
 505 01e2 00       		.byte	0
 506 01e3 06       		.byte	6
 507 01e4 0C       		.byte	12
 508 01e5 18       		.byte	24
 509 01e6 30       		.byte	48
 510 01e7 60       		.byte	96
 511 01e8 30       		.byte	48
 512 01e9 18       		.byte	24
 513 01ea 0C       		.byte	12
ARM GAS  C:\Users\bolding\AppData\Local\Temp\ccXrbKvd.s 			page 10


 514 01eb 06       		.byte	6
 515 01ec 00       		.byte	0
 516 01ed 00       		.byte	0
 517 01ee 00       		.byte	0
 518 01ef 00       		.byte	0
 519 01f0 00       		.byte	0
 520 01f1 00       		.byte	0
 521 01f2 00       		.byte	0
 522 01f3 00       		.byte	0
 523 01f4 00       		.byte	0
 524 01f5 00       		.byte	0
 525 01f6 7E       		.byte	126
 526 01f7 00       		.byte	0
 527 01f8 00       		.byte	0
 528 01f9 7E       		.byte	126
 529 01fa 00       		.byte	0
 530 01fb 00       		.byte	0
 531 01fc 00       		.byte	0
 532 01fd 00       		.byte	0
 533 01fe 00       		.byte	0
 534 01ff 00       		.byte	0
 535 0200 00       		.byte	0
 536 0201 00       		.byte	0
 537 0202 00       		.byte	0
 538 0203 60       		.byte	96
 539 0204 30       		.byte	48
 540 0205 18       		.byte	24
 541 0206 0C       		.byte	12
 542 0207 06       		.byte	6
 543 0208 0C       		.byte	12
 544 0209 18       		.byte	24
 545 020a 30       		.byte	48
 546 020b 60       		.byte	96
 547 020c 00       		.byte	0
 548 020d 00       		.byte	0
 549 020e 00       		.byte	0
 550 020f 00       		.byte	0
 551 0210 00       		.byte	0
 552 0211 00       		.byte	0
 553 0212 3E       		.byte	62
 554 0213 63       		.byte	99
 555 0214 63       		.byte	99
 556 0215 06       		.byte	6
 557 0216 0C       		.byte	12
 558 0217 0C       		.byte	12
 559 0218 0C       		.byte	12
 560 0219 00       		.byte	0
 561 021a 0C       		.byte	12
 562 021b 0C       		.byte	12
 563 021c 00       		.byte	0
 564 021d 00       		.byte	0
 565 021e 00       		.byte	0
 566 021f 00       		.byte	0
 567 0220 00       		.byte	0
 568 0221 00       		.byte	0
 569 0222 3E       		.byte	62
 570 0223 63       		.byte	99
ARM GAS  C:\Users\bolding\AppData\Local\Temp\ccXrbKvd.s 			page 11


 571 0224 63       		.byte	99
 572 0225 6F       		.byte	111
 573 0226 6B       		.byte	107
 574 0227 6B       		.byte	107
 575 0228 6E       		.byte	110
 576 0229 60       		.byte	96
 577 022a 60       		.byte	96
 578 022b 3E       		.byte	62
 579 022c 00       		.byte	0
 580 022d 00       		.byte	0
 581 022e 00       		.byte	0
 582 022f 00       		.byte	0
 583 0230 00       		.byte	0
 584 0231 00       		.byte	0
 585 0232 08       		.byte	8
 586 0233 1C       		.byte	28
 587 0234 36       		.byte	54
 588 0235 63       		.byte	99
 589 0236 63       		.byte	99
 590 0237 63       		.byte	99
 591 0238 7F       		.byte	127
 592 0239 63       		.byte	99
 593 023a 63       		.byte	99
 594 023b 63       		.byte	99
 595 023c 00       		.byte	0
 596 023d 00       		.byte	0
 597 023e 00       		.byte	0
 598 023f 00       		.byte	0
 599 0240 00       		.byte	0
 600 0241 00       		.byte	0
 601 0242 7E       		.byte	126
 602 0243 33       		.byte	51
 603 0244 33       		.byte	51
 604 0245 33       		.byte	51
 605 0246 3E       		.byte	62
 606 0247 33       		.byte	51
 607 0248 33       		.byte	51
 608 0249 33       		.byte	51
 609 024a 33       		.byte	51
 610 024b 7E       		.byte	126
 611 024c 00       		.byte	0
 612 024d 00       		.byte	0
 613 024e 00       		.byte	0
 614 024f 00       		.byte	0
 615 0250 00       		.byte	0
 616 0251 00       		.byte	0
 617 0252 1E       		.byte	30
 618 0253 33       		.byte	51
 619 0254 61       		.byte	97
 620 0255 60       		.byte	96
 621 0256 60       		.byte	96
 622 0257 60       		.byte	96
 623 0258 60       		.byte	96
 624 0259 61       		.byte	97
 625 025a 33       		.byte	51
 626 025b 1E       		.byte	30
 627 025c 00       		.byte	0
ARM GAS  C:\Users\bolding\AppData\Local\Temp\ccXrbKvd.s 			page 12


 628 025d 00       		.byte	0
 629 025e 00       		.byte	0
 630 025f 00       		.byte	0
 631 0260 00       		.byte	0
 632 0261 00       		.byte	0
 633 0262 7C       		.byte	124
 634 0263 36       		.byte	54
 635 0264 33       		.byte	51
 636 0265 33       		.byte	51
 637 0266 33       		.byte	51
 638 0267 33       		.byte	51
 639 0268 33       		.byte	51
 640 0269 33       		.byte	51
 641 026a 36       		.byte	54
 642 026b 7C       		.byte	124
 643 026c 00       		.byte	0
 644 026d 00       		.byte	0
 645 026e 00       		.byte	0
 646 026f 00       		.byte	0
 647 0270 00       		.byte	0
 648 0271 00       		.byte	0
 649 0272 7F       		.byte	127
 650 0273 33       		.byte	51
 651 0274 31       		.byte	49
 652 0275 34       		.byte	52
 653 0276 3C       		.byte	60
 654 0277 34       		.byte	52
 655 0278 30       		.byte	48
 656 0279 31       		.byte	49
 657 027a 33       		.byte	51
 658 027b 7F       		.byte	127
 659 027c 00       		.byte	0
 660 027d 00       		.byte	0
 661 027e 00       		.byte	0
 662 027f 00       		.byte	0
 663 0280 00       		.byte	0
 664 0281 00       		.byte	0
 665 0282 7F       		.byte	127
 666 0283 33       		.byte	51
 667 0284 31       		.byte	49
 668 0285 34       		.byte	52
 669 0286 3C       		.byte	60
 670 0287 34       		.byte	52
 671 0288 30       		.byte	48
 672 0289 30       		.byte	48
 673 028a 30       		.byte	48
 674 028b 78       		.byte	120
 675 028c 00       		.byte	0
 676 028d 00       		.byte	0
 677 028e 00       		.byte	0
 678 028f 00       		.byte	0
 679 0290 00       		.byte	0
 680 0291 00       		.byte	0
 681 0292 1E       		.byte	30
 682 0293 33       		.byte	51
 683 0294 61       		.byte	97
 684 0295 60       		.byte	96
ARM GAS  C:\Users\bolding\AppData\Local\Temp\ccXrbKvd.s 			page 13


 685 0296 60       		.byte	96
 686 0297 6F       		.byte	111
 687 0298 63       		.byte	99
 688 0299 63       		.byte	99
 689 029a 37       		.byte	55
 690 029b 1D       		.byte	29
 691 029c 00       		.byte	0
 692 029d 00       		.byte	0
 693 029e 00       		.byte	0
 694 029f 00       		.byte	0
 695 02a0 00       		.byte	0
 696 02a1 00       		.byte	0
 697 02a2 63       		.byte	99
 698 02a3 63       		.byte	99
 699 02a4 63       		.byte	99
 700 02a5 63       		.byte	99
 701 02a6 7F       		.byte	127
 702 02a7 63       		.byte	99
 703 02a8 63       		.byte	99
 704 02a9 63       		.byte	99
 705 02aa 63       		.byte	99
 706 02ab 63       		.byte	99
 707 02ac 00       		.byte	0
 708 02ad 00       		.byte	0
 709 02ae 00       		.byte	0
 710 02af 00       		.byte	0
 711 02b0 00       		.byte	0
 712 02b1 00       		.byte	0
 713 02b2 3C       		.byte	60
 714 02b3 18       		.byte	24
 715 02b4 18       		.byte	24
 716 02b5 18       		.byte	24
 717 02b6 18       		.byte	24
 718 02b7 18       		.byte	24
 719 02b8 18       		.byte	24
 720 02b9 18       		.byte	24
 721 02ba 18       		.byte	24
 722 02bb 3C       		.byte	60
 723 02bc 00       		.byte	0
 724 02bd 00       		.byte	0
 725 02be 00       		.byte	0
 726 02bf 00       		.byte	0
 727 02c0 00       		.byte	0
 728 02c1 00       		.byte	0
 729 02c2 0F       		.byte	15
 730 02c3 06       		.byte	6
 731 02c4 06       		.byte	6
 732 02c5 06       		.byte	6
 733 02c6 06       		.byte	6
 734 02c7 06       		.byte	6
 735 02c8 06       		.byte	6
 736 02c9 66       		.byte	102
 737 02ca 66       		.byte	102
 738 02cb 3C       		.byte	60
 739 02cc 00       		.byte	0
 740 02cd 00       		.byte	0
 741 02ce 00       		.byte	0
ARM GAS  C:\Users\bolding\AppData\Local\Temp\ccXrbKvd.s 			page 14


 742 02cf 00       		.byte	0
 743 02d0 00       		.byte	0
 744 02d1 00       		.byte	0
 745 02d2 73       		.byte	115
 746 02d3 33       		.byte	51
 747 02d4 36       		.byte	54
 748 02d5 36       		.byte	54
 749 02d6 3C       		.byte	60
 750 02d7 36       		.byte	54
 751 02d8 36       		.byte	54
 752 02d9 33       		.byte	51
 753 02da 33       		.byte	51
 754 02db 73       		.byte	115
 755 02dc 00       		.byte	0
 756 02dd 00       		.byte	0
 757 02de 00       		.byte	0
 758 02df 00       		.byte	0
 759 02e0 00       		.byte	0
 760 02e1 00       		.byte	0
 761 02e2 78       		.byte	120
 762 02e3 30       		.byte	48
 763 02e4 30       		.byte	48
 764 02e5 30       		.byte	48
 765 02e6 30       		.byte	48
 766 02e7 30       		.byte	48
 767 02e8 30       		.byte	48
 768 02e9 31       		.byte	49
 769 02ea 33       		.byte	51
 770 02eb 7F       		.byte	127
 771 02ec 00       		.byte	0
 772 02ed 00       		.byte	0
 773 02ee 00       		.byte	0
 774 02ef 00       		.byte	0
 775 02f0 00       		.byte	0
 776 02f1 00       		.byte	0
 777 02f2 63       		.byte	99
 778 02f3 77       		.byte	119
 779 02f4 7F       		.byte	127
 780 02f5 6B       		.byte	107
 781 02f6 63       		.byte	99
 782 02f7 63       		.byte	99
 783 02f8 63       		.byte	99
 784 02f9 63       		.byte	99
 785 02fa 63       		.byte	99
 786 02fb 63       		.byte	99
 787 02fc 00       		.byte	0
 788 02fd 00       		.byte	0
 789 02fe 00       		.byte	0
 790 02ff 00       		.byte	0
 791 0300 00       		.byte	0
 792 0301 00       		.byte	0
 793 0302 63       		.byte	99
 794 0303 63       		.byte	99
 795 0304 73       		.byte	115
 796 0305 7B       		.byte	123
 797 0306 7F       		.byte	127
 798 0307 6F       		.byte	111
ARM GAS  C:\Users\bolding\AppData\Local\Temp\ccXrbKvd.s 			page 15


 799 0308 67       		.byte	103
 800 0309 63       		.byte	99
 801 030a 63       		.byte	99
 802 030b 63       		.byte	99
 803 030c 00       		.byte	0
 804 030d 00       		.byte	0
 805 030e 00       		.byte	0
 806 030f 00       		.byte	0
 807 0310 00       		.byte	0
 808 0311 00       		.byte	0
 809 0312 1C       		.byte	28
 810 0313 36       		.byte	54
 811 0314 63       		.byte	99
 812 0315 63       		.byte	99
 813 0316 63       		.byte	99
 814 0317 63       		.byte	99
 815 0318 63       		.byte	99
 816 0319 63       		.byte	99
 817 031a 36       		.byte	54
 818 031b 1C       		.byte	28
 819 031c 00       		.byte	0
 820 031d 00       		.byte	0
 821 031e 00       		.byte	0
 822 031f 00       		.byte	0
 823 0320 00       		.byte	0
 824 0321 00       		.byte	0
 825 0322 7E       		.byte	126
 826 0323 33       		.byte	51
 827 0324 33       		.byte	51
 828 0325 33       		.byte	51
 829 0326 3E       		.byte	62
 830 0327 30       		.byte	48
 831 0328 30       		.byte	48
 832 0329 30       		.byte	48
 833 032a 30       		.byte	48
 834 032b 78       		.byte	120
 835 032c 00       		.byte	0
 836 032d 00       		.byte	0
 837 032e 00       		.byte	0
 838 032f 00       		.byte	0
 839 0330 00       		.byte	0
 840 0331 00       		.byte	0
 841 0332 3E       		.byte	62
 842 0333 63       		.byte	99
 843 0334 63       		.byte	99
 844 0335 63       		.byte	99
 845 0336 63       		.byte	99
 846 0337 63       		.byte	99
 847 0338 63       		.byte	99
 848 0339 6B       		.byte	107
 849 033a 6F       		.byte	111
 850 033b 3E       		.byte	62
 851 033c 06       		.byte	6
 852 033d 07       		.byte	7
 853 033e 00       		.byte	0
 854 033f 00       		.byte	0
 855 0340 00       		.byte	0
ARM GAS  C:\Users\bolding\AppData\Local\Temp\ccXrbKvd.s 			page 16


 856 0341 00       		.byte	0
 857 0342 7E       		.byte	126
 858 0343 33       		.byte	51
 859 0344 33       		.byte	51
 860 0345 33       		.byte	51
 861 0346 3E       		.byte	62
 862 0347 36       		.byte	54
 863 0348 36       		.byte	54
 864 0349 33       		.byte	51
 865 034a 33       		.byte	51
 866 034b 73       		.byte	115
 867 034c 00       		.byte	0
 868 034d 00       		.byte	0
 869 034e 00       		.byte	0
 870 034f 00       		.byte	0
 871 0350 00       		.byte	0
 872 0351 00       		.byte	0
 873 0352 3E       		.byte	62
 874 0353 63       		.byte	99
 875 0354 63       		.byte	99
 876 0355 30       		.byte	48
 877 0356 1C       		.byte	28
 878 0357 06       		.byte	6
 879 0358 03       		.byte	3
 880 0359 63       		.byte	99
 881 035a 63       		.byte	99
 882 035b 3E       		.byte	62
 883 035c 00       		.byte	0
 884 035d 00       		.byte	0
 885 035e 00       		.byte	0
 886 035f 00       		.byte	0
 887 0360 00       		.byte	0
 888 0361 00       		.byte	0
 889 0362 FF       		.byte	-1
 890 0363 DB       		.byte	-37
 891 0364 99       		.byte	-103
 892 0365 18       		.byte	24
 893 0366 18       		.byte	24
 894 0367 18       		.byte	24
 895 0368 18       		.byte	24
 896 0369 18       		.byte	24
 897 036a 18       		.byte	24
 898 036b 3C       		.byte	60
 899 036c 00       		.byte	0
 900 036d 00       		.byte	0
 901 036e 00       		.byte	0
 902 036f 00       		.byte	0
 903 0370 00       		.byte	0
 904 0371 00       		.byte	0
 905 0372 63       		.byte	99
 906 0373 63       		.byte	99
 907 0374 63       		.byte	99
 908 0375 63       		.byte	99
 909 0376 63       		.byte	99
 910 0377 63       		.byte	99
 911 0378 63       		.byte	99
 912 0379 63       		.byte	99
ARM GAS  C:\Users\bolding\AppData\Local\Temp\ccXrbKvd.s 			page 17


 913 037a 63       		.byte	99
 914 037b 3E       		.byte	62
 915 037c 00       		.byte	0
 916 037d 00       		.byte	0
 917 037e 00       		.byte	0
 918 037f 00       		.byte	0
 919 0380 00       		.byte	0
 920 0381 00       		.byte	0
 921 0382 63       		.byte	99
 922 0383 63       		.byte	99
 923 0384 63       		.byte	99
 924 0385 63       		.byte	99
 925 0386 63       		.byte	99
 926 0387 63       		.byte	99
 927 0388 63       		.byte	99
 928 0389 36       		.byte	54
 929 038a 1C       		.byte	28
 930 038b 08       		.byte	8
 931 038c 00       		.byte	0
 932 038d 00       		.byte	0
 933 038e 00       		.byte	0
 934 038f 00       		.byte	0
 935 0390 00       		.byte	0
 936 0391 00       		.byte	0
 937 0392 63       		.byte	99
 938 0393 63       		.byte	99
 939 0394 63       		.byte	99
 940 0395 63       		.byte	99
 941 0396 63       		.byte	99
 942 0397 6B       		.byte	107
 943 0398 6B       		.byte	107
 944 0399 7F       		.byte	127
 945 039a 36       		.byte	54
 946 039b 36       		.byte	54
 947 039c 00       		.byte	0
 948 039d 00       		.byte	0
 949 039e 00       		.byte	0
 950 039f 00       		.byte	0
 951 03a0 00       		.byte	0
 952 03a1 00       		.byte	0
 953 03a2 C3       		.byte	-61
 954 03a3 C3       		.byte	-61
 955 03a4 66       		.byte	102
 956 03a5 3C       		.byte	60
 957 03a6 18       		.byte	24
 958 03a7 18       		.byte	24
 959 03a8 3C       		.byte	60
 960 03a9 66       		.byte	102
 961 03aa C3       		.byte	-61
 962 03ab C3       		.byte	-61
 963 03ac 00       		.byte	0
 964 03ad 00       		.byte	0
 965 03ae 00       		.byte	0
 966 03af 00       		.byte	0
 967 03b0 00       		.byte	0
 968 03b1 00       		.byte	0
 969 03b2 C3       		.byte	-61
ARM GAS  C:\Users\bolding\AppData\Local\Temp\ccXrbKvd.s 			page 18


 970 03b3 C3       		.byte	-61
 971 03b4 C3       		.byte	-61
 972 03b5 66       		.byte	102
 973 03b6 3C       		.byte	60
 974 03b7 18       		.byte	24
 975 03b8 18       		.byte	24
 976 03b9 18       		.byte	24
 977 03ba 18       		.byte	24
 978 03bb 3C       		.byte	60
 979 03bc 00       		.byte	0
 980 03bd 00       		.byte	0
 981 03be 00       		.byte	0
 982 03bf 00       		.byte	0
 983 03c0 00       		.byte	0
 984 03c1 00       		.byte	0
 985 03c2 7F       		.byte	127
 986 03c3 63       		.byte	99
 987 03c4 43       		.byte	67
 988 03c5 06       		.byte	6
 989 03c6 0C       		.byte	12
 990 03c7 18       		.byte	24
 991 03c8 30       		.byte	48
 992 03c9 61       		.byte	97
 993 03ca 63       		.byte	99
 994 03cb 7F       		.byte	127
 995 03cc 00       		.byte	0
 996 03cd 00       		.byte	0
 997 03ce 00       		.byte	0
 998 03cf 00       		.byte	0
 999 03d0 00       		.byte	0
 1000 03d1 00       		.byte	0
 1001 03d2 3C       		.byte	60
 1002 03d3 30       		.byte	48
 1003 03d4 30       		.byte	48
 1004 03d5 30       		.byte	48
 1005 03d6 30       		.byte	48
 1006 03d7 30       		.byte	48
 1007 03d8 30       		.byte	48
 1008 03d9 30       		.byte	48
 1009 03da 30       		.byte	48
 1010 03db 3C       		.byte	60
 1011 03dc 00       		.byte	0
 1012 03dd 00       		.byte	0
 1013 03de 00       		.byte	0
 1014 03df 00       		.byte	0
 1015 03e0 00       		.byte	0
 1016 03e1 00       		.byte	0
 1017 03e2 80       		.byte	-128
 1018 03e3 C0       		.byte	-64
 1019 03e4 E0       		.byte	-32
 1020 03e5 70       		.byte	112
 1021 03e6 38       		.byte	56
 1022 03e7 1C       		.byte	28
 1023 03e8 0E       		.byte	14
 1024 03e9 07       		.byte	7
 1025 03ea 03       		.byte	3
 1026 03eb 01       		.byte	1
ARM GAS  C:\Users\bolding\AppData\Local\Temp\ccXrbKvd.s 			page 19


 1027 03ec 00       		.byte	0
 1028 03ed 00       		.byte	0
 1029 03ee 00       		.byte	0
 1030 03ef 00       		.byte	0
 1031 03f0 00       		.byte	0
 1032 03f1 00       		.byte	0
 1033 03f2 3C       		.byte	60
 1034 03f3 0C       		.byte	12
 1035 03f4 0C       		.byte	12
 1036 03f5 0C       		.byte	12
 1037 03f6 0C       		.byte	12
 1038 03f7 0C       		.byte	12
 1039 03f8 0C       		.byte	12
 1040 03f9 0C       		.byte	12
 1041 03fa 0C       		.byte	12
 1042 03fb 3C       		.byte	60
 1043 03fc 00       		.byte	0
 1044 03fd 00       		.byte	0
 1045 03fe 00       		.byte	0
 1046 03ff 00       		.byte	0
 1047 0400 08       		.byte	8
 1048 0401 1C       		.byte	28
 1049 0402 36       		.byte	54
 1050 0403 63       		.byte	99
 1051 0404 00       		.byte	0
 1052 0405 00       		.byte	0
 1053 0406 00       		.byte	0
 1054 0407 00       		.byte	0
 1055 0408 00       		.byte	0
 1056 0409 00       		.byte	0
 1057 040a 00       		.byte	0
 1058 040b 00       		.byte	0
 1059 040c 00       		.byte	0
 1060 040d 00       		.byte	0
 1061 040e 00       		.byte	0
 1062 040f 00       		.byte	0
 1063 0410 00       		.byte	0
 1064 0411 00       		.byte	0
 1065 0412 00       		.byte	0
 1066 0413 00       		.byte	0
 1067 0414 00       		.byte	0
 1068 0415 00       		.byte	0
 1069 0416 00       		.byte	0
 1070 0417 00       		.byte	0
 1071 0418 00       		.byte	0
 1072 0419 00       		.byte	0
 1073 041a 00       		.byte	0
 1074 041b 00       		.byte	0
 1075 041c FF       		.byte	-1
 1076 041d 00       		.byte	0
 1077 041e 00       		.byte	0
 1078 041f 00       		.byte	0
 1079 0420 18       		.byte	24
 1080 0421 18       		.byte	24
 1081 0422 0C       		.byte	12
 1082 0423 00       		.byte	0
 1083 0424 00       		.byte	0
ARM GAS  C:\Users\bolding\AppData\Local\Temp\ccXrbKvd.s 			page 20


 1084 0425 00       		.byte	0
 1085 0426 00       		.byte	0
 1086 0427 00       		.byte	0
 1087 0428 00       		.byte	0
 1088 0429 00       		.byte	0
 1089 042a 00       		.byte	0
 1090 042b 00       		.byte	0
 1091 042c 00       		.byte	0
 1092 042d 00       		.byte	0
 1093 042e 00       		.byte	0
 1094 042f 00       		.byte	0
 1095 0430 00       		.byte	0
 1096 0431 00       		.byte	0
 1097 0432 00       		.byte	0
 1098 0433 00       		.byte	0
 1099 0434 00       		.byte	0
 1100 0435 3C       		.byte	60
 1101 0436 46       		.byte	70
 1102 0437 06       		.byte	6
 1103 0438 3E       		.byte	62
 1104 0439 66       		.byte	102
 1105 043a 66       		.byte	102
 1106 043b 3B       		.byte	59
 1107 043c 00       		.byte	0
 1108 043d 00       		.byte	0
 1109 043e 00       		.byte	0
 1110 043f 00       		.byte	0
 1111 0440 00       		.byte	0
 1112 0441 00       		.byte	0
 1113 0442 70       		.byte	112
 1114 0443 30       		.byte	48
 1115 0444 30       		.byte	48
 1116 0445 3C       		.byte	60
 1117 0446 36       		.byte	54
 1118 0447 33       		.byte	51
 1119 0448 33       		.byte	51
 1120 0449 33       		.byte	51
 1121 044a 33       		.byte	51
 1122 044b 6E       		.byte	110
 1123 044c 00       		.byte	0
 1124 044d 00       		.byte	0
 1125 044e 00       		.byte	0
 1126 044f 00       		.byte	0
 1127 0450 00       		.byte	0
 1128 0451 00       		.byte	0
 1129 0452 00       		.byte	0
 1130 0453 00       		.byte	0
 1131 0454 00       		.byte	0
 1132 0455 3E       		.byte	62
 1133 0456 63       		.byte	99
 1134 0457 60       		.byte	96
 1135 0458 60       		.byte	96
 1136 0459 60       		.byte	96
 1137 045a 63       		.byte	99
 1138 045b 3E       		.byte	62
 1139 045c 00       		.byte	0
 1140 045d 00       		.byte	0
ARM GAS  C:\Users\bolding\AppData\Local\Temp\ccXrbKvd.s 			page 21


 1141 045e 00       		.byte	0
 1142 045f 00       		.byte	0
 1143 0460 00       		.byte	0
 1144 0461 00       		.byte	0
 1145 0462 0E       		.byte	14
 1146 0463 06       		.byte	6
 1147 0464 06       		.byte	6
 1148 0465 1E       		.byte	30
 1149 0466 36       		.byte	54
 1150 0467 66       		.byte	102
 1151 0468 66       		.byte	102
 1152 0469 66       		.byte	102
 1153 046a 66       		.byte	102
 1154 046b 3B       		.byte	59
 1155 046c 00       		.byte	0
 1156 046d 00       		.byte	0
 1157 046e 00       		.byte	0
 1158 046f 00       		.byte	0
 1159 0470 00       		.byte	0
 1160 0471 00       		.byte	0
 1161 0472 00       		.byte	0
 1162 0473 00       		.byte	0
 1163 0474 00       		.byte	0
 1164 0475 3E       		.byte	62
 1165 0476 63       		.byte	99
 1166 0477 63       		.byte	99
 1167 0478 7E       		.byte	126
 1168 0479 60       		.byte	96
 1169 047a 63       		.byte	99
 1170 047b 3E       		.byte	62
 1171 047c 00       		.byte	0
 1172 047d 00       		.byte	0
 1173 047e 00       		.byte	0
 1174 047f 00       		.byte	0
 1175 0480 00       		.byte	0
 1176 0481 00       		.byte	0
 1177 0482 1C       		.byte	28
 1178 0483 36       		.byte	54
 1179 0484 32       		.byte	50
 1180 0485 30       		.byte	48
 1181 0486 7C       		.byte	124
 1182 0487 30       		.byte	48
 1183 0488 30       		.byte	48
 1184 0489 30       		.byte	48
 1185 048a 30       		.byte	48
 1186 048b 78       		.byte	120
 1187 048c 00       		.byte	0
 1188 048d 00       		.byte	0
 1189 048e 00       		.byte	0
 1190 048f 00       		.byte	0
 1191 0490 00       		.byte	0
 1192 0491 00       		.byte	0
 1193 0492 00       		.byte	0
 1194 0493 00       		.byte	0
 1195 0494 00       		.byte	0
 1196 0495 3B       		.byte	59
 1197 0496 66       		.byte	102
ARM GAS  C:\Users\bolding\AppData\Local\Temp\ccXrbKvd.s 			page 22


 1198 0497 66       		.byte	102
 1199 0498 66       		.byte	102
 1200 0499 66       		.byte	102
 1201 049a 3E       		.byte	62
 1202 049b 06       		.byte	6
 1203 049c 66       		.byte	102
 1204 049d 3C       		.byte	60
 1205 049e 00       		.byte	0
 1206 049f 00       		.byte	0
 1207 04a0 00       		.byte	0
 1208 04a1 00       		.byte	0
 1209 04a2 70       		.byte	112
 1210 04a3 30       		.byte	48
 1211 04a4 30       		.byte	48
 1212 04a5 36       		.byte	54
 1213 04a6 3B       		.byte	59
 1214 04a7 33       		.byte	51
 1215 04a8 33       		.byte	51
 1216 04a9 33       		.byte	51
 1217 04aa 33       		.byte	51
 1218 04ab 73       		.byte	115
 1219 04ac 00       		.byte	0
 1220 04ad 00       		.byte	0
 1221 04ae 00       		.byte	0
 1222 04af 00       		.byte	0
 1223 04b0 00       		.byte	0
 1224 04b1 00       		.byte	0
 1225 04b2 0C       		.byte	12
 1226 04b3 0C       		.byte	12
 1227 04b4 00       		.byte	0
 1228 04b5 1C       		.byte	28
 1229 04b6 0C       		.byte	12
 1230 04b7 0C       		.byte	12
 1231 04b8 0C       		.byte	12
 1232 04b9 0C       		.byte	12
 1233 04ba 0C       		.byte	12
 1234 04bb 1E       		.byte	30
 1235 04bc 00       		.byte	0
 1236 04bd 00       		.byte	0
 1237 04be 00       		.byte	0
 1238 04bf 00       		.byte	0
 1239 04c0 00       		.byte	0
 1240 04c1 00       		.byte	0
 1241 04c2 06       		.byte	6
 1242 04c3 06       		.byte	6
 1243 04c4 00       		.byte	0
 1244 04c5 0E       		.byte	14
 1245 04c6 06       		.byte	6
 1246 04c7 06       		.byte	6
 1247 04c8 06       		.byte	6
 1248 04c9 06       		.byte	6
 1249 04ca 06       		.byte	6
 1250 04cb 66       		.byte	102
 1251 04cc 66       		.byte	102
 1252 04cd 3C       		.byte	60
 1253 04ce 00       		.byte	0
 1254 04cf 00       		.byte	0
ARM GAS  C:\Users\bolding\AppData\Local\Temp\ccXrbKvd.s 			page 23


 1255 04d0 00       		.byte	0
 1256 04d1 00       		.byte	0
 1257 04d2 70       		.byte	112
 1258 04d3 30       		.byte	48
 1259 04d4 30       		.byte	48
 1260 04d5 33       		.byte	51
 1261 04d6 33       		.byte	51
 1262 04d7 36       		.byte	54
 1263 04d8 3C       		.byte	60
 1264 04d9 36       		.byte	54
 1265 04da 33       		.byte	51
 1266 04db 73       		.byte	115
 1267 04dc 00       		.byte	0
 1268 04dd 00       		.byte	0
 1269 04de 00       		.byte	0
 1270 04df 00       		.byte	0
 1271 04e0 00       		.byte	0
 1272 04e1 00       		.byte	0
 1273 04e2 1C       		.byte	28
 1274 04e3 0C       		.byte	12
 1275 04e4 0C       		.byte	12
 1276 04e5 0C       		.byte	12
 1277 04e6 0C       		.byte	12
 1278 04e7 0C       		.byte	12
 1279 04e8 0C       		.byte	12
 1280 04e9 0C       		.byte	12
 1281 04ea 0C       		.byte	12
 1282 04eb 1E       		.byte	30
 1283 04ec 00       		.byte	0
 1284 04ed 00       		.byte	0
 1285 04ee 00       		.byte	0
 1286 04ef 00       		.byte	0
 1287 04f0 00       		.byte	0
 1288 04f1 00       		.byte	0
 1289 04f2 00       		.byte	0
 1290 04f3 00       		.byte	0
 1291 04f4 00       		.byte	0
 1292 04f5 6E       		.byte	110
 1293 04f6 7F       		.byte	127
 1294 04f7 6B       		.byte	107
 1295 04f8 6B       		.byte	107
 1296 04f9 6B       		.byte	107
 1297 04fa 6B       		.byte	107
 1298 04fb 6B       		.byte	107
 1299 04fc 00       		.byte	0
 1300 04fd 00       		.byte	0
 1301 04fe 00       		.byte	0
 1302 04ff 00       		.byte	0
 1303 0500 00       		.byte	0
 1304 0501 00       		.byte	0
 1305 0502 00       		.byte	0
 1306 0503 00       		.byte	0
 1307 0504 00       		.byte	0
 1308 0505 6E       		.byte	110
 1309 0506 33       		.byte	51
 1310 0507 33       		.byte	51
 1311 0508 33       		.byte	51
ARM GAS  C:\Users\bolding\AppData\Local\Temp\ccXrbKvd.s 			page 24


 1312 0509 33       		.byte	51
 1313 050a 33       		.byte	51
 1314 050b 33       		.byte	51
 1315 050c 00       		.byte	0
 1316 050d 00       		.byte	0
 1317 050e 00       		.byte	0
 1318 050f 00       		.byte	0
 1319 0510 00       		.byte	0
 1320 0511 00       		.byte	0
 1321 0512 00       		.byte	0
 1322 0513 00       		.byte	0
 1323 0514 00       		.byte	0
 1324 0515 3E       		.byte	62
 1325 0516 63       		.byte	99
 1326 0517 63       		.byte	99
 1327 0518 63       		.byte	99
 1328 0519 63       		.byte	99
 1329 051a 63       		.byte	99
 1330 051b 3E       		.byte	62
 1331 051c 00       		.byte	0
 1332 051d 00       		.byte	0
 1333 051e 00       		.byte	0
 1334 051f 00       		.byte	0
 1335 0520 00       		.byte	0
 1336 0521 00       		.byte	0
 1337 0522 00       		.byte	0
 1338 0523 00       		.byte	0
 1339 0524 00       		.byte	0
 1340 0525 6E       		.byte	110
 1341 0526 33       		.byte	51
 1342 0527 33       		.byte	51
 1343 0528 33       		.byte	51
 1344 0529 33       		.byte	51
 1345 052a 3E       		.byte	62
 1346 052b 30       		.byte	48
 1347 052c 30       		.byte	48
 1348 052d 78       		.byte	120
 1349 052e 00       		.byte	0
 1350 052f 00       		.byte	0
 1351 0530 00       		.byte	0
 1352 0531 00       		.byte	0
 1353 0532 00       		.byte	0
 1354 0533 00       		.byte	0
 1355 0534 00       		.byte	0
 1356 0535 3B       		.byte	59
 1357 0536 66       		.byte	102
 1358 0537 66       		.byte	102
 1359 0538 66       		.byte	102
 1360 0539 66       		.byte	102
 1361 053a 3E       		.byte	62
 1362 053b 06       		.byte	6
 1363 053c 06       		.byte	6
 1364 053d 0F       		.byte	15
 1365 053e 00       		.byte	0
 1366 053f 00       		.byte	0
 1367 0540 00       		.byte	0
 1368 0541 00       		.byte	0
ARM GAS  C:\Users\bolding\AppData\Local\Temp\ccXrbKvd.s 			page 25


 1369 0542 00       		.byte	0
 1370 0543 00       		.byte	0
 1371 0544 00       		.byte	0
 1372 0545 6E       		.byte	110
 1373 0546 3B       		.byte	59
 1374 0547 33       		.byte	51
 1375 0548 30       		.byte	48
 1376 0549 30       		.byte	48
 1377 054a 30       		.byte	48
 1378 054b 78       		.byte	120
 1379 054c 00       		.byte	0
 1380 054d 00       		.byte	0
 1381 054e 00       		.byte	0
 1382 054f 00       		.byte	0
 1383 0550 00       		.byte	0
 1384 0551 00       		.byte	0
 1385 0552 00       		.byte	0
 1386 0553 00       		.byte	0
 1387 0554 00       		.byte	0
 1388 0555 3E       		.byte	62
 1389 0556 63       		.byte	99
 1390 0557 38       		.byte	56
 1391 0558 0E       		.byte	14
 1392 0559 03       		.byte	3
 1393 055a 63       		.byte	99
 1394 055b 3E       		.byte	62
 1395 055c 00       		.byte	0
 1396 055d 00       		.byte	0
 1397 055e 00       		.byte	0
 1398 055f 00       		.byte	0
 1399 0560 00       		.byte	0
 1400 0561 00       		.byte	0
 1401 0562 08       		.byte	8
 1402 0563 18       		.byte	24
 1403 0564 18       		.byte	24
 1404 0565 7E       		.byte	126
 1405 0566 18       		.byte	24
 1406 0567 18       		.byte	24
 1407 0568 18       		.byte	24
 1408 0569 18       		.byte	24
 1409 056a 1B       		.byte	27
 1410 056b 0E       		.byte	14
 1411 056c 00       		.byte	0
 1412 056d 00       		.byte	0
 1413 056e 00       		.byte	0
 1414 056f 00       		.byte	0
 1415 0570 00       		.byte	0
 1416 0571 00       		.byte	0
 1417 0572 00       		.byte	0
 1418 0573 00       		.byte	0
 1419 0574 00       		.byte	0
 1420 0575 66       		.byte	102
 1421 0576 66       		.byte	102
 1422 0577 66       		.byte	102
 1423 0578 66       		.byte	102
 1424 0579 66       		.byte	102
 1425 057a 66       		.byte	102
ARM GAS  C:\Users\bolding\AppData\Local\Temp\ccXrbKvd.s 			page 26


 1426 057b 3B       		.byte	59
 1427 057c 00       		.byte	0
 1428 057d 00       		.byte	0
 1429 057e 00       		.byte	0
 1430 057f 00       		.byte	0
 1431 0580 00       		.byte	0
 1432 0581 00       		.byte	0
 1433 0582 00       		.byte	0
 1434 0583 00       		.byte	0
 1435 0584 00       		.byte	0
 1436 0585 63       		.byte	99
 1437 0586 63       		.byte	99
 1438 0587 36       		.byte	54
 1439 0588 36       		.byte	54
 1440 0589 1C       		.byte	28
 1441 058a 1C       		.byte	28
 1442 058b 08       		.byte	8
 1443 058c 00       		.byte	0
 1444 058d 00       		.byte	0
 1445 058e 00       		.byte	0
 1446 058f 00       		.byte	0
 1447 0590 00       		.byte	0
 1448 0591 00       		.byte	0
 1449 0592 00       		.byte	0
 1450 0593 00       		.byte	0
 1451 0594 00       		.byte	0
 1452 0595 63       		.byte	99
 1453 0596 63       		.byte	99
 1454 0597 63       		.byte	99
 1455 0598 6B       		.byte	107
 1456 0599 6B       		.byte	107
 1457 059a 7F       		.byte	127
 1458 059b 36       		.byte	54
 1459 059c 00       		.byte	0
 1460 059d 00       		.byte	0
 1461 059e 00       		.byte	0
 1462 059f 00       		.byte	0
 1463 05a0 00       		.byte	0
 1464 05a1 00       		.byte	0
 1465 05a2 00       		.byte	0
 1466 05a3 00       		.byte	0
 1467 05a4 00       		.byte	0
 1468 05a5 63       		.byte	99
 1469 05a6 36       		.byte	54
 1470 05a7 1C       		.byte	28
 1471 05a8 1C       		.byte	28
 1472 05a9 1C       		.byte	28
 1473 05aa 36       		.byte	54
 1474 05ab 63       		.byte	99
 1475 05ac 00       		.byte	0
 1476 05ad 00       		.byte	0
 1477 05ae 00       		.byte	0
 1478 05af 00       		.byte	0
 1479 05b0 00       		.byte	0
 1480 05b1 00       		.byte	0
 1481 05b2 00       		.byte	0
 1482 05b3 00       		.byte	0
ARM GAS  C:\Users\bolding\AppData\Local\Temp\ccXrbKvd.s 			page 27


 1483 05b4 00       		.byte	0
 1484 05b5 63       		.byte	99
 1485 05b6 63       		.byte	99
 1486 05b7 63       		.byte	99
 1487 05b8 63       		.byte	99
 1488 05b9 63       		.byte	99
 1489 05ba 3F       		.byte	63
 1490 05bb 03       		.byte	3
 1491 05bc 06       		.byte	6
 1492 05bd 3C       		.byte	60
 1493 05be 00       		.byte	0
 1494 05bf 00       		.byte	0
 1495 05c0 00       		.byte	0
 1496 05c1 00       		.byte	0
 1497 05c2 00       		.byte	0
 1498 05c3 00       		.byte	0
 1499 05c4 00       		.byte	0
 1500 05c5 7F       		.byte	127
 1501 05c6 66       		.byte	102
 1502 05c7 0C       		.byte	12
 1503 05c8 18       		.byte	24
 1504 05c9 30       		.byte	48
 1505 05ca 63       		.byte	99
 1506 05cb 7F       		.byte	127
 1507 05cc 00       		.byte	0
 1508 05cd 00       		.byte	0
 1509 05ce 00       		.byte	0
 1510 05cf 00       		.byte	0
 1511 05d0 00       		.byte	0
 1512 05d1 00       		.byte	0
 1513 05d2 0E       		.byte	14
 1514 05d3 18       		.byte	24
 1515 05d4 18       		.byte	24
 1516 05d5 18       		.byte	24
 1517 05d6 70       		.byte	112
 1518 05d7 18       		.byte	24
 1519 05d8 18       		.byte	24
 1520 05d9 18       		.byte	24
 1521 05da 18       		.byte	24
 1522 05db 0E       		.byte	14
 1523 05dc 00       		.byte	0
 1524 05dd 00       		.byte	0
 1525 05de 00       		.byte	0
 1526 05df 00       		.byte	0
 1527 05e0 00       		.byte	0
 1528 05e1 00       		.byte	0
 1529 05e2 18       		.byte	24
 1530 05e3 18       		.byte	24
 1531 05e4 18       		.byte	24
 1532 05e5 18       		.byte	24
 1533 05e6 18       		.byte	24
 1534 05e7 00       		.byte	0
 1535 05e8 18       		.byte	24
 1536 05e9 18       		.byte	24
 1537 05ea 18       		.byte	24
 1538 05eb 18       		.byte	24
 1539 05ec 18       		.byte	24
ARM GAS  C:\Users\bolding\AppData\Local\Temp\ccXrbKvd.s 			page 28


 1540 05ed 00       		.byte	0
 1541 05ee 00       		.byte	0
 1542 05ef 00       		.byte	0
 1543 05f0 00       		.byte	0
 1544 05f1 00       		.byte	0
 1545 05f2 70       		.byte	112
 1546 05f3 18       		.byte	24
 1547 05f4 18       		.byte	24
 1548 05f5 18       		.byte	24
 1549 05f6 0E       		.byte	14
 1550 05f7 18       		.byte	24
 1551 05f8 18       		.byte	24
 1552 05f9 18       		.byte	24
 1553 05fa 18       		.byte	24
 1554 05fb 70       		.byte	112
 1555 05fc 00       		.byte	0
 1556 05fd 00       		.byte	0
 1557 05fe 00       		.byte	0
 1558 05ff 00       		.byte	0
 1559 0600 00       		.byte	0
 1560 0601 00       		.byte	0
 1561 0602 3B       		.byte	59
 1562 0603 6E       		.byte	110
 1563 0604 00       		.byte	0
 1564 0605 00       		.byte	0
 1565 0606 00       		.byte	0
 1566 0607 00       		.byte	0
 1567 0608 00       		.byte	0
 1568 0609 00       		.byte	0
 1569 060a 00       		.byte	0
 1570 060b 00       		.byte	0
 1571 060c 00       		.byte	0
 1572 060d 00       		.byte	0
 1573 060e 00       		.byte	0
 1574 060f 00       		.byte	0
 1575              		.text
 1576              	.Letext0:
 1577              		.file 1 "Generated_Source\\PSoC4\\cytypes.h"
 1578              		.file 2 "Generated_Source\\PSoC4\\GLCD_Font.c"
 1579              		.section	.debug_info,"",%progbits
 1580              	.Ldebug_info0:
 1581 0000 B4000000 		.4byte	0xb4
 1582 0004 0400     		.2byte	0x4
 1583 0006 00000000 		.4byte	.Ldebug_abbrev0
 1584 000a 04       		.byte	0x4
 1585 000b 01       		.uleb128 0x1
 1586 000c 63000000 		.4byte	.LASF13
 1587 0010 01       		.byte	0x1
 1588 0011 40000000 		.4byte	.LASF14
 1589 0015 F1000000 		.4byte	.LASF15
 1590 0019 00000000 		.4byte	.Ldebug_line0
 1591 001d 02       		.uleb128 0x2
 1592 001e 01       		.byte	0x1
 1593 001f 06       		.byte	0x6
 1594 0020 C6010000 		.4byte	.LASF0
 1595 0024 02       		.uleb128 0x2
 1596 0025 01       		.byte	0x1
ARM GAS  C:\Users\bolding\AppData\Local\Temp\ccXrbKvd.s 			page 29


 1597 0026 08       		.byte	0x8
 1598 0027 0D000000 		.4byte	.LASF1
 1599 002b 02       		.uleb128 0x2
 1600 002c 02       		.byte	0x2
 1601 002d 05       		.byte	0x5
 1602 002e AD010000 		.4byte	.LASF2
 1603 0032 02       		.uleb128 0x2
 1604 0033 02       		.byte	0x2
 1605 0034 07       		.byte	0x7
 1606 0035 2D000000 		.4byte	.LASF3
 1607 0039 02       		.uleb128 0x2
 1608 003a 04       		.byte	0x4
 1609 003b 05       		.byte	0x5
 1610 003c BD010000 		.4byte	.LASF4
 1611 0040 02       		.uleb128 0x2
 1612 0041 04       		.byte	0x4
 1613 0042 07       		.byte	0x7
 1614 0043 1B000000 		.4byte	.LASF5
 1615 0047 02       		.uleb128 0x2
 1616 0048 08       		.byte	0x8
 1617 0049 05       		.byte	0x5
 1618 004a 8C010000 		.4byte	.LASF6
 1619 004e 02       		.uleb128 0x2
 1620 004f 08       		.byte	0x8
 1621 0050 07       		.byte	0x7
 1622 0051 6C010000 		.4byte	.LASF7
 1623 0055 03       		.uleb128 0x3
 1624 0056 04       		.byte	0x4
 1625 0057 05       		.byte	0x5
 1626 0058 696E7400 		.ascii	"int\000"
 1627 005c 02       		.uleb128 0x2
 1628 005d 04       		.byte	0x4
 1629 005e 07       		.byte	0x7
 1630 005f 5F010000 		.4byte	.LASF8
 1631 0063 04       		.uleb128 0x4
 1632 0064 B7010000 		.4byte	.LASF16
 1633 0068 01       		.byte	0x1
 1634 0069 B901     		.2byte	0x1b9
 1635 006b 24000000 		.4byte	0x24
 1636 006f 02       		.uleb128 0x2
 1637 0070 04       		.byte	0x4
 1638 0071 04       		.byte	0x4
 1639 0072 07000000 		.4byte	.LASF9
 1640 0076 02       		.uleb128 0x2
 1641 0077 08       		.byte	0x8
 1642 0078 04       		.byte	0x4
 1643 0079 00000000 		.4byte	.LASF10
 1644 007d 02       		.uleb128 0x2
 1645 007e 01       		.byte	0x1
 1646 007f 08       		.byte	0x8
 1647 0080 A8010000 		.4byte	.LASF11
 1648 0084 05       		.uleb128 0x5
 1649 0085 63000000 		.4byte	0x63
 1650 0089 9A000000 		.4byte	0x9a
 1651 008d 06       		.uleb128 0x6
 1652 008e 9A000000 		.4byte	0x9a
 1653 0092 60       		.byte	0x60
ARM GAS  C:\Users\bolding\AppData\Local\Temp\ccXrbKvd.s 			page 30


 1654 0093 06       		.uleb128 0x6
 1655 0094 9A000000 		.4byte	0x9a
 1656 0098 0F       		.byte	0xf
 1657 0099 00       		.byte	0
 1658 009a 02       		.uleb128 0x2
 1659 009b 04       		.byte	0x4
 1660 009c 07       		.byte	0x7
 1661 009d 83010000 		.4byte	.LASF12
 1662 00a1 07       		.uleb128 0x7
 1663 00a2 9A010000 		.4byte	.LASF17
 1664 00a6 02       		.byte	0x2
 1665 00a7 1B       		.byte	0x1b
 1666 00a8 B2000000 		.4byte	0xb2
 1667 00ac 05       		.uleb128 0x5
 1668 00ad 03       		.byte	0x3
 1669 00ae 00000000 		.4byte	GLCD_FONT8x16
 1670 00b2 08       		.uleb128 0x8
 1671 00b3 84000000 		.4byte	0x84
 1672 00b7 00       		.byte	0
 1673              		.section	.debug_abbrev,"",%progbits
 1674              	.Ldebug_abbrev0:
 1675 0000 01       		.uleb128 0x1
 1676 0001 11       		.uleb128 0x11
 1677 0002 01       		.byte	0x1
 1678 0003 25       		.uleb128 0x25
 1679 0004 0E       		.uleb128 0xe
 1680 0005 13       		.uleb128 0x13
 1681 0006 0B       		.uleb128 0xb
 1682 0007 03       		.uleb128 0x3
 1683 0008 0E       		.uleb128 0xe
 1684 0009 1B       		.uleb128 0x1b
 1685 000a 0E       		.uleb128 0xe
 1686 000b 10       		.uleb128 0x10
 1687 000c 17       		.uleb128 0x17
 1688 000d 00       		.byte	0
 1689 000e 00       		.byte	0
 1690 000f 02       		.uleb128 0x2
 1691 0010 24       		.uleb128 0x24
 1692 0011 00       		.byte	0
 1693 0012 0B       		.uleb128 0xb
 1694 0013 0B       		.uleb128 0xb
 1695 0014 3E       		.uleb128 0x3e
 1696 0015 0B       		.uleb128 0xb
 1697 0016 03       		.uleb128 0x3
 1698 0017 0E       		.uleb128 0xe
 1699 0018 00       		.byte	0
 1700 0019 00       		.byte	0
 1701 001a 03       		.uleb128 0x3
 1702 001b 24       		.uleb128 0x24
 1703 001c 00       		.byte	0
 1704 001d 0B       		.uleb128 0xb
 1705 001e 0B       		.uleb128 0xb
 1706 001f 3E       		.uleb128 0x3e
 1707 0020 0B       		.uleb128 0xb
 1708 0021 03       		.uleb128 0x3
 1709 0022 08       		.uleb128 0x8
 1710 0023 00       		.byte	0
ARM GAS  C:\Users\bolding\AppData\Local\Temp\ccXrbKvd.s 			page 31


 1711 0024 00       		.byte	0
 1712 0025 04       		.uleb128 0x4
 1713 0026 16       		.uleb128 0x16
 1714 0027 00       		.byte	0
 1715 0028 03       		.uleb128 0x3
 1716 0029 0E       		.uleb128 0xe
 1717 002a 3A       		.uleb128 0x3a
 1718 002b 0B       		.uleb128 0xb
 1719 002c 3B       		.uleb128 0x3b
 1720 002d 05       		.uleb128 0x5
 1721 002e 49       		.uleb128 0x49
 1722 002f 13       		.uleb128 0x13
 1723 0030 00       		.byte	0
 1724 0031 00       		.byte	0
 1725 0032 05       		.uleb128 0x5
 1726 0033 01       		.uleb128 0x1
 1727 0034 01       		.byte	0x1
 1728 0035 49       		.uleb128 0x49
 1729 0036 13       		.uleb128 0x13
 1730 0037 01       		.uleb128 0x1
 1731 0038 13       		.uleb128 0x13
 1732 0039 00       		.byte	0
 1733 003a 00       		.byte	0
 1734 003b 06       		.uleb128 0x6
 1735 003c 21       		.uleb128 0x21
 1736 003d 00       		.byte	0
 1737 003e 49       		.uleb128 0x49
 1738 003f 13       		.uleb128 0x13
 1739 0040 2F       		.uleb128 0x2f
 1740 0041 0B       		.uleb128 0xb
 1741 0042 00       		.byte	0
 1742 0043 00       		.byte	0
 1743 0044 07       		.uleb128 0x7
 1744 0045 34       		.uleb128 0x34
 1745 0046 00       		.byte	0
 1746 0047 03       		.uleb128 0x3
 1747 0048 0E       		.uleb128 0xe
 1748 0049 3A       		.uleb128 0x3a
 1749 004a 0B       		.uleb128 0xb
 1750 004b 3B       		.uleb128 0x3b
 1751 004c 0B       		.uleb128 0xb
 1752 004d 49       		.uleb128 0x49
 1753 004e 13       		.uleb128 0x13
 1754 004f 3F       		.uleb128 0x3f
 1755 0050 19       		.uleb128 0x19
 1756 0051 02       		.uleb128 0x2
 1757 0052 18       		.uleb128 0x18
 1758 0053 00       		.byte	0
 1759 0054 00       		.byte	0
 1760 0055 08       		.uleb128 0x8
 1761 0056 26       		.uleb128 0x26
 1762 0057 00       		.byte	0
 1763 0058 49       		.uleb128 0x49
 1764 0059 13       		.uleb128 0x13
 1765 005a 00       		.byte	0
 1766 005b 00       		.byte	0
 1767 005c 00       		.byte	0
ARM GAS  C:\Users\bolding\AppData\Local\Temp\ccXrbKvd.s 			page 32


 1768              		.section	.debug_aranges,"",%progbits
 1769 0000 14000000 		.4byte	0x14
 1770 0004 0200     		.2byte	0x2
 1771 0006 00000000 		.4byte	.Ldebug_info0
 1772 000a 04       		.byte	0x4
 1773 000b 00       		.byte	0
 1774 000c 0000     		.2byte	0
 1775 000e 0000     		.2byte	0
 1776 0010 00000000 		.4byte	0
 1777 0014 00000000 		.4byte	0
 1778              		.section	.debug_line,"",%progbits
 1779              	.Ldebug_line0:
 1780 0000 4C000000 		.section	.debug_str,"MS",%progbits,1
 1780      02004600 
 1780      00000201 
 1780      FB0E0D00 
 1780      01010101 
 1781              	.LASF10:
 1782 0000 646F7562 		.ascii	"double\000"
 1782      6C6500
 1783              	.LASF9:
 1784 0007 666C6F61 		.ascii	"float\000"
 1784      7400
 1785              	.LASF1:
 1786 000d 756E7369 		.ascii	"unsigned char\000"
 1786      676E6564 
 1786      20636861 
 1786      7200
 1787              	.LASF5:
 1788 001b 6C6F6E67 		.ascii	"long unsigned int\000"
 1788      20756E73 
 1788      69676E65 
 1788      6420696E 
 1788      7400
 1789              	.LASF3:
 1790 002d 73686F72 		.ascii	"short unsigned int\000"
 1790      7420756E 
 1790      7369676E 
 1790      65642069 
 1790      6E7400
 1791              	.LASF14:
 1792 0040 47656E65 		.ascii	"Generated_Source\\PSoC4\\GLCD_Font.c\000"
 1792      72617465 
 1792      645F536F 
 1792      75726365 
 1792      5C50536F 
 1793              	.LASF13:
 1794 0063 474E5520 		.ascii	"GNU C 4.9.3 20150303 (release) [ARM/embedded-4_9-br"
 1794      4320342E 
 1794      392E3320 
 1794      32303135 
 1794      30333033 
 1795 0096 616E6368 		.ascii	"anch revision 221220] -mcpu=cortex-m0 -mthumb -g -O"
 1795      20726576 
 1795      6973696F 
 1795      6E203232 
 1795      31323230 
ARM GAS  C:\Users\bolding\AppData\Local\Temp\ccXrbKvd.s 			page 33


 1796 00c9 30202D66 		.ascii	"0 -ffunction-sections -ffat-lto-objects\000"
 1796      66756E63 
 1796      74696F6E 
 1796      2D736563 
 1796      74696F6E 
 1797              	.LASF15:
 1798 00f1 433A5C55 		.ascii	"C:\\Users\\bolding\\OneDrive - Seattle Pacific Univ"
 1798      73657273 
 1798      5C626F6C 
 1798      64696E67 
 1798      5C4F6E65 
 1799 0121 65727369 		.ascii	"ersity\\EE 3280\\Labs\\Assignment 0 - GLCD Test\\GL"
 1799      74795C45 
 1799      45203332 
 1799      38305C4C 
 1799      6162735C 
 1800 0150 43445F54 		.ascii	"CD_Test1.cydsn\000"
 1800      65737431 
 1800      2E637964 
 1800      736E00
 1801              	.LASF8:
 1802 015f 756E7369 		.ascii	"unsigned int\000"
 1802      676E6564 
 1802      20696E74 
 1802      00
 1803              	.LASF7:
 1804 016c 6C6F6E67 		.ascii	"long long unsigned int\000"
 1804      206C6F6E 
 1804      6720756E 
 1804      7369676E 
 1804      65642069 
 1805              	.LASF12:
 1806 0183 73697A65 		.ascii	"sizetype\000"
 1806      74797065 
 1806      00
 1807              	.LASF6:
 1808 018c 6C6F6E67 		.ascii	"long long int\000"
 1808      206C6F6E 
 1808      6720696E 
 1808      7400
 1809              	.LASF17:
 1810 019a 474C4344 		.ascii	"GLCD_FONT8x16\000"
 1810      5F464F4E 
 1810      54387831 
 1810      3600
 1811              	.LASF11:
 1812 01a8 63686172 		.ascii	"char\000"
 1812      00
 1813              	.LASF2:
 1814 01ad 73686F72 		.ascii	"short int\000"
 1814      7420696E 
 1814      7400
 1815              	.LASF16:
 1816 01b7 75696E74 		.ascii	"uint8\000"
 1816      3800
 1817              	.LASF4:
 1818 01bd 6C6F6E67 		.ascii	"long int\000"
ARM GAS  C:\Users\bolding\AppData\Local\Temp\ccXrbKvd.s 			page 34


 1818      20696E74 
 1818      00
 1819              	.LASF0:
 1820 01c6 7369676E 		.ascii	"signed char\000"
 1820      65642063 
 1820      68617200 
 1821              		.ident	"GCC: (GNU Tools for ARM Embedded Processors) 4.9.3 20150303 (release) [ARM/embedded-4_9-br
