ARM GAS  C:\Users\bolding\AppData\Local\Temp\ccn3M7UG.s 			page 1


   1              		.cpu cortex-m0
   2              		.fpu softvfp
   3              		.eabi_attribute 20, 1
   4              		.eabi_attribute 21, 1
   5              		.eabi_attribute 23, 3
   6              		.eabi_attribute 24, 1
   7              		.eabi_attribute 25, 1
   8              		.eabi_attribute 26, 1
   9              		.eabi_attribute 30, 6
  10              		.eabi_attribute 34, 0
  11              		.eabi_attribute 18, 4
  12              		.code	16
  13              		.file	"main.c"
  14              		.text
  15              	.Ltext0:
  16              		.cfi_sections	.debug_frame
  17              		.comm	GLCD_FONT8x16,1552,4
  18              		.section	.text.pretty_lines,"ax",%progbits
  19              		.align	2
  20              		.global	pretty_lines
  21              		.code	16
  22              		.thumb_func
  23              		.type	pretty_lines, %function
  24              	pretty_lines:
  25              	.LFB34:
  26              		.file 1 "main.c"
   1:main.c        **** 
   2:main.c        **** // Test program to confirm operation of PSoC 4 Pioneer Board and Graphical LCD
   3:main.c        **** // For documentation on the GLCD Library: Click on the Datasheets tab in the Workspace Explorer and
   4:main.c        **** //        API documentation is at the bottom of the Datasheet
   5:main.c        **** 
   6:main.c        **** #include <device.h>
   7:main.c        **** #include <header01.h>
   8:main.c        **** 
   9:main.c        **** void pretty_lines(int color){
  27              		.loc 1 9 0
  28              		.cfi_startproc
  29 0000 90B5     		push	{r4, r7, lr}
  30              		.cfi_def_cfa_offset 12
  31              		.cfi_offset 4, -12
  32              		.cfi_offset 7, -8
  33              		.cfi_offset 14, -4
  34 0002 87B0     		sub	sp, sp, #28
  35              		.cfi_def_cfa_offset 40
  36 0004 02AF     		add	r7, sp, #8
  37              		.cfi_def_cfa 7, 32
  38 0006 7860     		str	r0, [r7, #4]
  10:main.c        ****     // make some decorations around the edges by drawing lines
  11:main.c        ****     int i;
  12:main.c        ****     for (i = 0; i < 126; i+=5){
  39              		.loc 1 12 0
  40 0008 0023     		mov	r3, #0
  41 000a FB60     		str	r3, [r7, #12]
  42 000c 1CE0     		b	.L2
  43              	.L3:
  13:main.c        ****         GLCD_DrawLine(2+i,2,126,2+i, color);
  44              		.loc 1 13 0 discriminator 3
ARM GAS  C:\Users\bolding\AppData\Local\Temp\ccn3M7UG.s 			page 2


  45 000e FB68     		ldr	r3, [r7, #12]
  46 0010 9A1C     		add	r2, r3, #2
  47 0012 FB68     		ldr	r3, [r7, #12]
  48 0014 9C1C     		add	r4, r3, #2
  49 0016 7B68     		ldr	r3, [r7, #4]
  50 0018 0093     		str	r3, [sp]
  51 001a 101C     		mov	r0, r2
  52 001c 0221     		mov	r1, #2
  53 001e 7E22     		mov	r2, #126
  54 0020 231C     		mov	r3, r4
  55 0022 FFF7FEFF 		bl	GLCD_DrawLine
  14:main.c        ****         GLCD_DrawLine(126-i,126,2,126-i, color);
  56              		.loc 1 14 0 discriminator 3
  57 0026 FB68     		ldr	r3, [r7, #12]
  58 0028 7E22     		mov	r2, #126
  59 002a D11A     		sub	r1, r2, r3
  60 002c FB68     		ldr	r3, [r7, #12]
  61 002e 7E22     		mov	r2, #126
  62 0030 D41A     		sub	r4, r2, r3
  63 0032 7B68     		ldr	r3, [r7, #4]
  64 0034 0093     		str	r3, [sp]
  65 0036 081C     		mov	r0, r1
  66 0038 7E21     		mov	r1, #126
  67 003a 0222     		mov	r2, #2
  68 003c 231C     		mov	r3, r4
  69 003e FFF7FEFF 		bl	GLCD_DrawLine
  12:main.c        ****         GLCD_DrawLine(2+i,2,126,2+i, color);
  70              		.loc 1 12 0 discriminator 3
  71 0042 FB68     		ldr	r3, [r7, #12]
  72 0044 0533     		add	r3, r3, #5
  73 0046 FB60     		str	r3, [r7, #12]
  74              	.L2:
  12:main.c        ****         GLCD_DrawLine(2+i,2,126,2+i, color);
  75              		.loc 1 12 0 is_stmt 0 discriminator 1
  76 0048 FB68     		ldr	r3, [r7, #12]
  77 004a 7D2B     		cmp	r3, #125
  78 004c DFDD     		ble	.L3
  15:main.c        ****     }
  16:main.c        **** }
  79              		.loc 1 16 0 is_stmt 1
  80 004e BD46     		mov	sp, r7
  81 0050 05B0     		add	sp, sp, #20
  82              		@ sp needed
  83 0052 90BD     		pop	{r4, r7, pc}
  84              		.cfi_endproc
  85              	.LFE34:
  86              		.size	pretty_lines, .-pretty_lines
  87              		.section	.rodata
  88              		.align	2
  89              	.LC0:
  90 0000 53505500 		.ascii	"SPU\000"
  91              		.align	2
  92              	.LC2:
  93 0004 45435300 		.ascii	"ECS\000"
  94              		.section	.text.main,"ax",%progbits
  95              		.align	2
  96              		.global	main
ARM GAS  C:\Users\bolding\AppData\Local\Temp\ccn3M7UG.s 			page 3


  97              		.code	16
  98              		.thumb_func
  99              		.type	main, %function
 100              	main:
 101              	.LFB35:
  17:main.c        **** int main()
  18:main.c        **** {
 102              		.loc 1 18 0
 103              		.cfi_startproc
 104 0000 90B5     		push	{r4, r7, lr}
 105              		.cfi_def_cfa_offset 12
 106              		.cfi_offset 4, -12
 107              		.cfi_offset 7, -8
 108              		.cfi_offset 14, -4
 109 0002 85B0     		sub	sp, sp, #20
 110              		.cfi_def_cfa_offset 32
 111 0004 02AF     		add	r7, sp, #8
 112              		.cfi_def_cfa 7, 24
  19:main.c        ****     int16 i;       // counter variable -- int16 will take up less room than int32
  20:main.c        ****     int16 x = CENTER;  // x and y coordinates for center of circle
 113              		.loc 1 20 0
 114 0006 3B1D     		add	r3, r7, #4
 115 0008 3E22     		mov	r2, #62
 116 000a 1A80     		strh	r2, [r3]
  21:main.c        ****     int16 y = 62;
 117              		.loc 1 21 0
 118 000c BB1C     		add	r3, r7, #2
 119 000e 3E22     		mov	r2, #62
 120 0010 1A80     		strh	r2, [r3]
  22:main.c        **** 	
  23:main.c        **** 	// Initialize LCD
  24:main.c        ****     GLCD_Start();  
 121              		.loc 1 24 0
 122 0012 FFF7FEFF 		bl	GLCD_Start
  25:main.c        ****     Backlight_Write(1);       // turn on backlight
 123              		.loc 1 25 0
 124 0016 0120     		mov	r0, #1
 125 0018 FFF7FEFF 		bl	Backlight_Write
  26:main.c        ****     
  27:main.c        ****     LED_Blue_Write(1); LED_Green_Write(1); LED_Red_Write(1); // turn off all LEDs (1 means off)
 126              		.loc 1 27 0
 127 001c 0120     		mov	r0, #1
 128 001e FFF7FEFF 		bl	LED_Blue_Write
 129 0022 0120     		mov	r0, #1
 130 0024 FFF7FEFF 		bl	LED_Green_Write
 131 0028 0120     		mov	r0, #1
 132 002a FFF7FEFF 		bl	LED_Red_Write
  28:main.c        ****  
  29:main.c        ****     
  30:main.c        ****     // clear LCD to crimson color
  31:main.c        ****     GLCD_Clear(GLCD_CRIMSON);
 133              		.loc 1 31 0
 134 002e 584B     		ldr	r3, .L15
 135 0030 181C     		mov	r0, r3
 136 0032 FFF7FEFF 		bl	GLCD_Clear
  32:main.c        ****         
  33:main.c        ****     // Draw a filled circle in maroon by drawing a series of circles of increasing radius 
ARM GAS  C:\Users\bolding\AppData\Local\Temp\ccn3M7UG.s 			page 4


  34:main.c        ****     for (i = 0; i<40; i++) {
 137              		.loc 1 34 0
 138 0036 BB1D     		add	r3, r7, #6
 139 0038 0022     		mov	r2, #0
 140 003a 1A80     		strh	r2, [r3]
 141 003c 13E0     		b	.L5
 142              	.L6:
  35:main.c        ****         GLCD_DrawCircle (x,y,i, GLCD_MAROON);
 143              		.loc 1 35 0 discriminator 3
 144 003e 3B1D     		add	r3, r7, #4
 145 0040 0020     		mov	r0, #0
 146 0042 185E     		ldrsh	r0, [r3, r0]
 147 0044 BB1C     		add	r3, r7, #2
 148 0046 0021     		mov	r1, #0
 149 0048 595E     		ldrsh	r1, [r3, r1]
 150 004a BB1D     		add	r3, r7, #6
 151 004c 0022     		mov	r2, #0
 152 004e 9A5E     		ldrsh	r2, [r3, r2]
 153 0050 8023     		mov	r3, #128
 154 0052 1B01     		lsl	r3, r3, #4
 155 0054 FFF7FEFF 		bl	GLCD_DrawCircle
  34:main.c        ****         GLCD_DrawCircle (x,y,i, GLCD_MAROON);
 156              		.loc 1 34 0 discriminator 3
 157 0058 BB1D     		add	r3, r7, #6
 158 005a 1B88     		ldrh	r3, [r3]
 159 005c 9BB2     		uxth	r3, r3
 160 005e 0133     		add	r3, r3, #1
 161 0060 9AB2     		uxth	r2, r3
 162 0062 BB1D     		add	r3, r7, #6
 163 0064 1A80     		strh	r2, [r3]
 164              	.L5:
  34:main.c        ****         GLCD_DrawCircle (x,y,i, GLCD_MAROON);
 165              		.loc 1 34 0 is_stmt 0 discriminator 1
 166 0066 BB1D     		add	r3, r7, #6
 167 0068 0022     		mov	r2, #0
 168 006a 9B5E     		ldrsh	r3, [r3, r2]
 169 006c 272B     		cmp	r3, #39
 170 006e E6DD     		ble	.L6
  36:main.c        ****     }
  37:main.c        ****     
  38:main.c        ****     // Draw a thick white circle by drawing several white circles of increasing radius
  39:main.c        ****     for (i = 31; i< 34; i++) {
 171              		.loc 1 39 0 is_stmt 1
 172 0070 BB1D     		add	r3, r7, #6
 173 0072 1F22     		mov	r2, #31
 174 0074 1A80     		strh	r2, [r3]
 175 0076 16E0     		b	.L7
 176              	.L8:
  40:main.c        ****         GLCD_DrawCircle (x,y,i, GLCD_WHITE);
 177              		.loc 1 40 0 discriminator 3
 178 0078 3B1D     		add	r3, r7, #4
 179 007a 0021     		mov	r1, #0
 180 007c 595E     		ldrsh	r1, [r3, r1]
 181 007e BB1C     		add	r3, r7, #2
 182 0080 0022     		mov	r2, #0
 183 0082 9A5E     		ldrsh	r2, [r3, r2]
 184 0084 BB1D     		add	r3, r7, #6
ARM GAS  C:\Users\bolding\AppData\Local\Temp\ccn3M7UG.s 			page 5


 185 0086 0020     		mov	r0, #0
 186 0088 1B5E     		ldrsh	r3, [r3, r0]
 187 008a 424C     		ldr	r4, .L15+4
 188 008c 081C     		mov	r0, r1
 189 008e 111C     		mov	r1, r2
 190 0090 1A1C     		mov	r2, r3
 191 0092 231C     		mov	r3, r4
 192 0094 FFF7FEFF 		bl	GLCD_DrawCircle
  39:main.c        ****         GLCD_DrawCircle (x,y,i, GLCD_WHITE);
 193              		.loc 1 39 0 discriminator 3
 194 0098 BB1D     		add	r3, r7, #6
 195 009a 1B88     		ldrh	r3, [r3]
 196 009c 9BB2     		uxth	r3, r3
 197 009e 0133     		add	r3, r3, #1
 198 00a0 9AB2     		uxth	r2, r3
 199 00a2 BB1D     		add	r3, r7, #6
 200 00a4 1A80     		strh	r2, [r3]
 201              	.L7:
  39:main.c        ****         GLCD_DrawCircle (x,y,i, GLCD_WHITE);
 202              		.loc 1 39 0 is_stmt 0 discriminator 1
 203 00a6 BB1D     		add	r3, r7, #6
 204 00a8 0022     		mov	r2, #0
 205 00aa 9B5E     		ldrsh	r3, [r3, r2]
 206 00ac 212B     		cmp	r3, #33
 207 00ae E3DD     		ble	.L8
  41:main.c        ****     }
  42:main.c        ****     
  43:main.c        ****     // Display the words "SPU" and "ECS"
  44:main.c        ****     GLCD_PrintString("SPU", x-20, y-13, GLCD_WHITE, GLCD_MAROON);
 208              		.loc 1 44 0 is_stmt 1
 209 00b0 3B1D     		add	r3, r7, #4
 210 00b2 0022     		mov	r2, #0
 211 00b4 9B5E     		ldrsh	r3, [r3, r2]
 212 00b6 143B     		sub	r3, r3, #20
 213 00b8 191C     		mov	r1, r3
 214 00ba BB1C     		add	r3, r7, #2
 215 00bc 0022     		mov	r2, #0
 216 00be 9B5E     		ldrsh	r3, [r3, r2]
 217 00c0 0D3B     		sub	r3, r3, #13
 218 00c2 1A1C     		mov	r2, r3
 219 00c4 3448     		ldr	r0, .L15+8
 220 00c6 334C     		ldr	r4, .L15+4
 221 00c8 8023     		mov	r3, #128
 222 00ca 1B01     		lsl	r3, r3, #4
 223 00cc 0093     		str	r3, [sp]
 224 00ce 231C     		mov	r3, r4
 225 00d0 FFF7FEFF 		bl	GLCD_PrintString
  45:main.c        ****     GLCD_PrintString("ECS", x, y-13, GLCD_WHITE, GLCD_MAROON);
 226              		.loc 1 45 0
 227 00d4 3B1D     		add	r3, r7, #4
 228 00d6 0021     		mov	r1, #0
 229 00d8 595E     		ldrsh	r1, [r3, r1]
 230 00da BB1C     		add	r3, r7, #2
 231 00dc 0022     		mov	r2, #0
 232 00de 9B5E     		ldrsh	r3, [r3, r2]
 233 00e0 0D3B     		sub	r3, r3, #13
 234 00e2 1A1C     		mov	r2, r3
ARM GAS  C:\Users\bolding\AppData\Local\Temp\ccn3M7UG.s 			page 6


 235 00e4 2D48     		ldr	r0, .L15+12
 236 00e6 2B4C     		ldr	r4, .L15+4
 237 00e8 8023     		mov	r3, #128
 238 00ea 1B01     		lsl	r3, r3, #4
 239 00ec 0093     		str	r3, [sp]
 240 00ee 231C     		mov	r3, r4
 241 00f0 FFF7FEFF 		bl	GLCD_PrintString
  46:main.c        ****     
  47:main.c        ****     // Draw some decorative lines in white
  48:main.c        ****     pretty_lines(GLCD_WHITE);
 242              		.loc 1 48 0
 243 00f4 274B     		ldr	r3, .L15+4
 244 00f6 181C     		mov	r0, r3
 245 00f8 FFF7FEFF 		bl	pretty_lines
 246              	.L14:
  49:main.c        ****     
  50:main.c        ****     // endless loop - there is nothing to return to, so better to just loop forever
  51:main.c        ****     while(1) {
  52:main.c        ****     LED_Blue_Write(1); LED_Green_Write(1); LED_Red_Write(1);   // make sure all LEDs are off
 247              		.loc 1 52 0
 248 00fc 0120     		mov	r0, #1
 249 00fe FFF7FEFF 		bl	LED_Blue_Write
 250 0102 0120     		mov	r0, #1
 251 0104 FFF7FEFF 		bl	LED_Green_Write
 252 0108 0120     		mov	r0, #1
 253 010a FFF7FEFF 		bl	LED_Red_Write
  53:main.c        ****     
  54:main.c        ****     // If A pressed, turn on Green LED and draw lines in Green
  55:main.c        ****      if (A_Read()==0) {
 254              		.loc 1 55 0
 255 010e FFF7FEFF 		bl	A_Read
 256 0112 031E     		sub	r3, r0, #0
 257 0114 05D1     		bne	.L9
  56:main.c        ****          LED_Green_Write(0);   
 258              		.loc 1 56 0
 259 0116 0020     		mov	r0, #0
 260 0118 FFF7FEFF 		bl	LED_Green_Write
  57:main.c        ****         pretty_lines(GLCD_GREEN);
 261              		.loc 1 57 0
 262 011c F020     		mov	r0, #240
 263 011e FFF7FEFF 		bl	pretty_lines
 264              	.L9:
  58:main.c        ****         }
  59:main.c        ****     
  60:main.c        ****     // If B pressed, turn on Green and Red LEDs (Yellow) and draw lines in Yellow
  61:main.c        ****     if (B_Read()==0) {
 265              		.loc 1 61 0
 266 0122 FFF7FEFF 		bl	B_Read
 267 0126 031E     		sub	r3, r0, #0
 268 0128 0AD1     		bne	.L10
  62:main.c        ****          LED_Green_Write(0);  
 269              		.loc 1 62 0
 270 012a 0020     		mov	r0, #0
 271 012c FFF7FEFF 		bl	LED_Green_Write
  63:main.c        ****          LED_Red_Write(0);
 272              		.loc 1 63 0
 273 0130 0020     		mov	r0, #0
ARM GAS  C:\Users\bolding\AppData\Local\Temp\ccn3M7UG.s 			page 7


 274 0132 FFF7FEFF 		bl	LED_Red_Write
  64:main.c        ****         pretty_lines(GLCD_YELLOW);
 275              		.loc 1 64 0
 276 0136 FF23     		mov	r3, #255
 277 0138 1B01     		lsl	r3, r3, #4
 278 013a 181C     		mov	r0, r3
 279 013c FFF7FEFF 		bl	pretty_lines
 280              	.L10:
  65:main.c        ****         }
  66:main.c        ****     
  67:main.c        ****     // If C pressed, turn on Blue LED and draw lines in Blue
  68:main.c        ****     if (C_Read()==0) {
 281              		.loc 1 68 0
 282 0140 FFF7FEFF 		bl	C_Read
 283 0144 031E     		sub	r3, r0, #0
 284 0146 05D1     		bne	.L11
  69:main.c        ****          LED_Blue_Write(0); 
 285              		.loc 1 69 0
 286 0148 0020     		mov	r0, #0
 287 014a FFF7FEFF 		bl	LED_Blue_Write
  70:main.c        ****         pretty_lines(GLCD_BLUE);
 288              		.loc 1 70 0
 289 014e 0F20     		mov	r0, #15
 290 0150 FFF7FEFF 		bl	pretty_lines
 291              	.L11:
  71:main.c        ****         }
  72:main.c        ****     
  73:main.c        ****     // If D pressed, turn on Red LED and draw lines in Red
  74:main.c        ****     if (D_Read()==0) {
 292              		.loc 1 74 0
 293 0154 FFF7FEFF 		bl	D_Read
 294 0158 031E     		sub	r3, r0, #0
 295 015a 07D1     		bne	.L12
  75:main.c        ****          LED_Red_Write(0);  
 296              		.loc 1 75 0
 297 015c 0020     		mov	r0, #0
 298 015e FFF7FEFF 		bl	LED_Red_Write
  76:main.c        ****         pretty_lines(GLCD_RED);        
 299              		.loc 1 76 0
 300 0162 F023     		mov	r3, #240
 301 0164 1B01     		lsl	r3, r3, #4
 302 0166 181C     		mov	r0, r3
 303 0168 FFF7FEFF 		bl	pretty_lines
 304              	.L12:
  77:main.c        ****         }
  78:main.c        ****         
  79:main.c        **** 
  80:main.c        ****     
  81:main.c        ****     // If joystick center pushed, turn on Blue and Red LEDs and draw lines in White
  82:main.c        ****     if (Joy_Center_Read()==0) {
 305              		.loc 1 82 0
 306 016c FFF7FEFF 		bl	Joy_Center_Read
 307 0170 031E     		sub	r3, r0, #0
 308 0172 0CD1     		bne	.L13
  83:main.c        ****          LED_Blue_Write(0); 
 309              		.loc 1 83 0
 310 0174 0020     		mov	r0, #0
ARM GAS  C:\Users\bolding\AppData\Local\Temp\ccn3M7UG.s 			page 8


 311 0176 FFF7FEFF 		bl	LED_Blue_Write
  84:main.c        ****          LED_Red_Write(0);
 312              		.loc 1 84 0
 313 017a 0020     		mov	r0, #0
 314 017c FFF7FEFF 		bl	LED_Red_Write
  85:main.c        ****         LED_Green_Write(0);
 315              		.loc 1 85 0
 316 0180 0020     		mov	r0, #0
 317 0182 FFF7FEFF 		bl	LED_Green_Write
  86:main.c        ****         pretty_lines(GLCD_WHITE);
 318              		.loc 1 86 0
 319 0186 034B     		ldr	r3, .L15+4
 320 0188 181C     		mov	r0, r3
 321 018a FFF7FEFF 		bl	pretty_lines
 322              	.L13:
  87:main.c        ****         }
  88:main.c        ****        
  89:main.c        ****     }
 323              		.loc 1 89 0
 324 018e B5E7     		b	.L14
 325              	.L16:
 326              		.align	2
 327              	.L15:
 328 0190 130D0000 		.word	3347
 329 0194 FF0F0000 		.word	4095
 330 0198 00000000 		.word	.LC0
 331 019c 04000000 		.word	.LC2
 332              		.cfi_endproc
 333              	.LFE35:
 334              		.size	main, .-main
 335              		.text
 336              	.Letext0:
 337              		.file 2 "Generated_Source\\PSoC4/cytypes.h"
 338              		.file 3 "Generated_Source\\PSoC4/GLCD.h"
 339              		.section	.debug_info,"",%progbits
 340              	.Ldebug_info0:
 341 0000 36010000 		.4byte	0x136
 342 0004 0400     		.2byte	0x4
 343 0006 00000000 		.4byte	.Ldebug_abbrev0
 344 000a 04       		.byte	0x4
 345 000b 01       		.uleb128 0x1
 346 000c 0E000000 		.4byte	.LASF17
 347 0010 01       		.byte	0x1
 348 0011 F6000000 		.4byte	.LASF18
 349 0015 66010000 		.4byte	.LASF19
 350 0019 00000000 		.4byte	.Ldebug_ranges0+0
 351 001d 00000000 		.4byte	0
 352 0021 00000000 		.4byte	.Ldebug_line0
 353 0025 02       		.uleb128 0x2
 354 0026 01       		.byte	0x1
 355 0027 06       		.byte	0x6
 356 0028 20010000 		.4byte	.LASF0
 357 002c 02       		.uleb128 0x2
 358 002d 01       		.byte	0x1
 359 002e 08       		.byte	0x8
 360 002f E3000000 		.4byte	.LASF1
 361 0033 02       		.uleb128 0x2
ARM GAS  C:\Users\bolding\AppData\Local\Temp\ccn3M7UG.s 			page 9


 362 0034 02       		.byte	0x2
 363 0035 05       		.byte	0x5
 364 0036 46010000 		.4byte	.LASF2
 365 003a 02       		.uleb128 0x2
 366 003b 02       		.byte	0x2
 367 003c 07       		.byte	0x7
 368 003d 0D010000 		.4byte	.LASF3
 369 0041 02       		.uleb128 0x2
 370 0042 04       		.byte	0x4
 371 0043 05       		.byte	0x5
 372 0044 FD000000 		.4byte	.LASF4
 373 0048 02       		.uleb128 0x2
 374 0049 04       		.byte	0x4
 375 004a 07       		.byte	0x7
 376 004b B4000000 		.4byte	.LASF5
 377 004f 02       		.uleb128 0x2
 378 0050 08       		.byte	0x8
 379 0051 05       		.byte	0x5
 380 0052 00000000 		.4byte	.LASF6
 381 0056 02       		.uleb128 0x2
 382 0057 08       		.byte	0x8
 383 0058 07       		.byte	0x7
 384 0059 CC000000 		.4byte	.LASF7
 385 005d 03       		.uleb128 0x3
 386 005e 04       		.byte	0x4
 387 005f 05       		.byte	0x5
 388 0060 696E7400 		.ascii	"int\000"
 389 0064 02       		.uleb128 0x2
 390 0065 04       		.byte	0x4
 391 0066 07       		.byte	0x7
 392 0067 9C000000 		.4byte	.LASF8
 393 006b 04       		.uleb128 0x4
 394 006c AE000000 		.4byte	.LASF9
 395 0070 02       		.byte	0x2
 396 0071 B901     		.2byte	0x1b9
 397 0073 2C000000 		.4byte	0x2c
 398 0077 04       		.uleb128 0x4
 399 0078 40010000 		.4byte	.LASF10
 400 007c 02       		.byte	0x2
 401 007d BD01     		.2byte	0x1bd
 402 007f 33000000 		.4byte	0x33
 403 0083 02       		.uleb128 0x2
 404 0084 04       		.byte	0x4
 405 0085 04       		.byte	0x4
 406 0086 3A010000 		.4byte	.LASF11
 407 008a 02       		.uleb128 0x2
 408 008b 08       		.byte	0x8
 409 008c 04       		.byte	0x4
 410 008d 06010000 		.4byte	.LASF12
 411 0091 02       		.uleb128 0x2
 412 0092 01       		.byte	0x1
 413 0093 08       		.byte	0x8
 414 0094 F1000000 		.4byte	.LASF13
 415 0098 02       		.uleb128 0x2
 416 0099 04       		.byte	0x4
 417 009a 07       		.byte	0x7
 418 009b 5D010000 		.4byte	.LASF14
ARM GAS  C:\Users\bolding\AppData\Local\Temp\ccn3M7UG.s 			page 10


 419 009f 05       		.uleb128 0x5
 420 00a0 50010000 		.4byte	.LASF15
 421 00a4 01       		.byte	0x1
 422 00a5 09       		.byte	0x9
 423 00a6 00000000 		.4byte	.LFB34
 424 00aa 54000000 		.4byte	.LFE34-.LFB34
 425 00ae 01       		.uleb128 0x1
 426 00af 9C       		.byte	0x9c
 427 00b0 CF000000 		.4byte	0xcf
 428 00b4 06       		.uleb128 0x6
 429 00b5 C6000000 		.4byte	.LASF20
 430 00b9 01       		.byte	0x1
 431 00ba 09       		.byte	0x9
 432 00bb 5D000000 		.4byte	0x5d
 433 00bf 02       		.uleb128 0x2
 434 00c0 91       		.byte	0x91
 435 00c1 64       		.sleb128 -28
 436 00c2 07       		.uleb128 0x7
 437 00c3 6900     		.ascii	"i\000"
 438 00c5 01       		.byte	0x1
 439 00c6 0B       		.byte	0xb
 440 00c7 5D000000 		.4byte	0x5d
 441 00cb 02       		.uleb128 0x2
 442 00cc 91       		.byte	0x91
 443 00cd 6C       		.sleb128 -20
 444 00ce 00       		.byte	0
 445 00cf 08       		.uleb128 0x8
 446 00d0 A9000000 		.4byte	.LASF16
 447 00d4 01       		.byte	0x1
 448 00d5 11       		.byte	0x11
 449 00d6 5D000000 		.4byte	0x5d
 450 00da 00000000 		.4byte	.LFB35
 451 00de A0010000 		.4byte	.LFE35-.LFB35
 452 00e2 01       		.uleb128 0x1
 453 00e3 9C       		.byte	0x9c
 454 00e4 0D010000 		.4byte	0x10d
 455 00e8 07       		.uleb128 0x7
 456 00e9 6900     		.ascii	"i\000"
 457 00eb 01       		.byte	0x1
 458 00ec 13       		.byte	0x13
 459 00ed 77000000 		.4byte	0x77
 460 00f1 02       		.uleb128 0x2
 461 00f2 91       		.byte	0x91
 462 00f3 6E       		.sleb128 -18
 463 00f4 07       		.uleb128 0x7
 464 00f5 7800     		.ascii	"x\000"
 465 00f7 01       		.byte	0x1
 466 00f8 14       		.byte	0x14
 467 00f9 77000000 		.4byte	0x77
 468 00fd 02       		.uleb128 0x2
 469 00fe 91       		.byte	0x91
 470 00ff 6C       		.sleb128 -20
 471 0100 07       		.uleb128 0x7
 472 0101 7900     		.ascii	"y\000"
 473 0103 01       		.byte	0x1
 474 0104 15       		.byte	0x15
 475 0105 77000000 		.4byte	0x77
ARM GAS  C:\Users\bolding\AppData\Local\Temp\ccn3M7UG.s 			page 11


 476 0109 02       		.uleb128 0x2
 477 010a 91       		.byte	0x91
 478 010b 6A       		.sleb128 -22
 479 010c 00       		.byte	0
 480 010d 09       		.uleb128 0x9
 481 010e 6B000000 		.4byte	0x6b
 482 0112 23010000 		.4byte	0x123
 483 0116 0A       		.uleb128 0xa
 484 0117 98000000 		.4byte	0x98
 485 011b 60       		.byte	0x60
 486 011c 0A       		.uleb128 0xa
 487 011d 98000000 		.4byte	0x98
 488 0121 0F       		.byte	0xf
 489 0122 00       		.byte	0
 490 0123 0B       		.uleb128 0xb
 491 0124 2C010000 		.4byte	.LASF21
 492 0128 03       		.byte	0x3
 493 0129 42       		.byte	0x42
 494 012a 34010000 		.4byte	0x134
 495 012e 05       		.uleb128 0x5
 496 012f 03       		.byte	0x3
 497 0130 00000000 		.4byte	GLCD_FONT8x16
 498 0134 0C       		.uleb128 0xc
 499 0135 0D010000 		.4byte	0x10d
 500 0139 00       		.byte	0
 501              		.section	.debug_abbrev,"",%progbits
 502              	.Ldebug_abbrev0:
 503 0000 01       		.uleb128 0x1
 504 0001 11       		.uleb128 0x11
 505 0002 01       		.byte	0x1
 506 0003 25       		.uleb128 0x25
 507 0004 0E       		.uleb128 0xe
 508 0005 13       		.uleb128 0x13
 509 0006 0B       		.uleb128 0xb
 510 0007 03       		.uleb128 0x3
 511 0008 0E       		.uleb128 0xe
 512 0009 1B       		.uleb128 0x1b
 513 000a 0E       		.uleb128 0xe
 514 000b 55       		.uleb128 0x55
 515 000c 17       		.uleb128 0x17
 516 000d 11       		.uleb128 0x11
 517 000e 01       		.uleb128 0x1
 518 000f 10       		.uleb128 0x10
 519 0010 17       		.uleb128 0x17
 520 0011 00       		.byte	0
 521 0012 00       		.byte	0
 522 0013 02       		.uleb128 0x2
 523 0014 24       		.uleb128 0x24
 524 0015 00       		.byte	0
 525 0016 0B       		.uleb128 0xb
 526 0017 0B       		.uleb128 0xb
 527 0018 3E       		.uleb128 0x3e
 528 0019 0B       		.uleb128 0xb
 529 001a 03       		.uleb128 0x3
 530 001b 0E       		.uleb128 0xe
 531 001c 00       		.byte	0
 532 001d 00       		.byte	0
ARM GAS  C:\Users\bolding\AppData\Local\Temp\ccn3M7UG.s 			page 12


 533 001e 03       		.uleb128 0x3
 534 001f 24       		.uleb128 0x24
 535 0020 00       		.byte	0
 536 0021 0B       		.uleb128 0xb
 537 0022 0B       		.uleb128 0xb
 538 0023 3E       		.uleb128 0x3e
 539 0024 0B       		.uleb128 0xb
 540 0025 03       		.uleb128 0x3
 541 0026 08       		.uleb128 0x8
 542 0027 00       		.byte	0
 543 0028 00       		.byte	0
 544 0029 04       		.uleb128 0x4
 545 002a 16       		.uleb128 0x16
 546 002b 00       		.byte	0
 547 002c 03       		.uleb128 0x3
 548 002d 0E       		.uleb128 0xe
 549 002e 3A       		.uleb128 0x3a
 550 002f 0B       		.uleb128 0xb
 551 0030 3B       		.uleb128 0x3b
 552 0031 05       		.uleb128 0x5
 553 0032 49       		.uleb128 0x49
 554 0033 13       		.uleb128 0x13
 555 0034 00       		.byte	0
 556 0035 00       		.byte	0
 557 0036 05       		.uleb128 0x5
 558 0037 2E       		.uleb128 0x2e
 559 0038 01       		.byte	0x1
 560 0039 3F       		.uleb128 0x3f
 561 003a 19       		.uleb128 0x19
 562 003b 03       		.uleb128 0x3
 563 003c 0E       		.uleb128 0xe
 564 003d 3A       		.uleb128 0x3a
 565 003e 0B       		.uleb128 0xb
 566 003f 3B       		.uleb128 0x3b
 567 0040 0B       		.uleb128 0xb
 568 0041 27       		.uleb128 0x27
 569 0042 19       		.uleb128 0x19
 570 0043 11       		.uleb128 0x11
 571 0044 01       		.uleb128 0x1
 572 0045 12       		.uleb128 0x12
 573 0046 06       		.uleb128 0x6
 574 0047 40       		.uleb128 0x40
 575 0048 18       		.uleb128 0x18
 576 0049 9642     		.uleb128 0x2116
 577 004b 19       		.uleb128 0x19
 578 004c 01       		.uleb128 0x1
 579 004d 13       		.uleb128 0x13
 580 004e 00       		.byte	0
 581 004f 00       		.byte	0
 582 0050 06       		.uleb128 0x6
 583 0051 05       		.uleb128 0x5
 584 0052 00       		.byte	0
 585 0053 03       		.uleb128 0x3
 586 0054 0E       		.uleb128 0xe
 587 0055 3A       		.uleb128 0x3a
 588 0056 0B       		.uleb128 0xb
 589 0057 3B       		.uleb128 0x3b
ARM GAS  C:\Users\bolding\AppData\Local\Temp\ccn3M7UG.s 			page 13


 590 0058 0B       		.uleb128 0xb
 591 0059 49       		.uleb128 0x49
 592 005a 13       		.uleb128 0x13
 593 005b 02       		.uleb128 0x2
 594 005c 18       		.uleb128 0x18
 595 005d 00       		.byte	0
 596 005e 00       		.byte	0
 597 005f 07       		.uleb128 0x7
 598 0060 34       		.uleb128 0x34
 599 0061 00       		.byte	0
 600 0062 03       		.uleb128 0x3
 601 0063 08       		.uleb128 0x8
 602 0064 3A       		.uleb128 0x3a
 603 0065 0B       		.uleb128 0xb
 604 0066 3B       		.uleb128 0x3b
 605 0067 0B       		.uleb128 0xb
 606 0068 49       		.uleb128 0x49
 607 0069 13       		.uleb128 0x13
 608 006a 02       		.uleb128 0x2
 609 006b 18       		.uleb128 0x18
 610 006c 00       		.byte	0
 611 006d 00       		.byte	0
 612 006e 08       		.uleb128 0x8
 613 006f 2E       		.uleb128 0x2e
 614 0070 01       		.byte	0x1
 615 0071 3F       		.uleb128 0x3f
 616 0072 19       		.uleb128 0x19
 617 0073 03       		.uleb128 0x3
 618 0074 0E       		.uleb128 0xe
 619 0075 3A       		.uleb128 0x3a
 620 0076 0B       		.uleb128 0xb
 621 0077 3B       		.uleb128 0x3b
 622 0078 0B       		.uleb128 0xb
 623 0079 49       		.uleb128 0x49
 624 007a 13       		.uleb128 0x13
 625 007b 11       		.uleb128 0x11
 626 007c 01       		.uleb128 0x1
 627 007d 12       		.uleb128 0x12
 628 007e 06       		.uleb128 0x6
 629 007f 40       		.uleb128 0x40
 630 0080 18       		.uleb128 0x18
 631 0081 9642     		.uleb128 0x2116
 632 0083 19       		.uleb128 0x19
 633 0084 01       		.uleb128 0x1
 634 0085 13       		.uleb128 0x13
 635 0086 00       		.byte	0
 636 0087 00       		.byte	0
 637 0088 09       		.uleb128 0x9
 638 0089 01       		.uleb128 0x1
 639 008a 01       		.byte	0x1
 640 008b 49       		.uleb128 0x49
 641 008c 13       		.uleb128 0x13
 642 008d 01       		.uleb128 0x1
 643 008e 13       		.uleb128 0x13
 644 008f 00       		.byte	0
 645 0090 00       		.byte	0
 646 0091 0A       		.uleb128 0xa
ARM GAS  C:\Users\bolding\AppData\Local\Temp\ccn3M7UG.s 			page 14


 647 0092 21       		.uleb128 0x21
 648 0093 00       		.byte	0
 649 0094 49       		.uleb128 0x49
 650 0095 13       		.uleb128 0x13
 651 0096 2F       		.uleb128 0x2f
 652 0097 0B       		.uleb128 0xb
 653 0098 00       		.byte	0
 654 0099 00       		.byte	0
 655 009a 0B       		.uleb128 0xb
 656 009b 34       		.uleb128 0x34
 657 009c 00       		.byte	0
 658 009d 03       		.uleb128 0x3
 659 009e 0E       		.uleb128 0xe
 660 009f 3A       		.uleb128 0x3a
 661 00a0 0B       		.uleb128 0xb
 662 00a1 3B       		.uleb128 0x3b
 663 00a2 0B       		.uleb128 0xb
 664 00a3 49       		.uleb128 0x49
 665 00a4 13       		.uleb128 0x13
 666 00a5 3F       		.uleb128 0x3f
 667 00a6 19       		.uleb128 0x19
 668 00a7 02       		.uleb128 0x2
 669 00a8 18       		.uleb128 0x18
 670 00a9 00       		.byte	0
 671 00aa 00       		.byte	0
 672 00ab 0C       		.uleb128 0xc
 673 00ac 26       		.uleb128 0x26
 674 00ad 00       		.byte	0
 675 00ae 49       		.uleb128 0x49
 676 00af 13       		.uleb128 0x13
 677 00b0 00       		.byte	0
 678 00b1 00       		.byte	0
 679 00b2 00       		.byte	0
 680              		.section	.debug_aranges,"",%progbits
 681 0000 24000000 		.4byte	0x24
 682 0004 0200     		.2byte	0x2
 683 0006 00000000 		.4byte	.Ldebug_info0
 684 000a 04       		.byte	0x4
 685 000b 00       		.byte	0
 686 000c 0000     		.2byte	0
 687 000e 0000     		.2byte	0
 688 0010 00000000 		.4byte	.LFB34
 689 0014 54000000 		.4byte	.LFE34-.LFB34
 690 0018 00000000 		.4byte	.LFB35
 691 001c A0010000 		.4byte	.LFE35-.LFB35
 692 0020 00000000 		.4byte	0
 693 0024 00000000 		.4byte	0
 694              		.section	.debug_ranges,"",%progbits
 695              	.Ldebug_ranges0:
 696 0000 00000000 		.4byte	.LFB34
 697 0004 54000000 		.4byte	.LFE34
 698 0008 00000000 		.4byte	.LFB35
 699 000c A0010000 		.4byte	.LFE35
 700 0010 00000000 		.4byte	0
 701 0014 00000000 		.4byte	0
 702              		.section	.debug_line,"",%progbits
 703              	.Ldebug_line0:
ARM GAS  C:\Users\bolding\AppData\Local\Temp\ccn3M7UG.s 			page 15


 704 0000 C7000000 		.section	.debug_str,"MS",%progbits,1
 704      02004B00 
 704      00000201 
 704      FB0E0D00 
 704      01010101 
 705              	.LASF6:
 706 0000 6C6F6E67 		.ascii	"long long int\000"
 706      206C6F6E 
 706      6720696E 
 706      7400
 707              	.LASF17:
 708 000e 474E5520 		.ascii	"GNU C 4.9.3 20150303 (release) [ARM/embedded-4_9-br"
 708      4320342E 
 708      392E3320 
 708      32303135 
 708      30333033 
 709 0041 616E6368 		.ascii	"anch revision 221220] -mcpu=cortex-m0 -mthumb -g -O"
 709      20726576 
 709      6973696F 
 709      6E203232 
 709      31323230 
 710 0074 30202D66 		.ascii	"0 -ffunction-sections -ffat-lto-objects\000"
 710      66756E63 
 710      74696F6E 
 710      2D736563 
 710      74696F6E 
 711              	.LASF8:
 712 009c 756E7369 		.ascii	"unsigned int\000"
 712      676E6564 
 712      20696E74 
 712      00
 713              	.LASF16:
 714 00a9 6D61696E 		.ascii	"main\000"
 714      00
 715              	.LASF9:
 716 00ae 75696E74 		.ascii	"uint8\000"
 716      3800
 717              	.LASF5:
 718 00b4 6C6F6E67 		.ascii	"long unsigned int\000"
 718      20756E73 
 718      69676E65 
 718      6420696E 
 718      7400
 719              	.LASF20:
 720 00c6 636F6C6F 		.ascii	"color\000"
 720      7200
 721              	.LASF7:
 722 00cc 6C6F6E67 		.ascii	"long long unsigned int\000"
 722      206C6F6E 
 722      6720756E 
 722      7369676E 
 722      65642069 
 723              	.LASF1:
 724 00e3 756E7369 		.ascii	"unsigned char\000"
 724      676E6564 
 724      20636861 
 724      7200
ARM GAS  C:\Users\bolding\AppData\Local\Temp\ccn3M7UG.s 			page 16


 725              	.LASF13:
 726 00f1 63686172 		.ascii	"char\000"
 726      00
 727              	.LASF18:
 728 00f6 6D61696E 		.ascii	"main.c\000"
 728      2E6300
 729              	.LASF4:
 730 00fd 6C6F6E67 		.ascii	"long int\000"
 730      20696E74 
 730      00
 731              	.LASF12:
 732 0106 646F7562 		.ascii	"double\000"
 732      6C6500
 733              	.LASF3:
 734 010d 73686F72 		.ascii	"short unsigned int\000"
 734      7420756E 
 734      7369676E 
 734      65642069 
 734      6E7400
 735              	.LASF0:
 736 0120 7369676E 		.ascii	"signed char\000"
 736      65642063 
 736      68617200 
 737              	.LASF21:
 738 012c 474C4344 		.ascii	"GLCD_FONT8x16\000"
 738      5F464F4E 
 738      54387831 
 738      3600
 739              	.LASF11:
 740 013a 666C6F61 		.ascii	"float\000"
 740      7400
 741              	.LASF10:
 742 0140 696E7431 		.ascii	"int16\000"
 742      3600
 743              	.LASF2:
 744 0146 73686F72 		.ascii	"short int\000"
 744      7420696E 
 744      7400
 745              	.LASF15:
 746 0150 70726574 		.ascii	"pretty_lines\000"
 746      74795F6C 
 746      696E6573 
 746      00
 747              	.LASF14:
 748 015d 73697A65 		.ascii	"sizetype\000"
 748      74797065 
 748      00
 749              	.LASF19:
 750 0166 433A5C55 		.ascii	"C:\\Users\\bolding\\OneDrive - Seattle Pacific Univ"
 750      73657273 
 750      5C626F6C 
 750      64696E67 
 750      5C4F6E65 
 751 0196 65727369 		.ascii	"ersity\\EE 3280\\Labs\\Assignment 0 - GLCD Test\\GL"
 751      74795C45 
 751      45203332 
 751      38305C4C 
ARM GAS  C:\Users\bolding\AppData\Local\Temp\ccn3M7UG.s 			page 17


 751      6162735C 
 752 01c5 43445F54 		.ascii	"CD_Test1.cydsn\000"
 752      65737431 
 752      2E637964 
 752      736E00
 753              		.ident	"GCC: (GNU Tools for ARM Embedded Processors) 4.9.3 20150303 (release) [ARM/embedded-4_9-br
