--------------- Rebuild Started: 04/09/2019 12:57:56 Project: StarBlaster, Configuration: ARM GCC 5.4-2016-q2-update Debug ---------------
Deleting file ".\CortexM0\ARM_GCC_541\Debug\main.o"
Deleting file ".\CortexM0\ARM_GCC_541\Debug\cyfitter_cfg.o"
Deleting file ".\CortexM0\ARM_GCC_541\Debug\cymetadata.o"
Deleting file ".\CortexM0\ARM_GCC_541\Debug\LED_Red.o"
Deleting file ".\CortexM0\ARM_GCC_541\Debug\LED_Red_PM.o"
Deleting file ".\CortexM0\ARM_GCC_541\Debug\LED_Blue.o"
Deleting file ".\CortexM0\ARM_GCC_541\Debug\LED_Blue_PM.o"
Deleting file ".\CortexM0\ARM_GCC_541\Debug\LED_Green.o"
Deleting file ".\CortexM0\ARM_GCC_541\Debug\LED_Green_PM.o"
Deleting file ".\CortexM0\ARM_GCC_541\Debug\Backlight.o"
Deleting file ".\CortexM0\ARM_GCC_541\Debug\Backlight_PM.o"
Deleting file ".\CortexM0\ARM_GCC_541\Debug\A.o"
Deleting file ".\CortexM0\ARM_GCC_541\Debug\A_PM.o"
Deleting file ".\CortexM0\ARM_GCC_541\Debug\B.o"
Deleting file ".\CortexM0\ARM_GCC_541\Debug\B_PM.o"
Deleting file ".\CortexM0\ARM_GCC_541\Debug\C.o"
Deleting file ".\CortexM0\ARM_GCC_541\Debug\C_PM.o"
Deleting file ".\CortexM0\ARM_GCC_541\Debug\D.o"
Deleting file ".\CortexM0\ARM_GCC_541\Debug\D_PM.o"
Deleting file ".\CortexM0\ARM_GCC_541\Debug\Joy_Center.o"
Deleting file ".\CortexM0\ARM_GCC_541\Debug\Joy_Center_PM.o"
Deleting file ".\CortexM0\ARM_GCC_541\Debug\Cm0Start.o"
Deleting file ".\CortexM0\ARM_GCC_541\Debug\CyFlash.o"
Deleting file ".\CortexM0\ARM_GCC_541\Debug\CyLib.o"
Deleting file ".\CortexM0\ARM_GCC_541\Debug\cyPm.o"
Deleting file ".\CortexM0\ARM_GCC_541\Debug\cyutils.o"
Deleting file ".\CortexM0\ARM_GCC_541\Debug\CyBootAsmGnu.o"
Deleting file ".\CortexM0\ARM_GCC_541\Debug\CyLFClk.o"
Deleting file ".\CortexM0\ARM_GCC_541\Debug\cy_em_eeprom.o"
Deleting file ".\CortexM0\ARM_GCC_541\Debug\GLCD.o"
Deleting file ".\CortexM0\ARM_GCC_541\Debug\GLCD_Font.o"
Deleting file ".\CortexM0\ARM_GCC_541\Debug\GLCD_Reset.o"
Deleting file ".\CortexM0\ARM_GCC_541\Debug\GLCD_SPIM_UDB.o"
Deleting file ".\CortexM0\ARM_GCC_541\Debug\GLCD_SPIM_UDB_PM.o"
Deleting file ".\CortexM0\ARM_GCC_541\Debug\GLCD_SPIM_UDB_INT.o"
Deleting file ".\CortexM0\ARM_GCC_541\Debug\GLCD_SCLK.o"
Deleting file ".\CortexM0\ARM_GCC_541\Debug\GLCD_MOSI.o"
Deleting file ".\CortexM0\ARM_GCC_541\Debug\GLCD_SS.o"
Deleting file ".\CortexM0\ARM_GCC_541\Debug\GLCD_SPIM_UDB_IntClock.o"
Deleting file ".\CortexM0\ARM_GCC_541\Debug\StarBlaster.hex"
Deleting file ".\CortexM0\ARM_GCC_541\Debug\StarBlaster.elf"
Deleting file ".\CortexM0\ARM_GCC_541\Debug\StarBlaster.map"
Deleting file ".\StarBlaster.cycdx"
Deleting file ".\StarBlaster.rpt"
Deleting file ".\StarBlaster_timing.html"
Deleting file ".\CortexM0\ARM_GCC_541\Debug\.deps\SOURCE_C__ARM_GCC_GENERIC.P"
Deleting file ".\CortexM0\ARM_GCC_541\Debug\.deps\SOURCE_ASM__ARM_GCC_GENERIC.P"
cydsfit.exe -.appdatapath "C:\Users\sur\AppData\Local\Cypress Semiconductor\PSoC Creator\4.2" -.fdsnotice -.fdswarpdepfile=warp_dependencies.txt -.fdselabdepfile=elab_dependencies.txt -.fdsbldfile=generated_files.txt -.fdsreffile=referenced_files.txt -p "C:\Users\sur\Documents\PSoC Creator\StarBlaster\StarBlaster.cydsn\StarBlaster.cyprj" -d CY8C4245AXI-483 -s "C:\Users\sur\Documents\PSoC Creator\StarBlaster\StarBlaster.cydsn\Generated_Source\PSoC4" -- -yv2 -q10 -ygs -o2 -v3 -.fftcfgtype=LE
Elaborating Design...
HDL Generation...
Synthesis...
Tech Mapping...
Analog Placement...
Analog Routing...
Analog Code Generation...
Digital Placement...
Digital Routing...
Bitstream Generation...
Bitstream Verification...
Static timing analysis...
API Generation...
Dependency Generation...
Cleanup...
arm-none-eabi-gcc.exe -mcpu=cortex-m0 -mthumb -I. -IGenerated_Source\PSoC4 -Wa,-alh=.\CortexM0\ARM_GCC_541\Debug/main.lst -g -D DEBUG -D CY_CORE_ID=0 -Wall -ffunction-sections -ffat-lto-objects -Og -c main.c -o .\CortexM0\ARM_GCC_541\Debug\main.o
arm-none-eabi-gcc.exe -mcpu=cortex-m0 -mthumb -I. -IGenerated_Source\PSoC4 -Wa,-alh=.\CortexM0\ARM_GCC_541\Debug/cyfitter_cfg.lst -g -D DEBUG -D CY_CORE_ID=0 -Wall -ffunction-sections -ffat-lto-objects -Og -c Generated_Source\PSoC4\cyfitter_cfg.c -o .\CortexM0\ARM_GCC_541\Debug\cyfitter_cfg.o
arm-none-eabi-gcc.exe -mcpu=cortex-m0 -mthumb -I. -IGenerated_Source\PSoC4 -Wa,-alh=.\CortexM0\ARM_GCC_541\Debug/cymetadata.lst -g -D DEBUG -D CY_CORE_ID=0 -Wall -ffunction-sections -ffat-lto-objects -Og -c Generated_Source\PSoC4\cymetadata.c -o .\CortexM0\ARM_GCC_541\Debug\cymetadata.o
arm-none-eabi-gcc.exe -mcpu=cortex-m0 -mthumb -I. -IGenerated_Source\PSoC4 -Wa,-alh=.\CortexM0\ARM_GCC_541\Debug/LED_Red.lst -g -D DEBUG -D CY_CORE_ID=0 -Wall -ffunction-sections -ffat-lto-objects -Og -c Generated_Source\PSoC4\LED_Red.c -o .\CortexM0\ARM_GCC_541\Debug\LED_Red.o
arm-none-eabi-gcc.exe -mcpu=cortex-m0 -mthumb -I. -IGenerated_Source\PSoC4 -Wa,-alh=.\CortexM0\ARM_GCC_541\Debug/LED_Red_PM.lst -g -D DEBUG -D CY_CORE_ID=0 -Wall -ffunction-sections -ffat-lto-objects -Og -c Generated_Source\PSoC4\LED_Red_PM.c -o .\CortexM0\ARM_GCC_541\Debug\LED_Red_PM.o
arm-none-eabi-gcc.exe -mcpu=cortex-m0 -mthumb -I. -IGenerated_Source\PSoC4 -Wa,-alh=.\CortexM0\ARM_GCC_541\Debug/LED_Blue.lst -g -D DEBUG -D CY_CORE_ID=0 -Wall -ffunction-sections -ffat-lto-objects -Og -c Generated_Source\PSoC4\LED_Blue.c -o .\CortexM0\ARM_GCC_541\Debug\LED_Blue.o
arm-none-eabi-gcc.exe -mcpu=cortex-m0 -mthumb -I. -IGenerated_Source\PSoC4 -Wa,-alh=.\CortexM0\ARM_GCC_541\Debug/LED_Blue_PM.lst -g -D DEBUG -D CY_CORE_ID=0 -Wall -ffunction-sections -ffat-lto-objects -Og -c Generated_Source\PSoC4\LED_Blue_PM.c -o .\CortexM0\ARM_GCC_541\Debug\LED_Blue_PM.o
arm-none-eabi-gcc.exe -mcpu=cortex-m0 -mthumb -I. -IGenerated_Source\PSoC4 -Wa,-alh=.\CortexM0\ARM_GCC_541\Debug/LED_Green.lst -g -D DEBUG -D CY_CORE_ID=0 -Wall -ffunction-sections -ffat-lto-objects -Og -c Generated_Source\PSoC4\LED_Green.c -o .\CortexM0\ARM_GCC_541\Debug\LED_Green.o
arm-none-eabi-gcc.exe -mcpu=cortex-m0 -mthumb -I. -IGenerated_Source\PSoC4 -Wa,-alh=.\CortexM0\ARM_GCC_541\Debug/LED_Green_PM.lst -g -D DEBUG -D CY_CORE_ID=0 -Wall -ffunction-sections -ffat-lto-objects -Og -c Generated_Source\PSoC4\LED_Green_PM.c -o .\CortexM0\ARM_GCC_541\Debug\LED_Green_PM.o
arm-none-eabi-gcc.exe -mcpu=cortex-m0 -mthumb -I. -IGenerated_Source\PSoC4 -Wa,-alh=.\CortexM0\ARM_GCC_541\Debug/Backlight.lst -g -D DEBUG -D CY_CORE_ID=0 -Wall -ffunction-sections -ffat-lto-objects -Og -c Generated_Source\PSoC4\Backlight.c -o .\CortexM0\ARM_GCC_541\Debug\Backlight.o
arm-none-eabi-gcc.exe -mcpu=cortex-m0 -mthumb -I. -IGenerated_Source\PSoC4 -Wa,-alh=.\CortexM0\ARM_GCC_541\Debug/Backlight_PM.lst -g -D DEBUG -D CY_CORE_ID=0 -Wall -ffunction-sections -ffat-lto-objects -Og -c Generated_Source\PSoC4\Backlight_PM.c -o .\CortexM0\ARM_GCC_541\Debug\Backlight_PM.o
arm-none-eabi-gcc.exe -mcpu=cortex-m0 -mthumb -I. -IGenerated_Source\PSoC4 -Wa,-alh=.\CortexM0\ARM_GCC_541\Debug/A.lst -g -D DEBUG -D CY_CORE_ID=0 -Wall -ffunction-sections -ffat-lto-objects -Og -c Generated_Source\PSoC4\A.c -o .\CortexM0\ARM_GCC_541\Debug\A.o
arm-none-eabi-gcc.exe -mcpu=cortex-m0 -mthumb -I. -IGenerated_Source\PSoC4 -Wa,-alh=.\CortexM0\ARM_GCC_541\Debug/A_PM.lst -g -D DEBUG -D CY_CORE_ID=0 -Wall -ffunction-sections -ffat-lto-objects -Og -c Generated_Source\PSoC4\A_PM.c -o .\CortexM0\ARM_GCC_541\Debug\A_PM.o
arm-none-eabi-gcc.exe -mcpu=cortex-m0 -mthumb -I. -IGenerated_Source\PSoC4 -Wa,-alh=.\CortexM0\ARM_GCC_541\Debug/B.lst -g -D DEBUG -D CY_CORE_ID=0 -Wall -ffunction-sections -ffat-lto-objects -Og -c Generated_Source\PSoC4\B.c -o .\CortexM0\ARM_GCC_541\Debug\B.o
arm-none-eabi-gcc.exe -mcpu=cortex-m0 -mthumb -I. -IGenerated_Source\PSoC4 -Wa,-alh=.\CortexM0\ARM_GCC_541\Debug/B_PM.lst -g -D DEBUG -D CY_CORE_ID=0 -Wall -ffunction-sections -ffat-lto-objects -Og -c Generated_Source\PSoC4\B_PM.c -o .\CortexM0\ARM_GCC_541\Debug\B_PM.o
arm-none-eabi-gcc.exe -mcpu=cortex-m0 -mthumb -I. -IGenerated_Source\PSoC4 -Wa,-alh=.\CortexM0\ARM_GCC_541\Debug/C.lst -g -D DEBUG -D CY_CORE_ID=0 -Wall -ffunction-sections -ffat-lto-objects -Og -c Generated_Source\PSoC4\C.c -o .\CortexM0\ARM_GCC_541\Debug\C.o
arm-none-eabi-gcc.exe -mcpu=cortex-m0 -mthumb -I. -IGenerated_Source\PSoC4 -Wa,-alh=.\CortexM0\ARM_GCC_541\Debug/C_PM.lst -g -D DEBUG -D CY_CORE_ID=0 -Wall -ffunction-sections -ffat-lto-objects -Og -c Generated_Source\PSoC4\C_PM.c -o .\CortexM0\ARM_GCC_541\Debug\C_PM.o
arm-none-eabi-gcc.exe -mcpu=cortex-m0 -mthumb -I. -IGenerated_Source\PSoC4 -Wa,-alh=.\CortexM0\ARM_GCC_541\Debug/D.lst -g -D DEBUG -D CY_CORE_ID=0 -Wall -ffunction-sections -ffat-lto-objects -Og -c Generated_Source\PSoC4\D.c -o .\CortexM0\ARM_GCC_541\Debug\D.o
arm-none-eabi-gcc.exe -mcpu=cortex-m0 -mthumb -I. -IGenerated_Source\PSoC4 -Wa,-alh=.\CortexM0\ARM_GCC_541\Debug/D_PM.lst -g -D DEBUG -D CY_CORE_ID=0 -Wall -ffunction-sections -ffat-lto-objects -Og -c Generated_Source\PSoC4\D_PM.c -o .\CortexM0\ARM_GCC_541\Debug\D_PM.o
arm-none-eabi-gcc.exe -mcpu=cortex-m0 -mthumb -I. -IGenerated_Source\PSoC4 -Wa,-alh=.\CortexM0\ARM_GCC_541\Debug/Joy_Center.lst -g -D DEBUG -D CY_CORE_ID=0 -Wall -ffunction-sections -ffat-lto-objects -Og -c Generated_Source\PSoC4\Joy_Center.c -o .\CortexM0\ARM_GCC_541\Debug\Joy_Center.o
arm-none-eabi-gcc.exe -mcpu=cortex-m0 -mthumb -I. -IGenerated_Source\PSoC4 -Wa,-alh=.\CortexM0\ARM_GCC_541\Debug/Joy_Center_PM.lst -g -D DEBUG -D CY_CORE_ID=0 -Wall -ffunction-sections -ffat-lto-objects -Og -c Generated_Source\PSoC4\Joy_Center_PM.c -o .\CortexM0\ARM_GCC_541\Debug\Joy_Center_PM.o
arm-none-eabi-gcc.exe -mcpu=cortex-m0 -mthumb -I. -IGenerated_Source\PSoC4 -Wa,-alh=.\CortexM0\ARM_GCC_541\Debug/Cm0Start.lst -g -D DEBUG -D CY_CORE_ID=0 -Wall -ffunction-sections -ffat-lto-objects -Og -c Generated_Source\PSoC4\Cm0Start.c -o .\CortexM0\ARM_GCC_541\Debug\Cm0Start.o
arm-none-eabi-gcc.exe -mcpu=cortex-m0 -mthumb -I. -IGenerated_Source\PSoC4 -Wa,-alh=.\CortexM0\ARM_GCC_541\Debug/CyFlash.lst -g -D DEBUG -D CY_CORE_ID=0 -Wall -ffunction-sections -ffat-lto-objects -Og -c Generated_Source\PSoC4\CyFlash.c -o .\CortexM0\ARM_GCC_541\Debug\CyFlash.o
arm-none-eabi-gcc.exe -mcpu=cortex-m0 -mthumb -I. -IGenerated_Source\PSoC4 -Wa,-alh=.\CortexM0\ARM_GCC_541\Debug/CyLib.lst -g -D DEBUG -D CY_CORE_ID=0 -Wall -ffunction-sections -ffat-lto-objects -Og -c Generated_Source\PSoC4\CyLib.c -o .\CortexM0\ARM_GCC_541\Debug\CyLib.o
arm-none-eabi-gcc.exe -mcpu=cortex-m0 -mthumb -I. -IGenerated_Source\PSoC4 -Wa,-alh=.\CortexM0\ARM_GCC_541\Debug/cyPm.lst -g -D DEBUG -D CY_CORE_ID=0 -Wall -ffunction-sections -ffat-lto-objects -Og -c Generated_Source\PSoC4\cyPm.c -o .\CortexM0\ARM_GCC_541\Debug\cyPm.o
arm-none-eabi-gcc.exe -mcpu=cortex-m0 -mthumb -I. -IGenerated_Source\PSoC4 -Wa,-alh=.\CortexM0\ARM_GCC_541\Debug/cyutils.lst -g -D DEBUG -D CY_CORE_ID=0 -Wall -ffunction-sections -ffat-lto-objects -Og -c Generated_Source\PSoC4\cyutils.c -o .\CortexM0\ARM_GCC_541\Debug\cyutils.o
arm-none-eabi-gcc.exe -mcpu=cortex-m0 -mthumb -I. -IGenerated_Source\PSoC4 -Wa,-alh=.\CortexM0\ARM_GCC_541\Debug/CyLFClk.lst -g -D DEBUG -D CY_CORE_ID=0 -Wall -ffunction-sections -ffat-lto-objects -Og -c Generated_Source\PSoC4\CyLFClk.c -o .\CortexM0\ARM_GCC_541\Debug\CyLFClk.o
arm-none-eabi-gcc.exe -mcpu=cortex-m0 -mthumb -I. -IGenerated_Source\PSoC4 -Wa,-alh=.\CortexM0\ARM_GCC_541\Debug/cy_em_eeprom.lst -g -D DEBUG -D CY_CORE_ID=0 -Wall -ffunction-sections -ffat-lto-objects -Og -c Generated_Source\PSoC4\cy_em_eeprom.c -o .\CortexM0\ARM_GCC_541\Debug\cy_em_eeprom.o
arm-none-eabi-gcc.exe -mcpu=cortex-m0 -mthumb -I. -IGenerated_Source\PSoC4 -Wa,-alh=.\CortexM0\ARM_GCC_541\Debug/GLCD.lst -g -D DEBUG -D CY_CORE_ID=0 -Wall -ffunction-sections -ffat-lto-objects -Og -c Generated_Source\PSoC4\GLCD.c -o .\CortexM0\ARM_GCC_541\Debug\GLCD.o
arm-none-eabi-gcc.exe -mcpu=cortex-m0 -mthumb -I. -IGenerated_Source\PSoC4 -Wa,-alh=.\CortexM0\ARM_GCC_541\Debug/GLCD_Font.lst -g -D DEBUG -D CY_CORE_ID=0 -Wall -ffunction-sections -ffat-lto-objects -Og -c Generated_Source\PSoC4\GLCD_Font.c -o .\CortexM0\ARM_GCC_541\Debug\GLCD_Font.o
arm-none-eabi-gcc.exe -mcpu=cortex-m0 -mthumb -I. -IGenerated_Source\PSoC4 -Wa,-alh=.\CortexM0\ARM_GCC_541\Debug/GLCD_Reset.lst -g -D DEBUG -D CY_CORE_ID=0 -Wall -ffunction-sections -ffat-lto-objects -Og -c Generated_Source\PSoC4\GLCD_Reset.c -o .\CortexM0\ARM_GCC_541\Debug\GLCD_Reset.o
arm-none-eabi-gcc.exe -mcpu=cortex-m0 -mthumb -I. -IGenerated_Source\PSoC4 -Wa,-alh=.\CortexM0\ARM_GCC_541\Debug/GLCD_SPIM_UDB.lst -g -D DEBUG -D CY_CORE_ID=0 -Wall -ffunction-sections -ffat-lto-objects -Og -c Generated_Source\PSoC4\GLCD_SPIM_UDB.c -o .\CortexM0\ARM_GCC_541\Debug\GLCD_SPIM_UDB.o
arm-none-eabi-gcc.exe -mcpu=cortex-m0 -mthumb -I. -IGenerated_Source\PSoC4 -Wa,-alh=.\CortexM0\ARM_GCC_541\Debug/GLCD_SPIM_UDB_PM.lst -g -D DEBUG -D CY_CORE_ID=0 -Wall -ffunction-sections -ffat-lto-objects -Og -c Generated_Source\PSoC4\GLCD_SPIM_UDB_PM.c -o .\CortexM0\ARM_GCC_541\Debug\GLCD_SPIM_UDB_PM.o
arm-none-eabi-gcc.exe -mcpu=cortex-m0 -mthumb -I. -IGenerated_Source\PSoC4 -Wa,-alh=.\CortexM0\ARM_GCC_541\Debug/GLCD_SPIM_UDB_INT.lst -g -D DEBUG -D CY_CORE_ID=0 -Wall -ffunction-sections -ffat-lto-objects -Og -c Generated_Source\PSoC4\GLCD_SPIM_UDB_INT.c -o .\CortexM0\ARM_GCC_541\Debug\GLCD_SPIM_UDB_INT.o
arm-none-eabi-gcc.exe -mcpu=cortex-m0 -mthumb -I. -IGenerated_Source\PSoC4 -Wa,-alh=.\CortexM0\ARM_GCC_541\Debug/GLCD_SCLK.lst -g -D DEBUG -D CY_CORE_ID=0 -Wall -ffunction-sections -ffat-lto-objects -Og -c Generated_Source\PSoC4\GLCD_SCLK.c -o .\CortexM0\ARM_GCC_541\Debug\GLCD_SCLK.o
arm-none-eabi-gcc.exe -mcpu=cortex-m0 -mthumb -I. -IGenerated_Source\PSoC4 -Wa,-alh=.\CortexM0\ARM_GCC_541\Debug/GLCD_MOSI.lst -g -D DEBUG -D CY_CORE_ID=0 -Wall -ffunction-sections -ffat-lto-objects -Og -c Generated_Source\PSoC4\GLCD_MOSI.c -o .\CortexM0\ARM_GCC_541\Debug\GLCD_MOSI.o
arm-none-eabi-gcc.exe -mcpu=cortex-m0 -mthumb -I. -IGenerated_Source\PSoC4 -Wa,-alh=.\CortexM0\ARM_GCC_541\Debug/GLCD_SS.lst -g -D DEBUG -D CY_CORE_ID=0 -Wall -ffunction-sections -ffat-lto-objects -Og -c Generated_Source\PSoC4\GLCD_SS.c -o .\CortexM0\ARM_GCC_541\Debug\GLCD_SS.o
arm-none-eabi-gcc.exe -mcpu=cortex-m0 -mthumb -I. -IGenerated_Source\PSoC4 -Wa,-alh=.\CortexM0\ARM_GCC_541\Debug/GLCD_SPIM_UDB_IntClock.lst -g -D DEBUG -D CY_CORE_ID=0 -Wall -ffunction-sections -ffat-lto-objects -Og -c Generated_Source\PSoC4\GLCD_SPIM_UDB_IntClock.c -o .\CortexM0\ARM_GCC_541\Debug\GLCD_SPIM_UDB_IntClock.o
arm-none-eabi-as.exe -mcpu=cortex-m0 -mthumb -I. -IGenerated_Source\PSoC4 -alh=.\CortexM0\ARM_GCC_541\Debug/CyBootAsmGnu.lst -g -W -o .\CortexM0\ARM_GCC_541\Debug\CyBootAsmGnu.o Generated_Source\PSoC4\CyBootAsmGnu.s
arm-none-eabi-ar.exe -rs .\CortexM0\ARM_GCC_541\Debug\StarBlaster.a .\CortexM0\ARM_GCC_541\Debug\LED_Red.o .\CortexM0\ARM_GCC_541\Debug\LED_Red_PM.o .\CortexM0\ARM_GCC_541\Debug\LED_Blue.o .\CortexM0\ARM_GCC_541\Debug\LED_Blue_PM.o .\CortexM0\ARM_GCC_541\Debug\LED_Green.o .\CortexM0\ARM_GCC_541\Debug\LED_Green_PM.o .\CortexM0\ARM_GCC_541\Debug\Backlight.o .\CortexM0\ARM_GCC_541\Debug\Backlight_PM.o .\CortexM0\ARM_GCC_541\Debug\A.o .\CortexM0\ARM_GCC_541\Debug\A_PM.o .\CortexM0\ARM_GCC_541\Debug\B.o .\CortexM0\ARM_GCC_541\Debug\B_PM.o .\CortexM0\ARM_GCC_541\Debug\C.o .\CortexM0\ARM_GCC_541\Debug\C_PM.o .\CortexM0\ARM_GCC_541\Debug\D.o .\CortexM0\ARM_GCC_541\Debug\D_PM.o .\CortexM0\ARM_GCC_541\Debug\Joy_Center.o .\CortexM0\ARM_GCC_541\Debug\Joy_Center_PM.o .\CortexM0\ARM_GCC_541\Debug\CyFlash.o .\CortexM0\ARM_GCC_541\Debug\CyLib.o .\CortexM0\ARM_GCC_541\Debug\cyPm.o .\CortexM0\ARM_GCC_541\Debug\cyutils.o .\CortexM0\ARM_GCC_541\Debug\CyLFClk.o .\CortexM0\ARM_GCC_541\Debug\cy_em_eeprom.o .\CortexM0\ARM_GCC_541\Debug\GLCD.o .\CortexM0\ARM_GCC_541\Debug\GLCD_Font.o .\CortexM0\ARM_GCC_541\Debug\GLCD_Reset.o .\CortexM0\ARM_GCC_541\Debug\GLCD_SPIM_UDB.o .\CortexM0\ARM_GCC_541\Debug\GLCD_SPIM_UDB_PM.o .\CortexM0\ARM_GCC_541\Debug\GLCD_SPIM_UDB_INT.o .\CortexM0\ARM_GCC_541\Debug\GLCD_SCLK.o .\CortexM0\ARM_GCC_541\Debug\GLCD_MOSI.o .\CortexM0\ARM_GCC_541\Debug\GLCD_SS.o .\CortexM0\ARM_GCC_541\Debug\GLCD_SPIM_UDB_IntClock.o .\CortexM0\ARM_GCC_541\Debug\CyBootAsmGnu.o
arm-none-eabi-ar.exe: creating .\CortexM0\ARM_GCC_541\Debug\StarBlaster.a
arm-none-eabi-gcc.exe -Wl,--start-group -o "C:\Users\sur\Documents\PSoC Creator\StarBlaster\StarBlaster.cydsn\CortexM0\ARM_GCC_541\Debug\StarBlaster.elf" .\CortexM0\ARM_GCC_541\Debug\main.o .\CortexM0\ARM_GCC_541\Debug\cyfitter_cfg.o .\CortexM0\ARM_GCC_541\Debug\cymetadata.o .\CortexM0\ARM_GCC_541\Debug\Cm0Start.o .\CortexM0\ARM_GCC_541\Debug\StarBlaster.a -mcpu=cortex-m0 -mthumb -L Generated_Source\PSoC4 -Wl,-Map,.\CortexM0\ARM_GCC_541\Debug/StarBlaster.map -T Generated_Source\PSoC4\cm0gcc.ld -specs=nano.specs -Wl,--gc-sections -g -ffunction-sections -Og -ffat-lto-objects -Wl,--end-group
cyelftool.exe -C "C:\Users\sur\Documents\PSoC Creator\StarBlaster\StarBlaster.cydsn\CortexM0\ARM_GCC_541\Debug\StarBlaster.elf" --flash_row_size 128 --flash_size 32768 --flash_offset 0x00000000
No ELF section .cychecksum found, creating one
Application checksum calculated and stored in ELF section .cychecksum
Checksum calculated and stored in ELF section .cymeta
cyelftool.exe -S "C:\Users\sur\Documents\PSoC Creator\StarBlaster\StarBlaster.cydsn\CortexM0\ARM_GCC_541\Debug\StarBlaster.elf"
Flash used: 5264 of 32768 bytes (16.1%).
SRAM used: 1560 of 4096 bytes (38.1%). Stack: 1024 bytes. Heap: 128 bytes.
--------------- Rebuild Succeeded: 04/09/2019 12:58:26 ---------------
