ARM GAS  C:\Users\sur\AppData\Local\Temp\cciz0iBA.s 			page 1


   1              		.syntax unified
   2              		.cpu cortex-m0
   3              		.fpu softvfp
   4              		.eabi_attribute 20, 1
   5              		.eabi_attribute 21, 1
   6              		.eabi_attribute 23, 3
   7              		.eabi_attribute 24, 1
   8              		.eabi_attribute 25, 1
   9              		.eabi_attribute 26, 1
  10              		.eabi_attribute 30, 1
  11              		.eabi_attribute 34, 0
  12              		.eabi_attribute 18, 4
  13              		.thumb
  14              		.syntax unified
  15              		.file	"GLCD_SPIM_UDB_PM.c"
  16              		.text
  17              	.Ltext0:
  18              		.cfi_sections	.debug_frame
  19              		.section	.text.GLCD_SPIM_UDB_SaveConfig,"ax",%progbits
  20              		.align	2
  21              		.global	GLCD_SPIM_UDB_SaveConfig
  22              		.code	16
  23              		.thumb_func
  24              		.type	GLCD_SPIM_UDB_SaveConfig, %function
  25              	GLCD_SPIM_UDB_SaveConfig:
  26              	.LFB0:
  27              		.file 1 "Generated_Source\\PSoC4\\GLCD_SPIM_UDB_PM.c"
   1:Generated_Source\PSoC4/GLCD_SPIM_UDB_PM.c **** /*******************************************************************************
   2:Generated_Source\PSoC4/GLCD_SPIM_UDB_PM.c **** * File Name: GLCD_SPIM_UDB_PM.c
   3:Generated_Source\PSoC4/GLCD_SPIM_UDB_PM.c **** * Version 2.40
   4:Generated_Source\PSoC4/GLCD_SPIM_UDB_PM.c **** *
   5:Generated_Source\PSoC4/GLCD_SPIM_UDB_PM.c **** * Description:
   6:Generated_Source\PSoC4/GLCD_SPIM_UDB_PM.c **** *  This file contains the setup, control and status commands to support
   7:Generated_Source\PSoC4/GLCD_SPIM_UDB_PM.c **** *  component operations in low power mode.
   8:Generated_Source\PSoC4/GLCD_SPIM_UDB_PM.c **** *
   9:Generated_Source\PSoC4/GLCD_SPIM_UDB_PM.c **** * Note:
  10:Generated_Source\PSoC4/GLCD_SPIM_UDB_PM.c **** *
  11:Generated_Source\PSoC4/GLCD_SPIM_UDB_PM.c **** ********************************************************************************
  12:Generated_Source\PSoC4/GLCD_SPIM_UDB_PM.c **** * Copyright 2008-2012, Cypress Semiconductor Corporation.  All rights reserved.
  13:Generated_Source\PSoC4/GLCD_SPIM_UDB_PM.c **** * You may use this file only in accordance with the license, terms, conditions,
  14:Generated_Source\PSoC4/GLCD_SPIM_UDB_PM.c **** * disclaimers, and limitations in the end user license agreement accompanying
  15:Generated_Source\PSoC4/GLCD_SPIM_UDB_PM.c **** * the software package with which this file was provided.
  16:Generated_Source\PSoC4/GLCD_SPIM_UDB_PM.c **** *******************************************************************************/
  17:Generated_Source\PSoC4/GLCD_SPIM_UDB_PM.c **** 
  18:Generated_Source\PSoC4/GLCD_SPIM_UDB_PM.c **** #include "GLCD_SPIM_UDB_PVT.h"
  19:Generated_Source\PSoC4/GLCD_SPIM_UDB_PM.c **** 
  20:Generated_Source\PSoC4/GLCD_SPIM_UDB_PM.c **** static GLCD_SPIM_UDB_BACKUP_STRUCT GLCD_SPIM_UDB_backup =
  21:Generated_Source\PSoC4/GLCD_SPIM_UDB_PM.c **** {
  22:Generated_Source\PSoC4/GLCD_SPIM_UDB_PM.c ****     GLCD_SPIM_UDB_DISABLED,
  23:Generated_Source\PSoC4/GLCD_SPIM_UDB_PM.c ****     GLCD_SPIM_UDB_BITCTR_INIT,
  24:Generated_Source\PSoC4/GLCD_SPIM_UDB_PM.c ****     #if(CY_UDB_V0)
  25:Generated_Source\PSoC4/GLCD_SPIM_UDB_PM.c ****         GLCD_SPIM_UDB_TX_INIT_INTERRUPTS_MASK,
  26:Generated_Source\PSoC4/GLCD_SPIM_UDB_PM.c ****         GLCD_SPIM_UDB_RX_INIT_INTERRUPTS_MASK
  27:Generated_Source\PSoC4/GLCD_SPIM_UDB_PM.c ****     #endif /* CY_UDB_V0 */
  28:Generated_Source\PSoC4/GLCD_SPIM_UDB_PM.c **** };
  29:Generated_Source\PSoC4/GLCD_SPIM_UDB_PM.c **** 
  30:Generated_Source\PSoC4/GLCD_SPIM_UDB_PM.c **** 
ARM GAS  C:\Users\sur\AppData\Local\Temp\cciz0iBA.s 			page 2


  31:Generated_Source\PSoC4/GLCD_SPIM_UDB_PM.c **** /*******************************************************************************
  32:Generated_Source\PSoC4/GLCD_SPIM_UDB_PM.c **** * Function Name: GLCD_SPIM_UDB_SaveConfig
  33:Generated_Source\PSoC4/GLCD_SPIM_UDB_PM.c **** ********************************************************************************
  34:Generated_Source\PSoC4/GLCD_SPIM_UDB_PM.c **** *
  35:Generated_Source\PSoC4/GLCD_SPIM_UDB_PM.c **** * Summary:
  36:Generated_Source\PSoC4/GLCD_SPIM_UDB_PM.c **** *  Saves SPIM configuration.
  37:Generated_Source\PSoC4/GLCD_SPIM_UDB_PM.c **** *
  38:Generated_Source\PSoC4/GLCD_SPIM_UDB_PM.c **** * Parameters:
  39:Generated_Source\PSoC4/GLCD_SPIM_UDB_PM.c **** *  None.
  40:Generated_Source\PSoC4/GLCD_SPIM_UDB_PM.c **** *
  41:Generated_Source\PSoC4/GLCD_SPIM_UDB_PM.c **** * Return:
  42:Generated_Source\PSoC4/GLCD_SPIM_UDB_PM.c **** *  None.
  43:Generated_Source\PSoC4/GLCD_SPIM_UDB_PM.c **** *
  44:Generated_Source\PSoC4/GLCD_SPIM_UDB_PM.c **** * Global Variables:
  45:Generated_Source\PSoC4/GLCD_SPIM_UDB_PM.c **** *  GLCD_SPIM_UDB_backup - modified when non-retention registers are saved.
  46:Generated_Source\PSoC4/GLCD_SPIM_UDB_PM.c **** *
  47:Generated_Source\PSoC4/GLCD_SPIM_UDB_PM.c **** * Reentrant:
  48:Generated_Source\PSoC4/GLCD_SPIM_UDB_PM.c **** *  No.
  49:Generated_Source\PSoC4/GLCD_SPIM_UDB_PM.c **** *
  50:Generated_Source\PSoC4/GLCD_SPIM_UDB_PM.c **** *******************************************************************************/
  51:Generated_Source\PSoC4/GLCD_SPIM_UDB_PM.c **** void GLCD_SPIM_UDB_SaveConfig(void) 
  52:Generated_Source\PSoC4/GLCD_SPIM_UDB_PM.c **** {
  28              		.loc 1 52 0
  29              		.cfi_startproc
  30              		@ args = 0, pretend = 0, frame = 0
  31              		@ frame_needed = 0, uses_anonymous_args = 0
  32              		@ link register save eliminated.
  53:Generated_Source\PSoC4/GLCD_SPIM_UDB_PM.c ****     /* Store Status Mask registers */
  54:Generated_Source\PSoC4/GLCD_SPIM_UDB_PM.c ****     #if(CY_UDB_V0)
  55:Generated_Source\PSoC4/GLCD_SPIM_UDB_PM.c ****        GLCD_SPIM_UDB_backup.cntrPeriod      = GLCD_SPIM_UDB_COUNTER_PERIOD_REG;
  56:Generated_Source\PSoC4/GLCD_SPIM_UDB_PM.c ****        GLCD_SPIM_UDB_backup.saveSrTxIntMask = GLCD_SPIM_UDB_TX_STATUS_MASK_REG;
  57:Generated_Source\PSoC4/GLCD_SPIM_UDB_PM.c ****        GLCD_SPIM_UDB_backup.saveSrRxIntMask = GLCD_SPIM_UDB_RX_STATUS_MASK_REG;
  58:Generated_Source\PSoC4/GLCD_SPIM_UDB_PM.c ****     #endif /* (CY_UDB_V0) */
  59:Generated_Source\PSoC4/GLCD_SPIM_UDB_PM.c **** }
  33              		.loc 1 59 0
  34              		@ sp needed
  35 0000 7047     		bx	lr
  36              		.cfi_endproc
  37              	.LFE0:
  38              		.size	GLCD_SPIM_UDB_SaveConfig, .-GLCD_SPIM_UDB_SaveConfig
  39 0002 C046     		.section	.text.GLCD_SPIM_UDB_RestoreConfig,"ax",%progbits
  40              		.align	2
  41              		.global	GLCD_SPIM_UDB_RestoreConfig
  42              		.code	16
  43              		.thumb_func
  44              		.type	GLCD_SPIM_UDB_RestoreConfig, %function
  45              	GLCD_SPIM_UDB_RestoreConfig:
  46              	.LFB1:
  60:Generated_Source\PSoC4/GLCD_SPIM_UDB_PM.c **** 
  61:Generated_Source\PSoC4/GLCD_SPIM_UDB_PM.c **** 
  62:Generated_Source\PSoC4/GLCD_SPIM_UDB_PM.c **** /*******************************************************************************
  63:Generated_Source\PSoC4/GLCD_SPIM_UDB_PM.c **** * Function Name: GLCD_SPIM_UDB_RestoreConfig
  64:Generated_Source\PSoC4/GLCD_SPIM_UDB_PM.c **** ********************************************************************************
  65:Generated_Source\PSoC4/GLCD_SPIM_UDB_PM.c **** *
  66:Generated_Source\PSoC4/GLCD_SPIM_UDB_PM.c **** * Summary:
  67:Generated_Source\PSoC4/GLCD_SPIM_UDB_PM.c **** *  Restores SPIM configuration.
  68:Generated_Source\PSoC4/GLCD_SPIM_UDB_PM.c **** *
ARM GAS  C:\Users\sur\AppData\Local\Temp\cciz0iBA.s 			page 3


  69:Generated_Source\PSoC4/GLCD_SPIM_UDB_PM.c **** * Parameters:
  70:Generated_Source\PSoC4/GLCD_SPIM_UDB_PM.c **** *  None.
  71:Generated_Source\PSoC4/GLCD_SPIM_UDB_PM.c **** *
  72:Generated_Source\PSoC4/GLCD_SPIM_UDB_PM.c **** * Return:
  73:Generated_Source\PSoC4/GLCD_SPIM_UDB_PM.c **** *  None.
  74:Generated_Source\PSoC4/GLCD_SPIM_UDB_PM.c **** *
  75:Generated_Source\PSoC4/GLCD_SPIM_UDB_PM.c **** * Global Variables:
  76:Generated_Source\PSoC4/GLCD_SPIM_UDB_PM.c **** *  GLCD_SPIM_UDB_backup - used when non-retention registers are restored.
  77:Generated_Source\PSoC4/GLCD_SPIM_UDB_PM.c **** *
  78:Generated_Source\PSoC4/GLCD_SPIM_UDB_PM.c **** * Side Effects:
  79:Generated_Source\PSoC4/GLCD_SPIM_UDB_PM.c **** *  If this API is called without first calling SaveConfig then in the following
  80:Generated_Source\PSoC4/GLCD_SPIM_UDB_PM.c **** *  registers will be default values from Customizer:
  81:Generated_Source\PSoC4/GLCD_SPIM_UDB_PM.c **** *  GLCD_SPIM_UDB_STATUS_MASK_REG and GLCD_SPIM_UDB_COUNTER_PERIOD_REG.
  82:Generated_Source\PSoC4/GLCD_SPIM_UDB_PM.c **** *
  83:Generated_Source\PSoC4/GLCD_SPIM_UDB_PM.c **** *******************************************************************************/
  84:Generated_Source\PSoC4/GLCD_SPIM_UDB_PM.c **** void GLCD_SPIM_UDB_RestoreConfig(void) 
  85:Generated_Source\PSoC4/GLCD_SPIM_UDB_PM.c **** {
  47              		.loc 1 85 0
  48              		.cfi_startproc
  49              		@ args = 0, pretend = 0, frame = 0
  50              		@ frame_needed = 0, uses_anonymous_args = 0
  51              		@ link register save eliminated.
  86:Generated_Source\PSoC4/GLCD_SPIM_UDB_PM.c ****     /* Restore the data, saved by SaveConfig() function */
  87:Generated_Source\PSoC4/GLCD_SPIM_UDB_PM.c ****     #if(CY_UDB_V0)
  88:Generated_Source\PSoC4/GLCD_SPIM_UDB_PM.c ****         GLCD_SPIM_UDB_COUNTER_PERIOD_REG = GLCD_SPIM_UDB_backup.cntrPeriod;
  89:Generated_Source\PSoC4/GLCD_SPIM_UDB_PM.c ****         GLCD_SPIM_UDB_TX_STATUS_MASK_REG = ((uint8) GLCD_SPIM_UDB_backup.saveSrTxIntMask);
  90:Generated_Source\PSoC4/GLCD_SPIM_UDB_PM.c ****         GLCD_SPIM_UDB_RX_STATUS_MASK_REG = ((uint8) GLCD_SPIM_UDB_backup.saveSrRxIntMask);
  91:Generated_Source\PSoC4/GLCD_SPIM_UDB_PM.c ****     #endif /* (CY_UDB_V0) */
  92:Generated_Source\PSoC4/GLCD_SPIM_UDB_PM.c **** }
  52              		.loc 1 92 0
  53              		@ sp needed
  54 0000 7047     		bx	lr
  55              		.cfi_endproc
  56              	.LFE1:
  57              		.size	GLCD_SPIM_UDB_RestoreConfig, .-GLCD_SPIM_UDB_RestoreConfig
  58 0002 C046     		.section	.text.GLCD_SPIM_UDB_Sleep,"ax",%progbits
  59              		.align	2
  60              		.global	GLCD_SPIM_UDB_Sleep
  61              		.code	16
  62              		.thumb_func
  63              		.type	GLCD_SPIM_UDB_Sleep, %function
  64              	GLCD_SPIM_UDB_Sleep:
  65              	.LFB2:
  93:Generated_Source\PSoC4/GLCD_SPIM_UDB_PM.c **** 
  94:Generated_Source\PSoC4/GLCD_SPIM_UDB_PM.c **** 
  95:Generated_Source\PSoC4/GLCD_SPIM_UDB_PM.c **** /*******************************************************************************
  96:Generated_Source\PSoC4/GLCD_SPIM_UDB_PM.c **** * Function Name: GLCD_SPIM_UDB_Sleep
  97:Generated_Source\PSoC4/GLCD_SPIM_UDB_PM.c **** ********************************************************************************
  98:Generated_Source\PSoC4/GLCD_SPIM_UDB_PM.c **** *
  99:Generated_Source\PSoC4/GLCD_SPIM_UDB_PM.c **** * Summary:
 100:Generated_Source\PSoC4/GLCD_SPIM_UDB_PM.c **** *  Prepare SPIM Component goes to sleep.
 101:Generated_Source\PSoC4/GLCD_SPIM_UDB_PM.c **** *
 102:Generated_Source\PSoC4/GLCD_SPIM_UDB_PM.c **** * Parameters:
 103:Generated_Source\PSoC4/GLCD_SPIM_UDB_PM.c **** *  None.
 104:Generated_Source\PSoC4/GLCD_SPIM_UDB_PM.c **** *
 105:Generated_Source\PSoC4/GLCD_SPIM_UDB_PM.c **** * Return:
 106:Generated_Source\PSoC4/GLCD_SPIM_UDB_PM.c **** *  None.
ARM GAS  C:\Users\sur\AppData\Local\Temp\cciz0iBA.s 			page 4


 107:Generated_Source\PSoC4/GLCD_SPIM_UDB_PM.c **** *
 108:Generated_Source\PSoC4/GLCD_SPIM_UDB_PM.c **** * Global Variables:
 109:Generated_Source\PSoC4/GLCD_SPIM_UDB_PM.c **** *  GLCD_SPIM_UDB_backup - modified when non-retention registers are saved.
 110:Generated_Source\PSoC4/GLCD_SPIM_UDB_PM.c **** *
 111:Generated_Source\PSoC4/GLCD_SPIM_UDB_PM.c **** * Reentrant:
 112:Generated_Source\PSoC4/GLCD_SPIM_UDB_PM.c **** *  No.
 113:Generated_Source\PSoC4/GLCD_SPIM_UDB_PM.c **** *
 114:Generated_Source\PSoC4/GLCD_SPIM_UDB_PM.c **** *******************************************************************************/
 115:Generated_Source\PSoC4/GLCD_SPIM_UDB_PM.c **** void GLCD_SPIM_UDB_Sleep(void) 
 116:Generated_Source\PSoC4/GLCD_SPIM_UDB_PM.c **** {
  66              		.loc 1 116 0
  67              		.cfi_startproc
  68              		@ args = 0, pretend = 0, frame = 0
  69              		@ frame_needed = 0, uses_anonymous_args = 0
  70 0000 10B5     		push	{r4, lr}
  71              		.cfi_def_cfa_offset 8
  72              		.cfi_offset 4, -8
  73              		.cfi_offset 14, -4
 117:Generated_Source\PSoC4/GLCD_SPIM_UDB_PM.c ****     /* Save components enable state */
 118:Generated_Source\PSoC4/GLCD_SPIM_UDB_PM.c ****     GLCD_SPIM_UDB_backup.enableState = ((uint8) GLCD_SPIM_UDB_IS_ENABLED);
  74              		.loc 1 118 0
  75 0002 054B     		ldr	r3, .L4
  76 0004 1B78     		ldrb	r3, [r3]
  77 0006 1B09     		lsrs	r3, r3, #4
  78 0008 0122     		movs	r2, #1
  79 000a 1340     		ands	r3, r2
  80 000c 034A     		ldr	r2, .L4+4
  81 000e 1370     		strb	r3, [r2]
 119:Generated_Source\PSoC4/GLCD_SPIM_UDB_PM.c **** 
 120:Generated_Source\PSoC4/GLCD_SPIM_UDB_PM.c ****     GLCD_SPIM_UDB_Stop();
  82              		.loc 1 120 0
  83 0010 FFF7FEFF 		bl	GLCD_SPIM_UDB_Stop
  84              	.LVL0:
 121:Generated_Source\PSoC4/GLCD_SPIM_UDB_PM.c ****     GLCD_SPIM_UDB_SaveConfig();
 122:Generated_Source\PSoC4/GLCD_SPIM_UDB_PM.c **** }
  85              		.loc 1 122 0
  86              		@ sp needed
  87 0014 10BD     		pop	{r4, pc}
  88              	.L5:
  89 0016 C046     		.align	2
  90              	.L4:
  91 0018 92000F40 		.word	1074725010
  92 001c 00000000 		.word	.LANCHOR0
  93              		.cfi_endproc
  94              	.LFE2:
  95              		.size	GLCD_SPIM_UDB_Sleep, .-GLCD_SPIM_UDB_Sleep
  96              		.section	.text.GLCD_SPIM_UDB_Wakeup,"ax",%progbits
  97              		.align	2
  98              		.global	GLCD_SPIM_UDB_Wakeup
  99              		.code	16
 100              		.thumb_func
 101              		.type	GLCD_SPIM_UDB_Wakeup, %function
 102              	GLCD_SPIM_UDB_Wakeup:
 103              	.LFB3:
 123:Generated_Source\PSoC4/GLCD_SPIM_UDB_PM.c **** 
 124:Generated_Source\PSoC4/GLCD_SPIM_UDB_PM.c **** 
 125:Generated_Source\PSoC4/GLCD_SPIM_UDB_PM.c **** /*******************************************************************************
ARM GAS  C:\Users\sur\AppData\Local\Temp\cciz0iBA.s 			page 5


 126:Generated_Source\PSoC4/GLCD_SPIM_UDB_PM.c **** * Function Name: GLCD_SPIM_UDB_Wakeup
 127:Generated_Source\PSoC4/GLCD_SPIM_UDB_PM.c **** ********************************************************************************
 128:Generated_Source\PSoC4/GLCD_SPIM_UDB_PM.c **** *
 129:Generated_Source\PSoC4/GLCD_SPIM_UDB_PM.c **** * Summary:
 130:Generated_Source\PSoC4/GLCD_SPIM_UDB_PM.c **** *  Prepare SPIM Component to wake up.
 131:Generated_Source\PSoC4/GLCD_SPIM_UDB_PM.c **** *
 132:Generated_Source\PSoC4/GLCD_SPIM_UDB_PM.c **** * Parameters:
 133:Generated_Source\PSoC4/GLCD_SPIM_UDB_PM.c **** *  None.
 134:Generated_Source\PSoC4/GLCD_SPIM_UDB_PM.c **** *
 135:Generated_Source\PSoC4/GLCD_SPIM_UDB_PM.c **** * Return:
 136:Generated_Source\PSoC4/GLCD_SPIM_UDB_PM.c **** *  None.
 137:Generated_Source\PSoC4/GLCD_SPIM_UDB_PM.c **** *
 138:Generated_Source\PSoC4/GLCD_SPIM_UDB_PM.c **** * Global Variables:
 139:Generated_Source\PSoC4/GLCD_SPIM_UDB_PM.c **** *  GLCD_SPIM_UDB_backup - used when non-retention registers are restored.
 140:Generated_Source\PSoC4/GLCD_SPIM_UDB_PM.c **** *  GLCD_SPIM_UDB_txBufferWrite - modified every function call - resets to
 141:Generated_Source\PSoC4/GLCD_SPIM_UDB_PM.c **** *  zero.
 142:Generated_Source\PSoC4/GLCD_SPIM_UDB_PM.c **** *  GLCD_SPIM_UDB_txBufferRead - modified every function call - resets to
 143:Generated_Source\PSoC4/GLCD_SPIM_UDB_PM.c **** *  zero.
 144:Generated_Source\PSoC4/GLCD_SPIM_UDB_PM.c **** *  GLCD_SPIM_UDB_rxBufferWrite - modified every function call - resets to
 145:Generated_Source\PSoC4/GLCD_SPIM_UDB_PM.c **** *  zero.
 146:Generated_Source\PSoC4/GLCD_SPIM_UDB_PM.c **** *  GLCD_SPIM_UDB_rxBufferRead - modified every function call - resets to
 147:Generated_Source\PSoC4/GLCD_SPIM_UDB_PM.c **** *  zero.
 148:Generated_Source\PSoC4/GLCD_SPIM_UDB_PM.c **** *
 149:Generated_Source\PSoC4/GLCD_SPIM_UDB_PM.c **** * Reentrant:
 150:Generated_Source\PSoC4/GLCD_SPIM_UDB_PM.c **** *  No.
 151:Generated_Source\PSoC4/GLCD_SPIM_UDB_PM.c **** *
 152:Generated_Source\PSoC4/GLCD_SPIM_UDB_PM.c **** *******************************************************************************/
 153:Generated_Source\PSoC4/GLCD_SPIM_UDB_PM.c **** void GLCD_SPIM_UDB_Wakeup(void) 
 154:Generated_Source\PSoC4/GLCD_SPIM_UDB_PM.c **** {
 104              		.loc 1 154 0
 105              		.cfi_startproc
 106              		@ args = 0, pretend = 0, frame = 0
 107              		@ frame_needed = 0, uses_anonymous_args = 0
 108 0000 10B5     		push	{r4, lr}
 109              		.cfi_def_cfa_offset 8
 110              		.cfi_offset 4, -8
 111              		.cfi_offset 14, -4
 155:Generated_Source\PSoC4/GLCD_SPIM_UDB_PM.c ****     GLCD_SPIM_UDB_RestoreConfig();
 156:Generated_Source\PSoC4/GLCD_SPIM_UDB_PM.c **** 
 157:Generated_Source\PSoC4/GLCD_SPIM_UDB_PM.c ****     #if(GLCD_SPIM_UDB_RX_SOFTWARE_BUF_ENABLED)
 158:Generated_Source\PSoC4/GLCD_SPIM_UDB_PM.c ****         GLCD_SPIM_UDB_rxBufferFull  = 0u;
 159:Generated_Source\PSoC4/GLCD_SPIM_UDB_PM.c ****         GLCD_SPIM_UDB_rxBufferRead  = 0u;
 160:Generated_Source\PSoC4/GLCD_SPIM_UDB_PM.c ****         GLCD_SPIM_UDB_rxBufferWrite = 0u;
 161:Generated_Source\PSoC4/GLCD_SPIM_UDB_PM.c ****     #endif /* (GLCD_SPIM_UDB_RX_SOFTWARE_BUF_ENABLED) */
 162:Generated_Source\PSoC4/GLCD_SPIM_UDB_PM.c **** 
 163:Generated_Source\PSoC4/GLCD_SPIM_UDB_PM.c ****     #if(GLCD_SPIM_UDB_TX_SOFTWARE_BUF_ENABLED)
 164:Generated_Source\PSoC4/GLCD_SPIM_UDB_PM.c ****         GLCD_SPIM_UDB_txBufferFull  = 0u;
 165:Generated_Source\PSoC4/GLCD_SPIM_UDB_PM.c ****         GLCD_SPIM_UDB_txBufferRead  = 0u;
 166:Generated_Source\PSoC4/GLCD_SPIM_UDB_PM.c ****         GLCD_SPIM_UDB_txBufferWrite = 0u;
 167:Generated_Source\PSoC4/GLCD_SPIM_UDB_PM.c ****     #endif /* (GLCD_SPIM_UDB_TX_SOFTWARE_BUF_ENABLED) */
 168:Generated_Source\PSoC4/GLCD_SPIM_UDB_PM.c **** 
 169:Generated_Source\PSoC4/GLCD_SPIM_UDB_PM.c ****     /* Clear any data from the RX and TX FIFO */
 170:Generated_Source\PSoC4/GLCD_SPIM_UDB_PM.c ****     GLCD_SPIM_UDB_ClearFIFO();
 112              		.loc 1 170 0
 113 0002 FFF7FEFF 		bl	GLCD_SPIM_UDB_ClearFIFO
 114              	.LVL1:
 171:Generated_Source\PSoC4/GLCD_SPIM_UDB_PM.c **** 
ARM GAS  C:\Users\sur\AppData\Local\Temp\cciz0iBA.s 			page 6


 172:Generated_Source\PSoC4/GLCD_SPIM_UDB_PM.c ****     /* Restore components block enable state */
 173:Generated_Source\PSoC4/GLCD_SPIM_UDB_PM.c ****     if(0u != GLCD_SPIM_UDB_backup.enableState)
 115              		.loc 1 173 0
 116 0006 034B     		ldr	r3, .L8
 117 0008 1B78     		ldrb	r3, [r3]
 118 000a 002B     		cmp	r3, #0
 119 000c 01D0     		beq	.L6
 174:Generated_Source\PSoC4/GLCD_SPIM_UDB_PM.c ****     {
 175:Generated_Source\PSoC4/GLCD_SPIM_UDB_PM.c ****         GLCD_SPIM_UDB_Enable();
 120              		.loc 1 175 0
 121 000e FFF7FEFF 		bl	GLCD_SPIM_UDB_Enable
 122              	.LVL2:
 123              	.L6:
 176:Generated_Source\PSoC4/GLCD_SPIM_UDB_PM.c ****     }
 177:Generated_Source\PSoC4/GLCD_SPIM_UDB_PM.c **** }
 124              		.loc 1 177 0
 125              		@ sp needed
 126 0012 10BD     		pop	{r4, pc}
 127              	.L9:
 128              		.align	2
 129              	.L8:
 130 0014 00000000 		.word	.LANCHOR0
 131              		.cfi_endproc
 132              	.LFE3:
 133              		.size	GLCD_SPIM_UDB_Wakeup, .-GLCD_SPIM_UDB_Wakeup
 134              		.data
 135              		.align	2
 136              		.set	.LANCHOR0,. + 0
 137              		.type	GLCD_SPIM_UDB_backup, %object
 138              		.size	GLCD_SPIM_UDB_backup, 2
 139              	GLCD_SPIM_UDB_backup:
 140 0000 00       		.byte	0
 141 0001 11       		.byte	17
 142              		.text
 143              	.Letext0:
 144              		.file 2 "Generated_Source\\PSoC4\\cytypes.h"
 145              		.file 3 "Generated_Source\\PSoC4\\GLCD_SPIM_UDB.h"
 146              		.section	.debug_info,"",%progbits
 147              	.Ldebug_info0:
 148 0000 6F010000 		.4byte	0x16f
 149 0004 0400     		.2byte	0x4
 150 0006 00000000 		.4byte	.Ldebug_abbrev0
 151 000a 04       		.byte	0x4
 152 000b 01       		.uleb128 0x1
 153 000c 63010000 		.4byte	.LASF26
 154 0010 0C       		.byte	0xc
 155 0011 6C020000 		.4byte	.LASF27
 156 0015 F2000000 		.4byte	.LASF28
 157 0019 00000000 		.4byte	.Ldebug_ranges0+0
 158 001d 00000000 		.4byte	0
 159 0021 00000000 		.4byte	.Ldebug_line0
 160 0025 02       		.uleb128 0x2
 161 0026 01       		.byte	0x1
 162 0027 06       		.byte	0x6
 163 0028 38020000 		.4byte	.LASF0
 164 002c 02       		.uleb128 0x2
 165 002d 01       		.byte	0x1
ARM GAS  C:\Users\sur\AppData\Local\Temp\cciz0iBA.s 			page 7


 166 002e 08       		.byte	0x8
 167 002f 63000000 		.4byte	.LASF1
 168 0033 02       		.uleb128 0x2
 169 0034 02       		.byte	0x2
 170 0035 05       		.byte	0x5
 171 0036 0D020000 		.4byte	.LASF2
 172 003a 02       		.uleb128 0x2
 173 003b 02       		.byte	0x2
 174 003c 07       		.byte	0x7
 175 003d 1C000000 		.4byte	.LASF3
 176 0041 02       		.uleb128 0x2
 177 0042 04       		.byte	0x4
 178 0043 05       		.byte	0x5
 179 0044 17020000 		.4byte	.LASF4
 180 0048 02       		.uleb128 0x2
 181 0049 04       		.byte	0x4
 182 004a 07       		.byte	0x7
 183 004b 9F000000 		.4byte	.LASF5
 184 004f 02       		.uleb128 0x2
 185 0050 08       		.byte	0x8
 186 0051 05       		.byte	0x5
 187 0052 FA010000 		.4byte	.LASF6
 188 0056 02       		.uleb128 0x2
 189 0057 08       		.byte	0x8
 190 0058 07       		.byte	0x7
 191 0059 4C010000 		.4byte	.LASF7
 192 005d 03       		.uleb128 0x3
 193 005e 04       		.byte	0x4
 194 005f 05       		.byte	0x5
 195 0060 696E7400 		.ascii	"int\000"
 196 0064 02       		.uleb128 0x2
 197 0065 04       		.byte	0x4
 198 0066 07       		.byte	0x7
 199 0067 3F010000 		.4byte	.LASF8
 200 006b 04       		.uleb128 0x4
 201 006c B1000000 		.4byte	.LASF12
 202 0070 02       		.byte	0x2
 203 0071 E401     		.2byte	0x1e4
 204 0073 2C000000 		.4byte	0x2c
 205 0077 02       		.uleb128 0x2
 206 0078 04       		.byte	0x4
 207 0079 04       		.byte	0x4
 208 007a 44000000 		.4byte	.LASF9
 209 007e 02       		.uleb128 0x2
 210 007f 08       		.byte	0x8
 211 0080 04       		.byte	0x4
 212 0081 EB000000 		.4byte	.LASF10
 213 0085 02       		.uleb128 0x2
 214 0086 01       		.byte	0x1
 215 0087 08       		.byte	0x8
 216 0088 08020000 		.4byte	.LASF11
 217 008c 04       		.uleb128 0x4
 218 008d 9A000000 		.4byte	.LASF13
 219 0091 02       		.byte	0x2
 220 0092 8E02     		.2byte	0x28e
 221 0094 98000000 		.4byte	0x98
 222 0098 05       		.uleb128 0x5
ARM GAS  C:\Users\sur\AppData\Local\Temp\cciz0iBA.s 			page 8


 223 0099 6B000000 		.4byte	0x6b
 224 009d 02       		.uleb128 0x2
 225 009e 08       		.byte	0x8
 226 009f 04       		.byte	0x4
 227 00a0 2C020000 		.4byte	.LASF14
 228 00a4 02       		.uleb128 0x2
 229 00a5 04       		.byte	0x4
 230 00a6 07       		.byte	0x7
 231 00a7 F1010000 		.4byte	.LASF15
 232 00ab 06       		.uleb128 0x6
 233 00ac 02       		.byte	0x2
 234 00ad 03       		.byte	0x3
 235 00ae 46       		.byte	0x46
 236 00af CC000000 		.4byte	0xcc
 237 00b3 07       		.uleb128 0x7
 238 00b4 20020000 		.4byte	.LASF16
 239 00b8 03       		.byte	0x3
 240 00b9 48       		.byte	0x48
 241 00ba 6B000000 		.4byte	0x6b
 242 00be 00       		.byte	0
 243 00bf 07       		.uleb128 0x7
 244 00c0 34010000 		.4byte	.LASF17
 245 00c4 03       		.byte	0x3
 246 00c5 49       		.byte	0x49
 247 00c6 6B000000 		.4byte	0x6b
 248 00ca 01       		.byte	0x1
 249 00cb 00       		.byte	0
 250 00cc 08       		.uleb128 0x8
 251 00cd 00000000 		.4byte	.LASF18
 252 00d1 03       		.byte	0x3
 253 00d2 4F       		.byte	0x4f
 254 00d3 AB000000 		.4byte	0xab
 255 00d7 09       		.uleb128 0x9
 256 00d8 4A000000 		.4byte	.LASF19
 257 00dc 01       		.byte	0x1
 258 00dd 33       		.byte	0x33
 259 00de 00000000 		.4byte	.LFB0
 260 00e2 02000000 		.4byte	.LFE0-.LFB0
 261 00e6 01       		.uleb128 0x1
 262 00e7 9C       		.byte	0x9c
 263 00e8 09       		.uleb128 0x9
 264 00e9 CF000000 		.4byte	.LASF20
 265 00ed 01       		.byte	0x1
 266 00ee 54       		.byte	0x54
 267 00ef 00000000 		.4byte	.LFB1
 268 00f3 02000000 		.4byte	.LFE1-.LFB1
 269 00f7 01       		.uleb128 0x1
 270 00f8 9C       		.byte	0x9c
 271 00f9 0A       		.uleb128 0xa
 272 00fa 86000000 		.4byte	.LASF21
 273 00fe 01       		.byte	0x1
 274 00ff 73       		.byte	0x73
 275 0100 00000000 		.4byte	.LFB2
 276 0104 20000000 		.4byte	.LFE2-.LFB2
 277 0108 01       		.uleb128 0x1
 278 0109 9C       		.byte	0x9c
 279 010a 18010000 		.4byte	0x118
ARM GAS  C:\Users\sur\AppData\Local\Temp\cciz0iBA.s 			page 9


 280 010e 0B       		.uleb128 0xb
 281 010f 14000000 		.4byte	.LVL0
 282 0113 51010000 		.4byte	0x151
 283 0117 00       		.byte	0
 284 0118 0A       		.uleb128 0xa
 285 0119 71000000 		.4byte	.LASF22
 286 011d 01       		.byte	0x1
 287 011e 99       		.byte	0x99
 288 011f 00000000 		.4byte	.LFB3
 289 0123 18000000 		.4byte	.LFE3-.LFB3
 290 0127 01       		.uleb128 0x1
 291 0128 9C       		.byte	0x9c
 292 0129 40010000 		.4byte	0x140
 293 012d 0B       		.uleb128 0xb
 294 012e 06000000 		.4byte	.LVL1
 295 0132 5C010000 		.4byte	0x15c
 296 0136 0B       		.uleb128 0xb
 297 0137 12000000 		.4byte	.LVL2
 298 013b 67010000 		.4byte	0x167
 299 013f 00       		.byte	0
 300 0140 0C       		.uleb128 0xc
 301 0141 2F000000 		.4byte	.LASF29
 302 0145 01       		.byte	0x1
 303 0146 14       		.byte	0x14
 304 0147 CC000000 		.4byte	0xcc
 305 014b 05       		.uleb128 0x5
 306 014c 03       		.byte	0x3
 307 014d 00000000 		.4byte	GLCD_SPIM_UDB_backup
 308 0151 0D       		.uleb128 0xd
 309 0152 59020000 		.4byte	.LASF23
 310 0156 59020000 		.4byte	.LASF23
 311 015a 03       		.byte	0x3
 312 015b 59       		.byte	0x59
 313 015c 0D       		.uleb128 0xd
 314 015d B7000000 		.4byte	.LASF24
 315 0161 B7000000 		.4byte	.LASF24
 316 0165 03       		.byte	0x3
 317 0166 71       		.byte	0x71
 318 0167 0D       		.uleb128 0xd
 319 0168 44020000 		.4byte	.LASF25
 320 016c 44020000 		.4byte	.LASF25
 321 0170 03       		.byte	0x3
 322 0171 57       		.byte	0x57
 323 0172 00       		.byte	0
 324              		.section	.debug_abbrev,"",%progbits
 325              	.Ldebug_abbrev0:
 326 0000 01       		.uleb128 0x1
 327 0001 11       		.uleb128 0x11
 328 0002 01       		.byte	0x1
 329 0003 25       		.uleb128 0x25
 330 0004 0E       		.uleb128 0xe
 331 0005 13       		.uleb128 0x13
 332 0006 0B       		.uleb128 0xb
 333 0007 03       		.uleb128 0x3
 334 0008 0E       		.uleb128 0xe
 335 0009 1B       		.uleb128 0x1b
 336 000a 0E       		.uleb128 0xe
ARM GAS  C:\Users\sur\AppData\Local\Temp\cciz0iBA.s 			page 10


 337 000b 55       		.uleb128 0x55
 338 000c 17       		.uleb128 0x17
 339 000d 11       		.uleb128 0x11
 340 000e 01       		.uleb128 0x1
 341 000f 10       		.uleb128 0x10
 342 0010 17       		.uleb128 0x17
 343 0011 00       		.byte	0
 344 0012 00       		.byte	0
 345 0013 02       		.uleb128 0x2
 346 0014 24       		.uleb128 0x24
 347 0015 00       		.byte	0
 348 0016 0B       		.uleb128 0xb
 349 0017 0B       		.uleb128 0xb
 350 0018 3E       		.uleb128 0x3e
 351 0019 0B       		.uleb128 0xb
 352 001a 03       		.uleb128 0x3
 353 001b 0E       		.uleb128 0xe
 354 001c 00       		.byte	0
 355 001d 00       		.byte	0
 356 001e 03       		.uleb128 0x3
 357 001f 24       		.uleb128 0x24
 358 0020 00       		.byte	0
 359 0021 0B       		.uleb128 0xb
 360 0022 0B       		.uleb128 0xb
 361 0023 3E       		.uleb128 0x3e
 362 0024 0B       		.uleb128 0xb
 363 0025 03       		.uleb128 0x3
 364 0026 08       		.uleb128 0x8
 365 0027 00       		.byte	0
 366 0028 00       		.byte	0
 367 0029 04       		.uleb128 0x4
 368 002a 16       		.uleb128 0x16
 369 002b 00       		.byte	0
 370 002c 03       		.uleb128 0x3
 371 002d 0E       		.uleb128 0xe
 372 002e 3A       		.uleb128 0x3a
 373 002f 0B       		.uleb128 0xb
 374 0030 3B       		.uleb128 0x3b
 375 0031 05       		.uleb128 0x5
 376 0032 49       		.uleb128 0x49
 377 0033 13       		.uleb128 0x13
 378 0034 00       		.byte	0
 379 0035 00       		.byte	0
 380 0036 05       		.uleb128 0x5
 381 0037 35       		.uleb128 0x35
 382 0038 00       		.byte	0
 383 0039 49       		.uleb128 0x49
 384 003a 13       		.uleb128 0x13
 385 003b 00       		.byte	0
 386 003c 00       		.byte	0
 387 003d 06       		.uleb128 0x6
 388 003e 13       		.uleb128 0x13
 389 003f 01       		.byte	0x1
 390 0040 0B       		.uleb128 0xb
 391 0041 0B       		.uleb128 0xb
 392 0042 3A       		.uleb128 0x3a
 393 0043 0B       		.uleb128 0xb
ARM GAS  C:\Users\sur\AppData\Local\Temp\cciz0iBA.s 			page 11


 394 0044 3B       		.uleb128 0x3b
 395 0045 0B       		.uleb128 0xb
 396 0046 01       		.uleb128 0x1
 397 0047 13       		.uleb128 0x13
 398 0048 00       		.byte	0
 399 0049 00       		.byte	0
 400 004a 07       		.uleb128 0x7
 401 004b 0D       		.uleb128 0xd
 402 004c 00       		.byte	0
 403 004d 03       		.uleb128 0x3
 404 004e 0E       		.uleb128 0xe
 405 004f 3A       		.uleb128 0x3a
 406 0050 0B       		.uleb128 0xb
 407 0051 3B       		.uleb128 0x3b
 408 0052 0B       		.uleb128 0xb
 409 0053 49       		.uleb128 0x49
 410 0054 13       		.uleb128 0x13
 411 0055 38       		.uleb128 0x38
 412 0056 0B       		.uleb128 0xb
 413 0057 00       		.byte	0
 414 0058 00       		.byte	0
 415 0059 08       		.uleb128 0x8
 416 005a 16       		.uleb128 0x16
 417 005b 00       		.byte	0
 418 005c 03       		.uleb128 0x3
 419 005d 0E       		.uleb128 0xe
 420 005e 3A       		.uleb128 0x3a
 421 005f 0B       		.uleb128 0xb
 422 0060 3B       		.uleb128 0x3b
 423 0061 0B       		.uleb128 0xb
 424 0062 49       		.uleb128 0x49
 425 0063 13       		.uleb128 0x13
 426 0064 00       		.byte	0
 427 0065 00       		.byte	0
 428 0066 09       		.uleb128 0x9
 429 0067 2E       		.uleb128 0x2e
 430 0068 00       		.byte	0
 431 0069 3F       		.uleb128 0x3f
 432 006a 19       		.uleb128 0x19
 433 006b 03       		.uleb128 0x3
 434 006c 0E       		.uleb128 0xe
 435 006d 3A       		.uleb128 0x3a
 436 006e 0B       		.uleb128 0xb
 437 006f 3B       		.uleb128 0x3b
 438 0070 0B       		.uleb128 0xb
 439 0071 27       		.uleb128 0x27
 440 0072 19       		.uleb128 0x19
 441 0073 11       		.uleb128 0x11
 442 0074 01       		.uleb128 0x1
 443 0075 12       		.uleb128 0x12
 444 0076 06       		.uleb128 0x6
 445 0077 40       		.uleb128 0x40
 446 0078 18       		.uleb128 0x18
 447 0079 9742     		.uleb128 0x2117
 448 007b 19       		.uleb128 0x19
 449 007c 00       		.byte	0
 450 007d 00       		.byte	0
ARM GAS  C:\Users\sur\AppData\Local\Temp\cciz0iBA.s 			page 12


 451 007e 0A       		.uleb128 0xa
 452 007f 2E       		.uleb128 0x2e
 453 0080 01       		.byte	0x1
 454 0081 3F       		.uleb128 0x3f
 455 0082 19       		.uleb128 0x19
 456 0083 03       		.uleb128 0x3
 457 0084 0E       		.uleb128 0xe
 458 0085 3A       		.uleb128 0x3a
 459 0086 0B       		.uleb128 0xb
 460 0087 3B       		.uleb128 0x3b
 461 0088 0B       		.uleb128 0xb
 462 0089 27       		.uleb128 0x27
 463 008a 19       		.uleb128 0x19
 464 008b 11       		.uleb128 0x11
 465 008c 01       		.uleb128 0x1
 466 008d 12       		.uleb128 0x12
 467 008e 06       		.uleb128 0x6
 468 008f 40       		.uleb128 0x40
 469 0090 18       		.uleb128 0x18
 470 0091 9742     		.uleb128 0x2117
 471 0093 19       		.uleb128 0x19
 472 0094 01       		.uleb128 0x1
 473 0095 13       		.uleb128 0x13
 474 0096 00       		.byte	0
 475 0097 00       		.byte	0
 476 0098 0B       		.uleb128 0xb
 477 0099 898201   		.uleb128 0x4109
 478 009c 00       		.byte	0
 479 009d 11       		.uleb128 0x11
 480 009e 01       		.uleb128 0x1
 481 009f 31       		.uleb128 0x31
 482 00a0 13       		.uleb128 0x13
 483 00a1 00       		.byte	0
 484 00a2 00       		.byte	0
 485 00a3 0C       		.uleb128 0xc
 486 00a4 34       		.uleb128 0x34
 487 00a5 00       		.byte	0
 488 00a6 03       		.uleb128 0x3
 489 00a7 0E       		.uleb128 0xe
 490 00a8 3A       		.uleb128 0x3a
 491 00a9 0B       		.uleb128 0xb
 492 00aa 3B       		.uleb128 0x3b
 493 00ab 0B       		.uleb128 0xb
 494 00ac 49       		.uleb128 0x49
 495 00ad 13       		.uleb128 0x13
 496 00ae 02       		.uleb128 0x2
 497 00af 18       		.uleb128 0x18
 498 00b0 00       		.byte	0
 499 00b1 00       		.byte	0
 500 00b2 0D       		.uleb128 0xd
 501 00b3 2E       		.uleb128 0x2e
 502 00b4 00       		.byte	0
 503 00b5 3F       		.uleb128 0x3f
 504 00b6 19       		.uleb128 0x19
 505 00b7 3C       		.uleb128 0x3c
 506 00b8 19       		.uleb128 0x19
 507 00b9 6E       		.uleb128 0x6e
ARM GAS  C:\Users\sur\AppData\Local\Temp\cciz0iBA.s 			page 13


 508 00ba 0E       		.uleb128 0xe
 509 00bb 03       		.uleb128 0x3
 510 00bc 0E       		.uleb128 0xe
 511 00bd 3A       		.uleb128 0x3a
 512 00be 0B       		.uleb128 0xb
 513 00bf 3B       		.uleb128 0x3b
 514 00c0 0B       		.uleb128 0xb
 515 00c1 00       		.byte	0
 516 00c2 00       		.byte	0
 517 00c3 00       		.byte	0
 518              		.section	.debug_aranges,"",%progbits
 519 0000 34000000 		.4byte	0x34
 520 0004 0200     		.2byte	0x2
 521 0006 00000000 		.4byte	.Ldebug_info0
 522 000a 04       		.byte	0x4
 523 000b 00       		.byte	0
 524 000c 0000     		.2byte	0
 525 000e 0000     		.2byte	0
 526 0010 00000000 		.4byte	.LFB0
 527 0014 02000000 		.4byte	.LFE0-.LFB0
 528 0018 00000000 		.4byte	.LFB1
 529 001c 02000000 		.4byte	.LFE1-.LFB1
 530 0020 00000000 		.4byte	.LFB2
 531 0024 20000000 		.4byte	.LFE2-.LFB2
 532 0028 00000000 		.4byte	.LFB3
 533 002c 18000000 		.4byte	.LFE3-.LFB3
 534 0030 00000000 		.4byte	0
 535 0034 00000000 		.4byte	0
 536              		.section	.debug_ranges,"",%progbits
 537              	.Ldebug_ranges0:
 538 0000 00000000 		.4byte	.LFB0
 539 0004 02000000 		.4byte	.LFE0
 540 0008 00000000 		.4byte	.LFB1
 541 000c 02000000 		.4byte	.LFE1
 542 0010 00000000 		.4byte	.LFB2
 543 0014 20000000 		.4byte	.LFE2
 544 0018 00000000 		.4byte	.LFB3
 545 001c 18000000 		.4byte	.LFE3
 546 0020 00000000 		.4byte	0
 547 0024 00000000 		.4byte	0
 548              		.section	.debug_line,"",%progbits
 549              	.Ldebug_line0:
 550 0000 B0000000 		.section	.debug_str,"MS",%progbits,1
 550      02006000 
 550      00000201 
 550      FB0E0D00 
 550      01010101 
 551              	.LASF18:
 552 0000 474C4344 		.ascii	"GLCD_SPIM_UDB_BACKUP_STRUCT\000"
 552      5F535049 
 552      4D5F5544 
 552      425F4241 
 552      434B5550 
 553              	.LASF3:
 554 001c 73686F72 		.ascii	"short unsigned int\000"
 554      7420756E 
 554      7369676E 
ARM GAS  C:\Users\sur\AppData\Local\Temp\cciz0iBA.s 			page 14


 554      65642069 
 554      6E7400
 555              	.LASF29:
 556 002f 474C4344 		.ascii	"GLCD_SPIM_UDB_backup\000"
 556      5F535049 
 556      4D5F5544 
 556      425F6261 
 556      636B7570 
 557              	.LASF9:
 558 0044 666C6F61 		.ascii	"float\000"
 558      7400
 559              	.LASF19:
 560 004a 474C4344 		.ascii	"GLCD_SPIM_UDB_SaveConfig\000"
 560      5F535049 
 560      4D5F5544 
 560      425F5361 
 560      7665436F 
 561              	.LASF1:
 562 0063 756E7369 		.ascii	"unsigned char\000"
 562      676E6564 
 562      20636861 
 562      7200
 563              	.LASF22:
 564 0071 474C4344 		.ascii	"GLCD_SPIM_UDB_Wakeup\000"
 564      5F535049 
 564      4D5F5544 
 564      425F5761 
 564      6B657570 
 565              	.LASF21:
 566 0086 474C4344 		.ascii	"GLCD_SPIM_UDB_Sleep\000"
 566      5F535049 
 566      4D5F5544 
 566      425F536C 
 566      65657000 
 567              	.LASF13:
 568 009a 72656738 		.ascii	"reg8\000"
 568      00
 569              	.LASF5:
 570 009f 6C6F6E67 		.ascii	"long unsigned int\000"
 570      20756E73 
 570      69676E65 
 570      6420696E 
 570      7400
 571              	.LASF12:
 572 00b1 75696E74 		.ascii	"uint8\000"
 572      3800
 573              	.LASF24:
 574 00b7 474C4344 		.ascii	"GLCD_SPIM_UDB_ClearFIFO\000"
 574      5F535049 
 574      4D5F5544 
 574      425F436C 
 574      65617246 
 575              	.LASF20:
 576 00cf 474C4344 		.ascii	"GLCD_SPIM_UDB_RestoreConfig\000"
 576      5F535049 
 576      4D5F5544 
 576      425F5265 
ARM GAS  C:\Users\sur\AppData\Local\Temp\cciz0iBA.s 			page 15


 576      73746F72 
 577              	.LASF10:
 578 00eb 646F7562 		.ascii	"double\000"
 578      6C6500
 579              	.LASF28:
 580 00f2 433A5C55 		.ascii	"C:\\Users\\sur\\Documents\\PSoC Creator\\StarBlaste"
 580      73657273 
 580      5C737572 
 580      5C446F63 
 580      756D656E 
 581 0120 725C5374 		.ascii	"r\\StarBlaster.cydsn\000"
 581      6172426C 
 581      61737465 
 581      722E6379 
 581      64736E00 
 582              	.LASF17:
 583 0134 636E7472 		.ascii	"cntrPeriod\000"
 583      50657269 
 583      6F6400
 584              	.LASF8:
 585 013f 756E7369 		.ascii	"unsigned int\000"
 585      676E6564 
 585      20696E74 
 585      00
 586              	.LASF7:
 587 014c 6C6F6E67 		.ascii	"long long unsigned int\000"
 587      206C6F6E 
 587      6720756E 
 587      7369676E 
 587      65642069 
 588              	.LASF26:
 589 0163 474E5520 		.ascii	"GNU C11 5.4.1 20160609 (release) [ARM/embedded-5-br"
 589      43313120 
 589      352E342E 
 589      31203230 
 589      31363036 
 590 0196 616E6368 		.ascii	"anch revision 237715] -mcpu=cortex-m0 -mthumb -g -O"
 590      20726576 
 590      6973696F 
 590      6E203233 
 590      37373135 
 591 01c9 67202D66 		.ascii	"g -ffunction-sections -ffat-lto-objects\000"
 591      66756E63 
 591      74696F6E 
 591      2D736563 
 591      74696F6E 
 592              	.LASF15:
 593 01f1 73697A65 		.ascii	"sizetype\000"
 593      74797065 
 593      00
 594              	.LASF6:
 595 01fa 6C6F6E67 		.ascii	"long long int\000"
 595      206C6F6E 
 595      6720696E 
 595      7400
 596              	.LASF11:
 597 0208 63686172 		.ascii	"char\000"
ARM GAS  C:\Users\sur\AppData\Local\Temp\cciz0iBA.s 			page 16


 597      00
 598              	.LASF2:
 599 020d 73686F72 		.ascii	"short int\000"
 599      7420696E 
 599      7400
 600              	.LASF4:
 601 0217 6C6F6E67 		.ascii	"long int\000"
 601      20696E74 
 601      00
 602              	.LASF16:
 603 0220 656E6162 		.ascii	"enableState\000"
 603      6C655374 
 603      61746500 
 604              	.LASF14:
 605 022c 6C6F6E67 		.ascii	"long double\000"
 605      20646F75 
 605      626C6500 
 606              	.LASF0:
 607 0238 7369676E 		.ascii	"signed char\000"
 607      65642063 
 607      68617200 
 608              	.LASF25:
 609 0244 474C4344 		.ascii	"GLCD_SPIM_UDB_Enable\000"
 609      5F535049 
 609      4D5F5544 
 609      425F456E 
 609      61626C65 
 610              	.LASF23:
 611 0259 474C4344 		.ascii	"GLCD_SPIM_UDB_Stop\000"
 611      5F535049 
 611      4D5F5544 
 611      425F5374 
 611      6F7000
 612              	.LASF27:
 613 026c 47656E65 		.ascii	"Generated_Source\\PSoC4\\GLCD_SPIM_UDB_PM.c\000"
 613      72617465 
 613      645F536F 
 613      75726365 
 613      5C50536F 
 614              		.ident	"GCC: (GNU Tools for ARM Embedded Processors) 5.4.1 20160609 (release) [ARM/embedded-5-bran
