ARM GAS  C:\Users\sur\AppData\Local\Temp\cc5nnZmV.s 			page 1


   1              		.syntax unified
   2              		.cpu cortex-m0
   3              		.fpu softvfp
   4              		.eabi_attribute 20, 1
   5              		.eabi_attribute 21, 1
   6              		.eabi_attribute 23, 3
   7              		.eabi_attribute 24, 1
   8              		.eabi_attribute 25, 1
   9              		.eabi_attribute 26, 1
  10              		.eabi_attribute 30, 1
  11              		.eabi_attribute 34, 0
  12              		.eabi_attribute 18, 4
  13              		.thumb
  14              		.syntax unified
  15              		.file	"GLCD_1_SPIM_UDB_INT.c"
  16              		.text
  17              	.Ltext0:
  18              		.cfi_sections	.debug_frame
  19              		.section	.text.GLCD_1_SPIM_UDB_TX_ISR,"ax",%progbits
  20              		.align	2
  21              		.global	GLCD_1_SPIM_UDB_TX_ISR
  22              		.code	16
  23              		.thumb_func
  24              		.type	GLCD_1_SPIM_UDB_TX_ISR, %function
  25              	GLCD_1_SPIM_UDB_TX_ISR:
  26              	.LFB0:
  27              		.file 1 "Generated_Source\\PSoC4\\GLCD_1_SPIM_UDB_INT.c"
   1:Generated_Source\PSoC4/GLCD_1_SPIM_UDB_INT.c **** /*******************************************************************************
   2:Generated_Source\PSoC4/GLCD_1_SPIM_UDB_INT.c **** * File Name: GLCD_1_SPIM_UDB_INT.c
   3:Generated_Source\PSoC4/GLCD_1_SPIM_UDB_INT.c **** * Version 2.40
   4:Generated_Source\PSoC4/GLCD_1_SPIM_UDB_INT.c **** *
   5:Generated_Source\PSoC4/GLCD_1_SPIM_UDB_INT.c **** * Description:
   6:Generated_Source\PSoC4/GLCD_1_SPIM_UDB_INT.c **** *  This file provides all Interrupt Service Routine (ISR) for the SPI Master
   7:Generated_Source\PSoC4/GLCD_1_SPIM_UDB_INT.c **** *  component.
   8:Generated_Source\PSoC4/GLCD_1_SPIM_UDB_INT.c **** *
   9:Generated_Source\PSoC4/GLCD_1_SPIM_UDB_INT.c **** * Note:
  10:Generated_Source\PSoC4/GLCD_1_SPIM_UDB_INT.c **** *  None.
  11:Generated_Source\PSoC4/GLCD_1_SPIM_UDB_INT.c **** *
  12:Generated_Source\PSoC4/GLCD_1_SPIM_UDB_INT.c **** ********************************************************************************
  13:Generated_Source\PSoC4/GLCD_1_SPIM_UDB_INT.c **** * Copyright 2008-2012, Cypress Semiconductor Corporation.  All rights reserved.
  14:Generated_Source\PSoC4/GLCD_1_SPIM_UDB_INT.c **** * You may use this file only in accordance with the license, terms, conditions,
  15:Generated_Source\PSoC4/GLCD_1_SPIM_UDB_INT.c **** * disclaimers, and limitations in the end user license agreement accompanying
  16:Generated_Source\PSoC4/GLCD_1_SPIM_UDB_INT.c **** * the software package with which this file was provided.
  17:Generated_Source\PSoC4/GLCD_1_SPIM_UDB_INT.c **** *******************************************************************************/
  18:Generated_Source\PSoC4/GLCD_1_SPIM_UDB_INT.c **** 
  19:Generated_Source\PSoC4/GLCD_1_SPIM_UDB_INT.c **** #include "GLCD_1_SPIM_UDB_PVT.h"
  20:Generated_Source\PSoC4/GLCD_1_SPIM_UDB_INT.c **** 
  21:Generated_Source\PSoC4/GLCD_1_SPIM_UDB_INT.c **** /* User code required at start of ISR */
  22:Generated_Source\PSoC4/GLCD_1_SPIM_UDB_INT.c **** /* `#START GLCD_1_SPIM_UDB_ISR_START_DEF` */
  23:Generated_Source\PSoC4/GLCD_1_SPIM_UDB_INT.c **** 
  24:Generated_Source\PSoC4/GLCD_1_SPIM_UDB_INT.c **** /* `#END` */
  25:Generated_Source\PSoC4/GLCD_1_SPIM_UDB_INT.c **** 
  26:Generated_Source\PSoC4/GLCD_1_SPIM_UDB_INT.c **** 
  27:Generated_Source\PSoC4/GLCD_1_SPIM_UDB_INT.c **** /*******************************************************************************
  28:Generated_Source\PSoC4/GLCD_1_SPIM_UDB_INT.c **** * Function Name: GLCD_1_SPIM_UDB_TX_ISR
  29:Generated_Source\PSoC4/GLCD_1_SPIM_UDB_INT.c **** ********************************************************************************
  30:Generated_Source\PSoC4/GLCD_1_SPIM_UDB_INT.c **** *
ARM GAS  C:\Users\sur\AppData\Local\Temp\cc5nnZmV.s 			page 2


  31:Generated_Source\PSoC4/GLCD_1_SPIM_UDB_INT.c **** * Summary:
  32:Generated_Source\PSoC4/GLCD_1_SPIM_UDB_INT.c **** *  Interrupt Service Routine for TX portion of the SPI Master.
  33:Generated_Source\PSoC4/GLCD_1_SPIM_UDB_INT.c **** *
  34:Generated_Source\PSoC4/GLCD_1_SPIM_UDB_INT.c **** * Parameters:
  35:Generated_Source\PSoC4/GLCD_1_SPIM_UDB_INT.c **** *  None.
  36:Generated_Source\PSoC4/GLCD_1_SPIM_UDB_INT.c **** *
  37:Generated_Source\PSoC4/GLCD_1_SPIM_UDB_INT.c **** * Return:
  38:Generated_Source\PSoC4/GLCD_1_SPIM_UDB_INT.c **** *  None.
  39:Generated_Source\PSoC4/GLCD_1_SPIM_UDB_INT.c **** *
  40:Generated_Source\PSoC4/GLCD_1_SPIM_UDB_INT.c **** * Global variables:
  41:Generated_Source\PSoC4/GLCD_1_SPIM_UDB_INT.c **** *  GLCD_1_SPIM_UDB_txBufferWrite - used for the account of the bytes which
  42:Generated_Source\PSoC4/GLCD_1_SPIM_UDB_INT.c **** *  have been written down in the TX software buffer.
  43:Generated_Source\PSoC4/GLCD_1_SPIM_UDB_INT.c **** *  GLCD_1_SPIM_UDB_txBufferRead - used for the account of the bytes which
  44:Generated_Source\PSoC4/GLCD_1_SPIM_UDB_INT.c **** *  have been read from the TX software buffer, modified when exist data to
  45:Generated_Source\PSoC4/GLCD_1_SPIM_UDB_INT.c **** *  sending and FIFO Not Full.
  46:Generated_Source\PSoC4/GLCD_1_SPIM_UDB_INT.c **** *  GLCD_1_SPIM_UDB_txBuffer[GLCD_1_SPIM_UDB_TX_BUFFER_SIZE] - used to store
  47:Generated_Source\PSoC4/GLCD_1_SPIM_UDB_INT.c **** *  data to sending.
  48:Generated_Source\PSoC4/GLCD_1_SPIM_UDB_INT.c **** *  All described above Global variables are used when Software Buffer is used.
  49:Generated_Source\PSoC4/GLCD_1_SPIM_UDB_INT.c **** *
  50:Generated_Source\PSoC4/GLCD_1_SPIM_UDB_INT.c **** *******************************************************************************/
  51:Generated_Source\PSoC4/GLCD_1_SPIM_UDB_INT.c **** CY_ISR(GLCD_1_SPIM_UDB_TX_ISR)
  52:Generated_Source\PSoC4/GLCD_1_SPIM_UDB_INT.c **** {
  28              		.loc 1 52 0
  29              		.cfi_startproc
  30              		@ args = 0, pretend = 0, frame = 0
  31              		@ frame_needed = 0, uses_anonymous_args = 0
  32              		@ link register save eliminated.
  53:Generated_Source\PSoC4/GLCD_1_SPIM_UDB_INT.c ****     #if(GLCD_1_SPIM_UDB_TX_SOFTWARE_BUF_ENABLED)
  54:Generated_Source\PSoC4/GLCD_1_SPIM_UDB_INT.c ****         uint8 tmpStatus;
  55:Generated_Source\PSoC4/GLCD_1_SPIM_UDB_INT.c ****     #endif /* (GLCD_1_SPIM_UDB_TX_SOFTWARE_BUF_ENABLED) */
  56:Generated_Source\PSoC4/GLCD_1_SPIM_UDB_INT.c **** 
  57:Generated_Source\PSoC4/GLCD_1_SPIM_UDB_INT.c ****     /* User code required at start of ISR */
  58:Generated_Source\PSoC4/GLCD_1_SPIM_UDB_INT.c ****     /* `#START GLCD_1_SPIM_UDB_TX_ISR_START` */
  59:Generated_Source\PSoC4/GLCD_1_SPIM_UDB_INT.c **** 
  60:Generated_Source\PSoC4/GLCD_1_SPIM_UDB_INT.c ****     /* `#END` */
  61:Generated_Source\PSoC4/GLCD_1_SPIM_UDB_INT.c **** 
  62:Generated_Source\PSoC4/GLCD_1_SPIM_UDB_INT.c ****     #if(GLCD_1_SPIM_UDB_TX_SOFTWARE_BUF_ENABLED)
  63:Generated_Source\PSoC4/GLCD_1_SPIM_UDB_INT.c ****         /* Check if TX data buffer is not empty and there is space in TX FIFO */
  64:Generated_Source\PSoC4/GLCD_1_SPIM_UDB_INT.c ****         while(GLCD_1_SPIM_UDB_txBufferRead != GLCD_1_SPIM_UDB_txBufferWrite)
  65:Generated_Source\PSoC4/GLCD_1_SPIM_UDB_INT.c ****         {
  66:Generated_Source\PSoC4/GLCD_1_SPIM_UDB_INT.c ****             tmpStatus = GLCD_1_SPIM_UDB_GET_STATUS_TX(GLCD_1_SPIM_UDB_swStatusTx);
  67:Generated_Source\PSoC4/GLCD_1_SPIM_UDB_INT.c ****             GLCD_1_SPIM_UDB_swStatusTx = tmpStatus;
  68:Generated_Source\PSoC4/GLCD_1_SPIM_UDB_INT.c **** 
  69:Generated_Source\PSoC4/GLCD_1_SPIM_UDB_INT.c ****             if(0u != (GLCD_1_SPIM_UDB_swStatusTx & GLCD_1_SPIM_UDB_STS_TX_FIFO_NOT_FULL))
  70:Generated_Source\PSoC4/GLCD_1_SPIM_UDB_INT.c ****             {
  71:Generated_Source\PSoC4/GLCD_1_SPIM_UDB_INT.c ****                 if(0u == GLCD_1_SPIM_UDB_txBufferFull)
  72:Generated_Source\PSoC4/GLCD_1_SPIM_UDB_INT.c ****                 {
  73:Generated_Source\PSoC4/GLCD_1_SPIM_UDB_INT.c ****                    GLCD_1_SPIM_UDB_txBufferRead++;
  74:Generated_Source\PSoC4/GLCD_1_SPIM_UDB_INT.c **** 
  75:Generated_Source\PSoC4/GLCD_1_SPIM_UDB_INT.c ****                     if(GLCD_1_SPIM_UDB_txBufferRead >= GLCD_1_SPIM_UDB_TX_BUFFER_SIZE)
  76:Generated_Source\PSoC4/GLCD_1_SPIM_UDB_INT.c ****                     {
  77:Generated_Source\PSoC4/GLCD_1_SPIM_UDB_INT.c ****                         GLCD_1_SPIM_UDB_txBufferRead = 0u;
  78:Generated_Source\PSoC4/GLCD_1_SPIM_UDB_INT.c ****                     }
  79:Generated_Source\PSoC4/GLCD_1_SPIM_UDB_INT.c ****                 }
  80:Generated_Source\PSoC4/GLCD_1_SPIM_UDB_INT.c ****                 else
  81:Generated_Source\PSoC4/GLCD_1_SPIM_UDB_INT.c ****                 {
  82:Generated_Source\PSoC4/GLCD_1_SPIM_UDB_INT.c ****                     GLCD_1_SPIM_UDB_txBufferFull = 0u;
ARM GAS  C:\Users\sur\AppData\Local\Temp\cc5nnZmV.s 			page 3


  83:Generated_Source\PSoC4/GLCD_1_SPIM_UDB_INT.c ****                 }
  84:Generated_Source\PSoC4/GLCD_1_SPIM_UDB_INT.c **** 
  85:Generated_Source\PSoC4/GLCD_1_SPIM_UDB_INT.c ****                 /* Move data from the Buffer to the FIFO */
  86:Generated_Source\PSoC4/GLCD_1_SPIM_UDB_INT.c ****                 CY_SET_REG16(GLCD_1_SPIM_UDB_TXDATA_PTR,
  87:Generated_Source\PSoC4/GLCD_1_SPIM_UDB_INT.c ****                     GLCD_1_SPIM_UDB_txBuffer[GLCD_1_SPIM_UDB_txBufferRead]);
  88:Generated_Source\PSoC4/GLCD_1_SPIM_UDB_INT.c ****             }
  89:Generated_Source\PSoC4/GLCD_1_SPIM_UDB_INT.c ****             else
  90:Generated_Source\PSoC4/GLCD_1_SPIM_UDB_INT.c ****             {
  91:Generated_Source\PSoC4/GLCD_1_SPIM_UDB_INT.c ****                 break;
  92:Generated_Source\PSoC4/GLCD_1_SPIM_UDB_INT.c ****             }
  93:Generated_Source\PSoC4/GLCD_1_SPIM_UDB_INT.c ****         }
  94:Generated_Source\PSoC4/GLCD_1_SPIM_UDB_INT.c **** 
  95:Generated_Source\PSoC4/GLCD_1_SPIM_UDB_INT.c ****         if(GLCD_1_SPIM_UDB_txBufferRead == GLCD_1_SPIM_UDB_txBufferWrite)
  96:Generated_Source\PSoC4/GLCD_1_SPIM_UDB_INT.c ****         {
  97:Generated_Source\PSoC4/GLCD_1_SPIM_UDB_INT.c ****             /* TX Buffer is EMPTY: disable interrupt on TX NOT FULL */
  98:Generated_Source\PSoC4/GLCD_1_SPIM_UDB_INT.c ****             GLCD_1_SPIM_UDB_TX_STATUS_MASK_REG &= ((uint8) ~GLCD_1_SPIM_UDB_STS_TX_FIFO_NOT_FULL);
  99:Generated_Source\PSoC4/GLCD_1_SPIM_UDB_INT.c ****         }
 100:Generated_Source\PSoC4/GLCD_1_SPIM_UDB_INT.c **** 
 101:Generated_Source\PSoC4/GLCD_1_SPIM_UDB_INT.c ****     #endif /* (GLCD_1_SPIM_UDB_TX_SOFTWARE_BUF_ENABLED) */
 102:Generated_Source\PSoC4/GLCD_1_SPIM_UDB_INT.c **** 
 103:Generated_Source\PSoC4/GLCD_1_SPIM_UDB_INT.c ****     /* User code required at end of ISR (Optional) */
 104:Generated_Source\PSoC4/GLCD_1_SPIM_UDB_INT.c ****     /* `#START GLCD_1_SPIM_UDB_TX_ISR_END` */
 105:Generated_Source\PSoC4/GLCD_1_SPIM_UDB_INT.c **** 
 106:Generated_Source\PSoC4/GLCD_1_SPIM_UDB_INT.c ****     /* `#END` */
 107:Generated_Source\PSoC4/GLCD_1_SPIM_UDB_INT.c **** }
  33              		.loc 1 107 0
  34              		@ sp needed
  35 0000 7047     		bx	lr
  36              		.cfi_endproc
  37              	.LFE0:
  38              		.size	GLCD_1_SPIM_UDB_TX_ISR, .-GLCD_1_SPIM_UDB_TX_ISR
  39 0002 C046     		.section	.text.GLCD_1_SPIM_UDB_RX_ISR,"ax",%progbits
  40              		.align	2
  41              		.global	GLCD_1_SPIM_UDB_RX_ISR
  42              		.code	16
  43              		.thumb_func
  44              		.type	GLCD_1_SPIM_UDB_RX_ISR, %function
  45              	GLCD_1_SPIM_UDB_RX_ISR:
  46              	.LFB1:
 108:Generated_Source\PSoC4/GLCD_1_SPIM_UDB_INT.c **** 
 109:Generated_Source\PSoC4/GLCD_1_SPIM_UDB_INT.c **** 
 110:Generated_Source\PSoC4/GLCD_1_SPIM_UDB_INT.c **** /*******************************************************************************
 111:Generated_Source\PSoC4/GLCD_1_SPIM_UDB_INT.c **** * Function Name: GLCD_1_SPIM_UDB_RX_ISR
 112:Generated_Source\PSoC4/GLCD_1_SPIM_UDB_INT.c **** ********************************************************************************
 113:Generated_Source\PSoC4/GLCD_1_SPIM_UDB_INT.c **** *
 114:Generated_Source\PSoC4/GLCD_1_SPIM_UDB_INT.c **** * Summary:
 115:Generated_Source\PSoC4/GLCD_1_SPIM_UDB_INT.c **** *  Interrupt Service Routine for RX portion of the SPI Master.
 116:Generated_Source\PSoC4/GLCD_1_SPIM_UDB_INT.c **** *
 117:Generated_Source\PSoC4/GLCD_1_SPIM_UDB_INT.c **** * Parameters:
 118:Generated_Source\PSoC4/GLCD_1_SPIM_UDB_INT.c **** *  None.
 119:Generated_Source\PSoC4/GLCD_1_SPIM_UDB_INT.c **** *
 120:Generated_Source\PSoC4/GLCD_1_SPIM_UDB_INT.c **** * Return:
 121:Generated_Source\PSoC4/GLCD_1_SPIM_UDB_INT.c **** *  None.
 122:Generated_Source\PSoC4/GLCD_1_SPIM_UDB_INT.c **** *
 123:Generated_Source\PSoC4/GLCD_1_SPIM_UDB_INT.c **** * Global variables:
 124:Generated_Source\PSoC4/GLCD_1_SPIM_UDB_INT.c **** *  GLCD_1_SPIM_UDB_rxBufferWrite - used for the account of the bytes which
 125:Generated_Source\PSoC4/GLCD_1_SPIM_UDB_INT.c **** *  have been written down in the RX software buffer modified when FIFO contains
ARM GAS  C:\Users\sur\AppData\Local\Temp\cc5nnZmV.s 			page 4


 126:Generated_Source\PSoC4/GLCD_1_SPIM_UDB_INT.c **** *  new data.
 127:Generated_Source\PSoC4/GLCD_1_SPIM_UDB_INT.c **** *  GLCD_1_SPIM_UDB_rxBufferRead - used for the account of the bytes which
 128:Generated_Source\PSoC4/GLCD_1_SPIM_UDB_INT.c **** *  have been read from the RX software buffer, modified when overflow occurred.
 129:Generated_Source\PSoC4/GLCD_1_SPIM_UDB_INT.c **** *  GLCD_1_SPIM_UDB_rxBuffer[GLCD_1_SPIM_UDB_RX_BUFFER_SIZE] - used to store
 130:Generated_Source\PSoC4/GLCD_1_SPIM_UDB_INT.c **** *  received data, modified when FIFO contains new data.
 131:Generated_Source\PSoC4/GLCD_1_SPIM_UDB_INT.c **** *  All described above Global variables are used when Software Buffer is used.
 132:Generated_Source\PSoC4/GLCD_1_SPIM_UDB_INT.c **** *
 133:Generated_Source\PSoC4/GLCD_1_SPIM_UDB_INT.c **** *******************************************************************************/
 134:Generated_Source\PSoC4/GLCD_1_SPIM_UDB_INT.c **** CY_ISR(GLCD_1_SPIM_UDB_RX_ISR)
 135:Generated_Source\PSoC4/GLCD_1_SPIM_UDB_INT.c **** {
  47              		.loc 1 135 0
  48              		.cfi_startproc
  49              		@ args = 0, pretend = 0, frame = 0
  50              		@ frame_needed = 0, uses_anonymous_args = 0
  51              		@ link register save eliminated.
 136:Generated_Source\PSoC4/GLCD_1_SPIM_UDB_INT.c ****     #if(GLCD_1_SPIM_UDB_RX_SOFTWARE_BUF_ENABLED)
 137:Generated_Source\PSoC4/GLCD_1_SPIM_UDB_INT.c ****         uint8 tmpStatus;
 138:Generated_Source\PSoC4/GLCD_1_SPIM_UDB_INT.c ****         uint16 rxData;
 139:Generated_Source\PSoC4/GLCD_1_SPIM_UDB_INT.c ****     #endif /* (GLCD_1_SPIM_UDB_RX_SOFTWARE_BUF_ENABLED) */
 140:Generated_Source\PSoC4/GLCD_1_SPIM_UDB_INT.c **** 
 141:Generated_Source\PSoC4/GLCD_1_SPIM_UDB_INT.c ****     /* User code required at start of ISR */
 142:Generated_Source\PSoC4/GLCD_1_SPIM_UDB_INT.c ****     /* `#START GLCD_1_SPIM_UDB_RX_ISR_START` */
 143:Generated_Source\PSoC4/GLCD_1_SPIM_UDB_INT.c **** 
 144:Generated_Source\PSoC4/GLCD_1_SPIM_UDB_INT.c ****     /* `#END` */
 145:Generated_Source\PSoC4/GLCD_1_SPIM_UDB_INT.c **** 
 146:Generated_Source\PSoC4/GLCD_1_SPIM_UDB_INT.c ****     #if(GLCD_1_SPIM_UDB_RX_SOFTWARE_BUF_ENABLED)
 147:Generated_Source\PSoC4/GLCD_1_SPIM_UDB_INT.c **** 
 148:Generated_Source\PSoC4/GLCD_1_SPIM_UDB_INT.c ****         tmpStatus = GLCD_1_SPIM_UDB_GET_STATUS_RX(GLCD_1_SPIM_UDB_swStatusRx);
 149:Generated_Source\PSoC4/GLCD_1_SPIM_UDB_INT.c ****         GLCD_1_SPIM_UDB_swStatusRx = tmpStatus;
 150:Generated_Source\PSoC4/GLCD_1_SPIM_UDB_INT.c **** 
 151:Generated_Source\PSoC4/GLCD_1_SPIM_UDB_INT.c ****         /* Check if RX data FIFO has some data to be moved into the RX Buffer */
 152:Generated_Source\PSoC4/GLCD_1_SPIM_UDB_INT.c ****         while(0u != (GLCD_1_SPIM_UDB_swStatusRx & GLCD_1_SPIM_UDB_STS_RX_FIFO_NOT_EMPTY))
 153:Generated_Source\PSoC4/GLCD_1_SPIM_UDB_INT.c ****         {
 154:Generated_Source\PSoC4/GLCD_1_SPIM_UDB_INT.c ****             rxData = CY_GET_REG16(GLCD_1_SPIM_UDB_RXDATA_PTR);
 155:Generated_Source\PSoC4/GLCD_1_SPIM_UDB_INT.c **** 
 156:Generated_Source\PSoC4/GLCD_1_SPIM_UDB_INT.c ****             /* Set next pointer. */
 157:Generated_Source\PSoC4/GLCD_1_SPIM_UDB_INT.c ****             GLCD_1_SPIM_UDB_rxBufferWrite++;
 158:Generated_Source\PSoC4/GLCD_1_SPIM_UDB_INT.c ****             if(GLCD_1_SPIM_UDB_rxBufferWrite >= GLCD_1_SPIM_UDB_RX_BUFFER_SIZE)
 159:Generated_Source\PSoC4/GLCD_1_SPIM_UDB_INT.c ****             {
 160:Generated_Source\PSoC4/GLCD_1_SPIM_UDB_INT.c ****                 GLCD_1_SPIM_UDB_rxBufferWrite = 0u;
 161:Generated_Source\PSoC4/GLCD_1_SPIM_UDB_INT.c ****             }
 162:Generated_Source\PSoC4/GLCD_1_SPIM_UDB_INT.c **** 
 163:Generated_Source\PSoC4/GLCD_1_SPIM_UDB_INT.c ****             if(GLCD_1_SPIM_UDB_rxBufferWrite == GLCD_1_SPIM_UDB_rxBufferRead)
 164:Generated_Source\PSoC4/GLCD_1_SPIM_UDB_INT.c ****             {
 165:Generated_Source\PSoC4/GLCD_1_SPIM_UDB_INT.c ****                 GLCD_1_SPIM_UDB_rxBufferRead++;
 166:Generated_Source\PSoC4/GLCD_1_SPIM_UDB_INT.c ****                 if(GLCD_1_SPIM_UDB_rxBufferRead >= GLCD_1_SPIM_UDB_RX_BUFFER_SIZE)
 167:Generated_Source\PSoC4/GLCD_1_SPIM_UDB_INT.c ****                 {
 168:Generated_Source\PSoC4/GLCD_1_SPIM_UDB_INT.c ****                     GLCD_1_SPIM_UDB_rxBufferRead = 0u;
 169:Generated_Source\PSoC4/GLCD_1_SPIM_UDB_INT.c ****                 }
 170:Generated_Source\PSoC4/GLCD_1_SPIM_UDB_INT.c **** 
 171:Generated_Source\PSoC4/GLCD_1_SPIM_UDB_INT.c ****                 GLCD_1_SPIM_UDB_rxBufferFull = 1u;
 172:Generated_Source\PSoC4/GLCD_1_SPIM_UDB_INT.c ****             }
 173:Generated_Source\PSoC4/GLCD_1_SPIM_UDB_INT.c **** 
 174:Generated_Source\PSoC4/GLCD_1_SPIM_UDB_INT.c ****             /* Move data from the FIFO to the Buffer */
 175:Generated_Source\PSoC4/GLCD_1_SPIM_UDB_INT.c ****             GLCD_1_SPIM_UDB_rxBuffer[GLCD_1_SPIM_UDB_rxBufferWrite] = rxData;
 176:Generated_Source\PSoC4/GLCD_1_SPIM_UDB_INT.c **** 
 177:Generated_Source\PSoC4/GLCD_1_SPIM_UDB_INT.c ****             tmpStatus = GLCD_1_SPIM_UDB_GET_STATUS_RX(GLCD_1_SPIM_UDB_swStatusRx);
ARM GAS  C:\Users\sur\AppData\Local\Temp\cc5nnZmV.s 			page 5


 178:Generated_Source\PSoC4/GLCD_1_SPIM_UDB_INT.c ****             GLCD_1_SPIM_UDB_swStatusRx = tmpStatus;
 179:Generated_Source\PSoC4/GLCD_1_SPIM_UDB_INT.c ****         }
 180:Generated_Source\PSoC4/GLCD_1_SPIM_UDB_INT.c **** 
 181:Generated_Source\PSoC4/GLCD_1_SPIM_UDB_INT.c ****     #endif /* (GLCD_1_SPIM_UDB_RX_SOFTWARE_BUF_ENABLED) */
 182:Generated_Source\PSoC4/GLCD_1_SPIM_UDB_INT.c **** 
 183:Generated_Source\PSoC4/GLCD_1_SPIM_UDB_INT.c ****     /* User code required at end of ISR (Optional) */
 184:Generated_Source\PSoC4/GLCD_1_SPIM_UDB_INT.c ****     /* `#START GLCD_1_SPIM_UDB_RX_ISR_END` */
 185:Generated_Source\PSoC4/GLCD_1_SPIM_UDB_INT.c **** 
 186:Generated_Source\PSoC4/GLCD_1_SPIM_UDB_INT.c ****     /* `#END` */
 187:Generated_Source\PSoC4/GLCD_1_SPIM_UDB_INT.c **** }
  52              		.loc 1 187 0
  53              		@ sp needed
  54 0000 7047     		bx	lr
  55              		.cfi_endproc
  56              	.LFE1:
  57              		.size	GLCD_1_SPIM_UDB_RX_ISR, .-GLCD_1_SPIM_UDB_RX_ISR
  58 0002 C046     		.text
  59              	.Letext0:
  60              		.section	.debug_info,"",%progbits
  61              	.Ldebug_info0:
  62 0000 AD000000 		.4byte	0xad
  63 0004 0400     		.2byte	0x4
  64 0006 00000000 		.4byte	.Ldebug_abbrev0
  65 000a 04       		.byte	0x4
  66 000b 01       		.uleb128 0x1
  67 000c 0A010000 		.4byte	.LASF16
  68 0010 0C       		.byte	0xc
  69 0011 72000000 		.4byte	.LASF17
  70 0015 B8000000 		.4byte	.LASF18
  71 0019 00000000 		.4byte	.Ldebug_ranges0+0
  72 001d 00000000 		.4byte	0
  73 0021 00000000 		.4byte	.Ldebug_line0
  74 0025 02       		.uleb128 0x2
  75 0026 01       		.byte	0x1
  76 0027 06       		.byte	0x6
  77 0028 AB010000 		.4byte	.LASF0
  78 002c 02       		.uleb128 0x2
  79 002d 01       		.byte	0x1
  80 002e 08       		.byte	0x8
  81 002f AA000000 		.4byte	.LASF1
  82 0033 02       		.uleb128 0x2
  83 0034 02       		.byte	0x2
  84 0035 05       		.byte	0x5
  85 0036 C3010000 		.4byte	.LASF2
  86 003a 02       		.uleb128 0x2
  87 003b 02       		.byte	0x2
  88 003c 07       		.byte	0x7
  89 003d 98010000 		.4byte	.LASF3
  90 0041 02       		.uleb128 0x2
  91 0042 04       		.byte	0x4
  92 0043 05       		.byte	0x5
  93 0044 FA000000 		.4byte	.LASF4
  94 0048 02       		.uleb128 0x2
  95 0049 04       		.byte	0x4
  96 004a 07       		.byte	0x7
  97 004b 32000000 		.4byte	.LASF5
  98 004f 02       		.uleb128 0x2
ARM GAS  C:\Users\sur\AppData\Local\Temp\cc5nnZmV.s 			page 6


  99 0050 08       		.byte	0x8
 100 0051 05       		.byte	0x5
 101 0052 00000000 		.4byte	.LASF6
 102 0056 02       		.uleb128 0x2
 103 0057 08       		.byte	0x8
 104 0058 07       		.byte	0x7
 105 0059 5B000000 		.4byte	.LASF7
 106 005d 03       		.uleb128 0x3
 107 005e 04       		.byte	0x4
 108 005f 05       		.byte	0x5
 109 0060 696E7400 		.ascii	"int\000"
 110 0064 02       		.uleb128 0x2
 111 0065 04       		.byte	0x4
 112 0066 07       		.byte	0x7
 113 0067 0E000000 		.4byte	.LASF8
 114 006b 02       		.uleb128 0x2
 115 006c 04       		.byte	0x4
 116 006d 04       		.byte	0x4
 117 006e 9F000000 		.4byte	.LASF9
 118 0072 02       		.uleb128 0x2
 119 0073 08       		.byte	0x8
 120 0074 04       		.byte	0x4
 121 0075 03010000 		.4byte	.LASF10
 122 0079 02       		.uleb128 0x2
 123 007a 01       		.byte	0x1
 124 007b 08       		.byte	0x8
 125 007c A5000000 		.4byte	.LASF11
 126 0080 02       		.uleb128 0x2
 127 0081 08       		.byte	0x8
 128 0082 04       		.byte	0x4
 129 0083 B7010000 		.4byte	.LASF12
 130 0087 02       		.uleb128 0x2
 131 0088 04       		.byte	0x4
 132 0089 07       		.byte	0x7
 133 008a CD010000 		.4byte	.LASF13
 134 008e 04       		.uleb128 0x4
 135 008f 1B000000 		.4byte	.LASF14
 136 0093 01       		.byte	0x1
 137 0094 33       		.byte	0x33
 138 0095 00000000 		.4byte	.LFB0
 139 0099 02000000 		.4byte	.LFE0-.LFB0
 140 009d 01       		.uleb128 0x1
 141 009e 9C       		.byte	0x9c
 142 009f 04       		.uleb128 0x4
 143 00a0 44000000 		.4byte	.LASF15
 144 00a4 01       		.byte	0x1
 145 00a5 86       		.byte	0x86
 146 00a6 00000000 		.4byte	.LFB1
 147 00aa 02000000 		.4byte	.LFE1-.LFB1
 148 00ae 01       		.uleb128 0x1
 149 00af 9C       		.byte	0x9c
 150 00b0 00       		.byte	0
 151              		.section	.debug_abbrev,"",%progbits
 152              	.Ldebug_abbrev0:
 153 0000 01       		.uleb128 0x1
 154 0001 11       		.uleb128 0x11
 155 0002 01       		.byte	0x1
ARM GAS  C:\Users\sur\AppData\Local\Temp\cc5nnZmV.s 			page 7


 156 0003 25       		.uleb128 0x25
 157 0004 0E       		.uleb128 0xe
 158 0005 13       		.uleb128 0x13
 159 0006 0B       		.uleb128 0xb
 160 0007 03       		.uleb128 0x3
 161 0008 0E       		.uleb128 0xe
 162 0009 1B       		.uleb128 0x1b
 163 000a 0E       		.uleb128 0xe
 164 000b 55       		.uleb128 0x55
 165 000c 17       		.uleb128 0x17
 166 000d 11       		.uleb128 0x11
 167 000e 01       		.uleb128 0x1
 168 000f 10       		.uleb128 0x10
 169 0010 17       		.uleb128 0x17
 170 0011 00       		.byte	0
 171 0012 00       		.byte	0
 172 0013 02       		.uleb128 0x2
 173 0014 24       		.uleb128 0x24
 174 0015 00       		.byte	0
 175 0016 0B       		.uleb128 0xb
 176 0017 0B       		.uleb128 0xb
 177 0018 3E       		.uleb128 0x3e
 178 0019 0B       		.uleb128 0xb
 179 001a 03       		.uleb128 0x3
 180 001b 0E       		.uleb128 0xe
 181 001c 00       		.byte	0
 182 001d 00       		.byte	0
 183 001e 03       		.uleb128 0x3
 184 001f 24       		.uleb128 0x24
 185 0020 00       		.byte	0
 186 0021 0B       		.uleb128 0xb
 187 0022 0B       		.uleb128 0xb
 188 0023 3E       		.uleb128 0x3e
 189 0024 0B       		.uleb128 0xb
 190 0025 03       		.uleb128 0x3
 191 0026 08       		.uleb128 0x8
 192 0027 00       		.byte	0
 193 0028 00       		.byte	0
 194 0029 04       		.uleb128 0x4
 195 002a 2E       		.uleb128 0x2e
 196 002b 00       		.byte	0
 197 002c 3F       		.uleb128 0x3f
 198 002d 19       		.uleb128 0x19
 199 002e 03       		.uleb128 0x3
 200 002f 0E       		.uleb128 0xe
 201 0030 3A       		.uleb128 0x3a
 202 0031 0B       		.uleb128 0xb
 203 0032 3B       		.uleb128 0x3b
 204 0033 0B       		.uleb128 0xb
 205 0034 27       		.uleb128 0x27
 206 0035 19       		.uleb128 0x19
 207 0036 11       		.uleb128 0x11
 208 0037 01       		.uleb128 0x1
 209 0038 12       		.uleb128 0x12
 210 0039 06       		.uleb128 0x6
 211 003a 40       		.uleb128 0x40
 212 003b 18       		.uleb128 0x18
ARM GAS  C:\Users\sur\AppData\Local\Temp\cc5nnZmV.s 			page 8


 213 003c 9742     		.uleb128 0x2117
 214 003e 19       		.uleb128 0x19
 215 003f 00       		.byte	0
 216 0040 00       		.byte	0
 217 0041 00       		.byte	0
 218              		.section	.debug_aranges,"",%progbits
 219 0000 24000000 		.4byte	0x24
 220 0004 0200     		.2byte	0x2
 221 0006 00000000 		.4byte	.Ldebug_info0
 222 000a 04       		.byte	0x4
 223 000b 00       		.byte	0
 224 000c 0000     		.2byte	0
 225 000e 0000     		.2byte	0
 226 0010 00000000 		.4byte	.LFB0
 227 0014 02000000 		.4byte	.LFE0-.LFB0
 228 0018 00000000 		.4byte	.LFB1
 229 001c 02000000 		.4byte	.LFE1-.LFB1
 230 0020 00000000 		.4byte	0
 231 0024 00000000 		.4byte	0
 232              		.section	.debug_ranges,"",%progbits
 233              	.Ldebug_ranges0:
 234 0000 00000000 		.4byte	.LFB0
 235 0004 02000000 		.4byte	.LFE0
 236 0008 00000000 		.4byte	.LFB1
 237 000c 02000000 		.4byte	.LFE1
 238 0010 00000000 		.4byte	0
 239 0014 00000000 		.4byte	0
 240              		.section	.debug_line,"",%progbits
 241              	.Ldebug_line0:
 242 0000 6E000000 		.section	.debug_str,"MS",%progbits,1
 242      02004300 
 242      00000201 
 242      FB0E0D00 
 242      01010101 
 243              	.LASF6:
 244 0000 6C6F6E67 		.ascii	"long long int\000"
 244      206C6F6E 
 244      6720696E 
 244      7400
 245              	.LASF8:
 246 000e 756E7369 		.ascii	"unsigned int\000"
 246      676E6564 
 246      20696E74 
 246      00
 247              	.LASF14:
 248 001b 474C4344 		.ascii	"GLCD_1_SPIM_UDB_TX_ISR\000"
 248      5F315F53 
 248      50494D5F 
 248      5544425F 
 248      54585F49 
 249              	.LASF5:
 250 0032 6C6F6E67 		.ascii	"long unsigned int\000"
 250      20756E73 
 250      69676E65 
 250      6420696E 
 250      7400
 251              	.LASF15:
ARM GAS  C:\Users\sur\AppData\Local\Temp\cc5nnZmV.s 			page 9


 252 0044 474C4344 		.ascii	"GLCD_1_SPIM_UDB_RX_ISR\000"
 252      5F315F53 
 252      50494D5F 
 252      5544425F 
 252      52585F49 
 253              	.LASF7:
 254 005b 6C6F6E67 		.ascii	"long long unsigned int\000"
 254      206C6F6E 
 254      6720756E 
 254      7369676E 
 254      65642069 
 255              	.LASF17:
 256 0072 47656E65 		.ascii	"Generated_Source\\PSoC4\\GLCD_1_SPIM_UDB_INT.c\000"
 256      72617465 
 256      645F536F 
 256      75726365 
 256      5C50536F 
 257              	.LASF9:
 258 009f 666C6F61 		.ascii	"float\000"
 258      7400
 259              	.LASF11:
 260 00a5 63686172 		.ascii	"char\000"
 260      00
 261              	.LASF1:
 262 00aa 756E7369 		.ascii	"unsigned char\000"
 262      676E6564 
 262      20636861 
 262      7200
 263              	.LASF18:
 264 00b8 433A5C55 		.ascii	"C:\\Users\\sur\\Documents\\PSoC Creator\\StarBlaste"
 264      73657273 
 264      5C737572 
 264      5C446F63 
 264      756D656E 
 265 00e6 725C5374 		.ascii	"r\\StarBlaster.cydsn\000"
 265      6172426C 
 265      61737465 
 265      722E6379 
 265      64736E00 
 266              	.LASF4:
 267 00fa 6C6F6E67 		.ascii	"long int\000"
 267      20696E74 
 267      00
 268              	.LASF10:
 269 0103 646F7562 		.ascii	"double\000"
 269      6C6500
 270              	.LASF16:
 271 010a 474E5520 		.ascii	"GNU C11 5.4.1 20160609 (release) [ARM/embedded-5-br"
 271      43313120 
 271      352E342E 
 271      31203230 
 271      31363036 
 272 013d 616E6368 		.ascii	"anch revision 237715] -mcpu=cortex-m0 -mthumb -g -O"
 272      20726576 
 272      6973696F 
 272      6E203233 
 272      37373135 
ARM GAS  C:\Users\sur\AppData\Local\Temp\cc5nnZmV.s 			page 10


 273 0170 67202D66 		.ascii	"g -ffunction-sections -ffat-lto-objects\000"
 273      66756E63 
 273      74696F6E 
 273      2D736563 
 273      74696F6E 
 274              	.LASF3:
 275 0198 73686F72 		.ascii	"short unsigned int\000"
 275      7420756E 
 275      7369676E 
 275      65642069 
 275      6E7400
 276              	.LASF0:
 277 01ab 7369676E 		.ascii	"signed char\000"
 277      65642063 
 277      68617200 
 278              	.LASF12:
 279 01b7 6C6F6E67 		.ascii	"long double\000"
 279      20646F75 
 279      626C6500 
 280              	.LASF2:
 281 01c3 73686F72 		.ascii	"short int\000"
 281      7420696E 
 281      7400
 282              	.LASF13:
 283 01cd 73697A65 		.ascii	"sizetype\000"
 283      74797065 
 283      00
 284              		.ident	"GCC: (GNU Tools for ARM Embedded Processors) 5.4.1 20160609 (release) [ARM/embedded-5-bran
